#
# A fatal error has been detected by the Java Runtime Environment:
#
#  SIGSEGV (0xb) at pc=0x00007f1151069a7a, pid=47700, tid=0x00007f1145bb2700
#
# JRE version: Java(TM) SE Runtime Environment (8.0_152-b16) (build 1.8.0_152-b16)
# Java VM: Java HotSpot(TM) 64-Bit Server VM (25.152-b16 mixed mode linux-amd64 compressed oops)
# Problematic frame:
# v  ~BufferBlob::jni_fast_GetLongField
#
# Failed to write core dump. Core dumps have been disabled. To enable core dumping, try "ulimit -c unlimited" before starting Java again
#
# If you would like to submit a bug report, please visit:
#   http://bugreport.java.com/bugreport/crash.jsp
# The crash happened outside the Java Virtual Machine in native code.
# See problematic frame for where to report the bug.
#

---------------  T H R E A D  ---------------

Current thread (0x00007f1160347800):  JavaThread "AWT-XAWT" daemon [_thread_in_native, id=47772, stack(0x00007f1145ab2000,0x00007f1145bb3000)]

siginfo: si_signo: 11 (SIGSEGV), si_code: 1 (SEGV_MAPERR), si_addr: 0x0000000000000000

Registers:
RAX=0x00007f11672cf400, RBX=0x00007f11603479f8, RCX=0x00007f11672aa1a0, RDX=0x0000000000000042
RSP=0x00007f1145bb15b8, RBP=0x00007f1145bb15e0, RSI=0x0000000000000000, RDI=0x00007f11603479f8
R8 =0x00007f1160347800, R9 =0x0000000000000000, R10=0x000000000000000c, R11=0x00007f1166d0af50
R12=0x0000000000000000, R13=0x0000000000000000, R14=0x00007f11469b1820, R15=0x00007f1160347800
RIP=0x00007f1151069a7a, EFLAGS=0x0000000000010246, CSGSFS=0x002b000000000033, ERR=0x0000000000000004
  TRAPNO=0x000000000000000e

Top of Stack: (sp=0x00007f1145bb15b8)
0x00007f1145bb15b8:   00007f1146790051 00007f114fb49330
0x00007f1145bb15c8:   0000000000000000 00007f114fb49330
0x00007f1145bb15d8:   00007f1145bb16c8 00007f108c00a070
0x00007f1145bb15e8:   00007f1146681f4d 00007f114fb49330
0x00007f1145bb15f8:   00007f1145bb1620 0000000000000000
0x00007f1145bb1608:   00007f1146679973 00007f114fb49330
0x00007f1145bb1618:   00007f114678928f 00007f1145bb1690
0x00007f1145bb1628:   00007f1151017a34 00007f1145bb1710
0x00007f1145bb1638:   00007f115147a494 00007f1145bb1710
0x00007f1145bb1648:   00007f115146506c 00007f1145bb1650
0x00007f1145bb1658:   0000000000000000 00007f1145bb16c8
0x00007f1145bb1668:   00007f114fb4d9c0 0000000000000000
0x00007f1145bb1678:   00007f114fb49330 0000000000000000
0x00007f1145bb1688:   00007f1145bb16b0 00007f1145bb1710
0x00007f1145bb1698:   00007f1151007a90 000000071a397f90
0x00007f1145bb16a8:   00007f1151011520 0000000000000000
0x00007f1145bb16b8:   00007f1145bb1710 00007f108c003170
0x00007f1145bb16c8:   000000071a60f8a0 00007f1145bb16d0
0x00007f1145bb16d8:   00007f114fb0d56c 00007f1145bb1758
0x00007f1145bb16e8:   00007f114fb25c28 0000000000000000
0x00007f1145bb16f8:   00007f114fb0d6a8 00007f1145bb16b0
0x00007f1145bb1708:   00007f1145bb1750 00007f1145bb17a0
0x00007f1145bb1718:   00007f11510082bd 0000000000000000
0x00007f1145bb1728:   000000071b39d9a0 000000071a892b60
0x00007f1145bb1738:   0000000000000000 0000000000000000
0x00007f1145bb1748:   000000071a60f8a0 0000000000000000
0x00007f1145bb1758:   000000071a3cfa70 00007f1145bb1760
0x00007f1145bb1768:   00007f114fb0d3ad 00007f1145bb17b0
0x00007f1145bb1778:   00007f114fb25c28 0000000000000000
0x00007f1145bb1788:   00007f114fb0d3b8 00007f1145bb1750
0x00007f1145bb1798:   00007f1145bb17b0 00007f1145bb17f8
0x00007f1145bb17a8:   00007f1151008302 000000071a3cfa70 

Instructions: (pc=0x00007f1151069a7a)
0x00007f1151069a5a:   00 00 00 00 00 00 44 8b 15 a1 54 2a 16 4c 8b ce
0x00007f1151069a6a:   41 f6 c2 01 0f 85 2e 00 00 00 4d 33 ca 4d 33 ca
0x00007f1151069a7a:   4d 8b 09 4c 8b da 49 c1 eb 02 4b 8b 04 19 49 bb
0x00007f1151069a8a:   08 ef 30 67 11 7f 00 00 4c 33 d8 4c 33 d8 45 3b 

Register to memory mapping:

RAX=0x00007f11672cf400: <offset 0xf90400> in /usr/local/MATLAB/R2018b/sys/java/jre/glnxa64/jre/lib/amd64/server/libjvm.so at 0x00007f116633f000
RBX=0x00007f11603479f8 is an unknown value
RCX=0x00007f11672aa1a0: <offset 0xf6b1a0> in /usr/local/MATLAB/R2018b/sys/java/jre/glnxa64/jre/lib/amd64/server/libjvm.so at 0x00007f116633f000
RDX=0x0000000000000042 is an unknown value
RSP=0x00007f1145bb15b8 is pointing into the stack for thread: 0x00007f1160347800
RBP=0x00007f1145bb15e0 is pointing into the stack for thread: 0x00007f1160347800
RSI=0x0000000000000000 is an unknown value
RDI=0x00007f11603479f8 is an unknown value
R8 =0x00007f1160347800 is a thread
R9 =0x0000000000000000 is an unknown value
R10=0x000000000000000c is an unknown value
R11=0x00007f1166d0af50: <offset 0x9cbf50> in /usr/local/MATLAB/R2018b/sys/java/jre/glnxa64/jre/lib/amd64/server/libjvm.so at 0x00007f116633f000
R12=0x0000000000000000 is an unknown value
R13=0x0000000000000000 is an unknown value
R14=0x00007f11469b1820: <offset 0x258820> in /usr/local/MATLAB/R2018b/sys/java/jre/glnxa64/jre/lib/amd64/libawt_xawt.so at 0x00007f1146759000
R15=0x00007f1160347800 is a thread


Stack: [0x00007f1145ab2000,0x00007f1145bb3000],  sp=0x00007f1145bb15b8,  free space=1021k
Native frames: (J=compiled Java code, j=interpreted, Vv=VM code, C=native code)
v  ~BufferBlob::jni_fast_GetLongField
C  [libX11.so.6+0x65f4d]  _XimServerDestroy+0x4d

Java frames: (J=compiled Java code, j=interpreted, Vv=VM code)
j  sun.awt.X11.XlibWrapper.XFilterEvent(JJ)Z+0
j  sun.awt.X11.XToolkit.run(Z)V+300
j  sun.awt.X11.XToolkit.run()V+5
j  java.lang.Thread.run()V+11
v  ~StubRoutines::call_stub

---------------  P R O C E S S  ---------------

Java Threads: ( => current thread )
  0x00007f108411c000 JavaThread "Timer-0" daemon [_thread_blocked, id=47783, stack(0x00007f1144b05000,0x00007f1144c06000)]
  0x00007f1084096800 JavaThread "TimerQueue" daemon [_thread_blocked, id=47782, stack(0x00007f1144e06000,0x00007f1144f07000)]
  0x00007f108403c000 JavaThread "Image Fetcher 0" daemon [_thread_blocked, id=47775, stack(0x00007f11457af000,0x00007f11458b0000)]
  0x00007f116000b800 JavaThread "DestroyJavaVM" [_thread_blocked, id=47701, stack(0x00007f11660f0000,0x00007f11661f0000)]
  0x00007f116034b800 JavaThread "AWT-EventQueue-0" [_thread_blocked, id=47774, stack(0x00007f11458b0000,0x00007f11459b1000)]
  0x00007f1160349800 JavaThread "AWT-Shutdown" [_thread_blocked, id=47773, stack(0x00007f11459b1000,0x00007f1145ab2000)]
=>0x00007f1160347800 JavaThread "AWT-XAWT" daemon [_thread_in_native, id=47772, stack(0x00007f1145ab2000,0x00007f1145bb3000)]
  0x00007f1160329800 JavaThread "Java2D Disposer" daemon [_thread_blocked, id=47769, stack(0x00007f1145bdc000,0x00007f1145cdd000)]
  0x00007f11600e6000 JavaThread "Service Thread" daemon [_thread_blocked, id=47731, stack(0x00007f1146d85000,0x00007f1146e86000)]
  0x00007f11600e3000 JavaThread "C1 CompilerThread11" daemon [_thread_blocked, id=47730, stack(0x00007f1146e87000,0x00007f1146f87000)]
  0x00007f11600e1000 JavaThread "C1 CompilerThread10" daemon [_thread_blocked, id=47729, stack(0x00007f1146f88000,0x00007f1147088000)]
  0x00007f11600df000 JavaThread "C1 CompilerThread9" daemon [_thread_blocked, id=47728, stack(0x00007f1147089000,0x00007f1147189000)]
  0x00007f11600dd000 JavaThread "C1 CompilerThread8" daemon [_thread_blocked, id=47727, stack(0x00007f114718a000,0x00007f114728a000)]
  0x00007f11600db000 JavaThread "C2 CompilerThread7" daemon [_thread_blocked, id=47726, stack(0x00007f114728b000,0x00007f114738b000)]
  0x00007f11600d9800 JavaThread "C2 CompilerThread6" daemon [_thread_blocked, id=47725, stack(0x00007f114738c000,0x00007f114748c000)]
  0x00007f11600d7000 JavaThread "C2 CompilerThread5" daemon [_thread_blocked, id=47724, stack(0x00007f114748d000,0x00007f114758d000)]
  0x00007f11600d5000 JavaThread "C2 CompilerThread4" daemon [_thread_blocked, id=47723, stack(0x00007f114758e000,0x00007f114768e000)]
  0x00007f11600d3000 JavaThread "C2 CompilerThread3" daemon [_thread_blocked, id=47722, stack(0x00007f114768f000,0x00007f114778f000)]
  0x00007f11600d1000 JavaThread "C2 CompilerThread2" daemon [_thread_blocked, id=47721, stack(0x00007f114c0b8000,0x00007f114c1b8000)]
  0x00007f11600cf000 JavaThread "C2 CompilerThread1" daemon [_thread_blocked, id=47720, stack(0x00007f114c1b9000,0x00007f114c2b9000)]
  0x00007f11600cc000 JavaThread "C2 CompilerThread0" daemon [_thread_blocked, id=47719, stack(0x00007f114c2ba000,0x00007f114c3ba000)]
  0x00007f11600ca800 JavaThread "Signal Dispatcher" daemon [_thread_blocked, id=47718, stack(0x00007f114c3ba000,0x00007f114c4bb000)]
  0x00007f1160097800 JavaThread "Finalizer" daemon [_thread_blocked, id=47717, stack(0x00007f114c4bb000,0x00007f114c5bc000)]
  0x00007f1160093000 JavaThread "Reference Handler" daemon [_thread_blocked, id=47716, stack(0x00007f114c5bc000,0x00007f114c6bd000)]

Other Threads:
  0x00007f116008b000 VMThread [stack: 0x00007f114c6be000,0x00007f114c7be000] [id=47715]
  0x00007f11600eb000 WatcherThread [stack: 0x00007f1146c85000,0x00007f1146d85000] [id=47732]

VM state:not at safepoint (normal execution)

VM Mutex/Monitor currently owned by a thread: None

Heap:
 PSYoungGen      total 149504K, used 30844K [0x0000000719700000, 0x0000000723d80000, 0x00000007c0000000)
  eden space 128512K, 24% used [0x0000000719700000,0x000000071b51f088,0x0000000721480000)
  from space 20992K, 0% used [0x0000000722900000,0x0000000722900000,0x0000000723d80000)
  to   space 20992K, 0% used [0x0000000721480000,0x0000000721480000,0x0000000722900000)
 ParOldGen       total 341504K, used 0K [0x00000005cc400000, 0x00000005e1180000, 0x0000000719700000)
  object space 341504K, 0% used [0x00000005cc400000,0x00000005cc400000,0x00000005e1180000)
 Metaspace       used 14566K, capacity 14696K, committed 14976K, reserved 1062912K
  class space    used 1762K, capacity 1824K, committed 1920K, reserved 1048576K

Card table byte_map: [0x00007f1164706000,0x00007f11656a5000] byte_map_base: 0x00007f11618a4000

Marking Bits: (ParMarkBitMap*) 0x00007f116730e1a0
 Begin Bits: [0x00007f11104af000, 0x00007f111819f000)
 End Bits:   [0x00007f111819f000, 0x00007f111fe8f000)

Polling page: 0x00007f11677b0000

CodeCache: size=245760Kb used=4714Kb max_used=4729Kb free=241045Kb
 bounds [0x00007f1151000000, 0x00007f11514b0000, 0x00007f1160000000]
 total_blobs=1447 nmethods=866 adapters=492
 compilation: enabled

Compilation events (10 events):
Event: 0.227 Thread 0x00007f11600e1000 nmethod 861 0x00007f11514953d0 code [0x00007f1151495520, 0x00007f1151495630]
Event: 0.227 Thread 0x00007f11600e3000  862       3       sun.awt.X11.XPropertyEvent::get_atom (20 bytes)
Event: 0.227 Thread 0x00007f11600e3000 nmethod 862 0x00007f1151495690 code [0x00007f1151495820, 0x00007f1151495c08]
Event: 0.228 Thread 0x00007f11600dd000  863       3       java.awt.Component::getForeground (29 bytes)
Event: 0.228 Thread 0x00007f11600df000  864       3       java.awt.font.FontRenderContext::equals (127 bytes)
Event: 0.229 Thread 0x00007f11600dd000 nmethod 863 0x00007f11514961d0 code [0x00007f1151496360, 0x00007f11514967a8]
Event: 0.229 Thread 0x00007f11600cc000  865       4       java.util.HashMap::get (23 bytes)
Event: 0.229 Thread 0x00007f11600df000 nmethod 864 0x00007f11514968d0 code [0x00007f1151496b80, 0x00007f1151497ed8]
Event: 0.230 Thread 0x00007f11600cc000 nmethod 865 0x00007f115149b350 code [0x00007f115149b4c0, 0x00007f115149b7f8]
Event: 0.235 Thread 0x00007f11600d9800 nmethod 853 0x00007f115149e550 code [0x00007f115149e7a0, 0x00007f115149fa28]

GC Heap History (0 events):
No events

Deoptimization events (4 events):
Event: 0.161 Thread 0x00007f116034b800 Uncommon trap: reason=class_check action=maybe_recompile pc=0x00007f11512c5048 method=java.lang.String.equals(Ljava/lang/Object;)Z @ 8
Event: 0.161 Thread 0x00007f116034b800 Uncommon trap: reason=class_check action=maybe_recompile pc=0x00007f11512c5048 method=java.lang.String.equals(Ljava/lang/Object;)Z @ 8
Event: 0.162 Thread 0x00007f116034b800 Uncommon trap: reason=class_check action=maybe_recompile pc=0x00007f11512c5048 method=java.lang.String.equals(Ljava/lang/Object;)Z @ 8
Event: 0.162 Thread 0x00007f116034b800 Uncommon trap: reason=class_check action=maybe_recompile pc=0x00007f11512c5048 method=java.lang.String.equals(Ljava/lang/Object;)Z @ 8

Classes redefined (0 events):
No events

Internal exceptions (10 events):
Event: 0.044 Thread 0x00007f116000b800 Exception <a 'java/security/PrivilegedActionException'> (0x00000007197d1a08) thrown at [/HUDSON/workspace/8-2-build-linux-amd64/jdk8u152/9742/hotspot/src/share/vm/prims/jvm.cpp, line 1390]
Event: 0.044 Thread 0x00007f116000b800 Exception <a 'java/security/PrivilegedActionException'> (0x00000007197d1c18) thrown at [/HUDSON/workspace/8-2-build-linux-amd64/jdk8u152/9742/hotspot/src/share/vm/prims/jvm.cpp, line 1390]
Event: 0.044 Thread 0x00007f116000b800 Exception <a 'java/security/PrivilegedActionException'> (0x00000007197d47e0) thrown at [/HUDSON/workspace/8-2-build-linux-amd64/jdk8u152/9742/hotspot/src/share/vm/prims/jvm.cpp, line 1390]
Event: 0.044 Thread 0x00007f116000b800 Exception <a 'java/security/PrivilegedActionException'> (0x00000007197d49f0) thrown at [/HUDSON/workspace/8-2-build-linux-amd64/jdk8u152/9742/hotspot/src/share/vm/prims/jvm.cpp, line 1390]
Event: 0.060 Thread 0x00007f116000b800 Exception <a 'java/lang/NoSuchFieldError': method resolution failed> (0x00000007198a0d10) thrown at [/HUDSON/workspace/8-2-build-linux-amd64/jdk8u152/9742/hotspot/src/share/vm/prims/methodHandles.cpp, line 1167]
Event: 0.061 Thread 0x00007f116000b800 Exception <a 'java/lang/NoSuchFieldError': method resolution failed> (0x00000007198ae430) thrown at [/HUDSON/workspace/8-2-build-linux-amd64/jdk8u152/9742/hotspot/src/share/vm/prims/methodHandles.cpp, line 1167]
Event: 0.068 Thread 0x00007f116000b800 Exception <a 'java/io/FileNotFoundException'> (0x000000071992f750) thrown at [/HUDSON/workspace/8-2-build-linux-amd64/jdk8u152/9742/hotspot/src/share/vm/prims/jni.cpp, line 709]
Event: 0.068 Thread 0x00007f116000b800 Exception <a 'java/io/FileNotFoundException'> (0x00000007199301d8) thrown at [/HUDSON/workspace/8-2-build-linux-amd64/jdk8u152/9742/hotspot/src/share/vm/prims/jni.cpp, line 709]
Event: 0.074 Thread 0x00007f116000b800 Exception <a 'java/security/PrivilegedActionException'> (0x000000071996d978) thrown at [/HUDSON/workspace/8-2-build-linux-amd64/jdk8u152/9742/hotspot/src/share/vm/prims/jvm.cpp, line 1390]
Event: 0.074 Thread 0x00007f116000b800 Exception <a 'java/security/PrivilegedActionException'> (0x000000071996db88) thrown at [/HUDSON/workspace/8-2-build-linux-amd64/jdk8u152/9742/hotspot/src/share/vm/prims/jvm.cpp, line 1390]

Events (10 events):
Event: 0.228 loading class java/text/AttributedString
Event: 0.228 loading class java/text/AttributedString done
Event: 0.228 loading class java/text/AttributedString$AttributedStringIterator
Event: 0.228 loading class java/text/AttributedCharacterIterator
Event: 0.228 loading class java/text/AttributedCharacterIterator done
Event: 0.228 loading class java/text/AttributedString$AttributedStringIterator done
Event: 0.997 loading class sun/awt/X11/XkbEvent
Event: 0.997 loading class sun/awt/X11/XkbEvent done
Event: 0.997 loading class sun/awt/X11/XkbAnyEvent
Event: 0.997 loading class sun/awt/X11/XkbAnyEvent done


Dynamic libraries:
00400000-00401000 r-xp 00000000 103:02 70517589                          /usr/local/MATLAB/R2018b/sys/java/jre/glnxa64/jre/bin/java
00600000-00601000 rw-p 00000000 103:02 70517589                          /usr/local/MATLAB/R2018b/sys/java/jre/glnxa64/jre/bin/java
00f44000-00f65000 rw-p 00000000 00:00 0                                  [heap]
5cc400000-5e1180000 rw-p 00000000 00:00 0 
5e1180000-719700000 ---p 00000000 00:00 0 
719700000-723d80000 rw-p 00000000 00:00 0 
723d80000-7c0000000 ---p 00000000 00:00 0 
7c0000000-7c01e0000 rw-p 00000000 00:00 0 
7c01e0000-800000000 ---p 00000000 00:00 0 
7f107c000000-7f107c021000 rw-p 00000000 00:00 0 
7f107c021000-7f1080000000 ---p 00000000 00:00 0 
7f1080000000-7f1080021000 rw-p 00000000 00:00 0 
7f1080021000-7f1084000000 ---p 00000000 00:00 0 
7f1084000000-7f10843d7000 rw-p 00000000 00:00 0 
7f10843d7000-7f1088000000 ---p 00000000 00:00 0 
7f1088000000-7f108802a000 rw-p 00000000 00:00 0 
7f108802a000-7f108c000000 ---p 00000000 00:00 0 
7f108c000000-7f108c02d000 rw-p 00000000 00:00 0 
7f108c02d000-7f1090000000 ---p 00000000 00:00 0 
7f1090000000-7f1090021000 rw-p 00000000 00:00 0 
7f1090021000-7f1094000000 ---p 00000000 00:00 0 
7f1094000000-7f1094021000 rw-p 00000000 00:00 0 
7f1094021000-7f1098000000 ---p 00000000 00:00 0 
7f1098000000-7f1098021000 rw-p 00000000 00:00 0 
7f1098021000-7f109c000000 ---p 00000000 00:00 0 
7f109c000000-7f109c0e9000 rw-p 00000000 00:00 0 
7f109c0e9000-7f10a0000000 ---p 00000000 00:00 0 
7f10a0000000-7f10a0021000 rw-p 00000000 00:00 0 
7f10a0021000-7f10a4000000 ---p 00000000 00:00 0 
7f10a4000000-7f10a40d0000 rw-p 00000000 00:00 0 
7f10a40d0000-7f10a8000000 ---p 00000000 00:00 0 
7f10a8000000-7f10a80a7000 rw-p 00000000 00:00 0 
7f10a80a7000-7f10ac000000 ---p 00000000 00:00 0 
7f10ac000000-7f10ac03a000 rw-p 00000000 00:00 0 
7f10ac03a000-7f10b0000000 ---p 00000000 00:00 0 
7f10b0000000-7f10b00e4000 rw-p 00000000 00:00 0 
7f10b00e4000-7f10b4000000 ---p 00000000 00:00 0 
7f10b4000000-7f10b4021000 rw-p 00000000 00:00 0 
7f10b4021000-7f10b8000000 ---p 00000000 00:00 0 
7f10b8000000-7f10b80d5000 rw-p 00000000 00:00 0 
7f10b80d5000-7f10bc000000 ---p 00000000 00:00 0 
7f10bc000000-7f10bc021000 rw-p 00000000 00:00 0 
7f10bc021000-7f10c0000000 ---p 00000000 00:00 0 
7f10c0000000-7f10c0073000 rw-p 00000000 00:00 0 
7f10c0073000-7f10c4000000 ---p 00000000 00:00 0 
7f10c4000000-7f10c4021000 rw-p 00000000 00:00 0 
7f10c4021000-7f10c8000000 ---p 00000000 00:00 0 
7f10c8000000-7f10c8021000 rw-p 00000000 00:00 0 
7f10c8021000-7f10cc000000 ---p 00000000 00:00 0 
7f10cc000000-7f10cc021000 rw-p 00000000 00:00 0 
7f10cc021000-7f10d0000000 ---p 00000000 00:00 0 
7f10d0000000-7f10d0083000 rw-p 00000000 00:00 0 
7f10d0083000-7f10d4000000 ---p 00000000 00:00 0 
7f10d4000000-7f10d4021000 rw-p 00000000 00:00 0 
7f10d4021000-7f10d8000000 ---p 00000000 00:00 0 
7f10d8000000-7f10d8021000 rw-p 00000000 00:00 0 
7f10d8021000-7f10dc000000 ---p 00000000 00:00 0 
7f10dc000000-7f10dc021000 rw-p 00000000 00:00 0 
7f10dc021000-7f10e0000000 ---p 00000000 00:00 0 
7f10e0000000-7f10e0021000 rw-p 00000000 00:00 0 
7f10e0021000-7f10e4000000 ---p 00000000 00:00 0 
7f10e4000000-7f10e4021000 rw-p 00000000 00:00 0 
7f10e4021000-7f10e8000000 ---p 00000000 00:00 0 
7f10ec000000-7f10ec021000 rw-p 00000000 00:00 0 
7f10ec021000-7f10f0000000 ---p 00000000 00:00 0 
7f10f4000000-7f10f4021000 rw-p 00000000 00:00 0 
7f10f4021000-7f10f8000000 ---p 00000000 00:00 0 
7f10fc000000-7f10fc021000 rw-p 00000000 00:00 0 
7f10fc021000-7f1100000000 ---p 00000000 00:00 0 
7f1104000000-7f1104021000 rw-p 00000000 00:00 0 
7f1104021000-7f1108000000 ---p 00000000 00:00 0 
7f110c000000-7f110c021000 rw-p 00000000 00:00 0 
7f110c021000-7f1110000000 ---p 00000000 00:00 0 
7f11104af000-7f111fe8f000 rw-p 00000000 00:00 0 
7f1120000000-7f1120021000 rw-p 00000000 00:00 0 
7f1120021000-7f1124000000 ---p 00000000 00:00 0 
7f1126ef1000-7f1127e8f000 rw-p 00000000 00:00 0 
7f1128000000-7f1128021000 rw-p 00000000 00:00 0 
7f1128021000-7f112c000000 ---p 00000000 00:00 0 
7f1130000000-7f1130021000 rw-p 00000000 00:00 0 
7f1130021000-7f1134000000 ---p 00000000 00:00 0 
7f1138000000-7f1138021000 rw-p 00000000 00:00 0 
7f1138021000-7f113c000000 ---p 00000000 00:00 0 
7f113cfff000-7f1140000000 rw-p 00000000 00:00 0 
7f1140000000-7f1140021000 rw-p 00000000 00:00 0 
7f1140021000-7f1144000000 ---p 00000000 00:00 0 
7f1144902000-7f1144905000 rw-s 00000000 00:01 65537                      /SYSV00000000 (deleted)
7f1144905000-7f11449c5000 rw-p 00000000 00:00 0 
7f11449c5000-7f1144b05000 ---p 00000000 00:00 0 
7f1144b05000-7f1144b08000 ---p 00000000 00:00 0 
7f1144b08000-7f1144e06000 rw-p 00000000 00:00 0 
7f1144e06000-7f1144e09000 ---p 00000000 00:00 0 
7f1144e09000-7f1144f07000 rw-p 00000000 00:00 0 
7f1144f07000-7f1144f71000 r-xp 00000000 103:02 70517778                  /usr/local/MATLAB/R2018b/sys/java/jre/glnxa64/jre/lib/amd64/libt2k.so
7f1144f71000-7f1145170000 ---p 0006a000 103:02 70517778                  /usr/local/MATLAB/R2018b/sys/java/jre/glnxa64/jre/lib/amd64/libt2k.so
7f1145170000-7f1145177000 rw-p 00069000 103:02 70517778                  /usr/local/MATLAB/R2018b/sys/java/jre/glnxa64/jre/lib/amd64/libt2k.so
7f1145177000-7f1145187000 rw-p 00000000 00:00 0 
7f1145187000-7f1145198000 r-xp 00000000 103:02 70517816                  /usr/local/MATLAB/R2018b/sys/java/jre/glnxa64/jre/lib/amd64/libnio.so
7f1145198000-7f1145397000 ---p 00011000 103:02 70517816                  /usr/local/MATLAB/R2018b/sys/java/jre/glnxa64/jre/lib/amd64/libnio.so
7f1145397000-7f1145398000 rw-p 00010000 103:02 70517816                  /usr/local/MATLAB/R2018b/sys/java/jre/glnxa64/jre/lib/amd64/libnio.so
7f1145398000-7f11453ae000 r-xp 00000000 103:02 70517829                  /usr/local/MATLAB/R2018b/sys/java/jre/glnxa64/jre/lib/amd64/libnet.so
7f11453ae000-7f11455ae000 ---p 00016000 103:02 70517829                  /usr/local/MATLAB/R2018b/sys/java/jre/glnxa64/jre/lib/amd64/libnet.so
7f11455ae000-7f11455af000 rw-p 00016000 103:02 70517829                  /usr/local/MATLAB/R2018b/sys/java/jre/glnxa64/jre/lib/amd64/libnet.so
7f11455af000-7f11457af000 rw-p 00000000 00:00 0 
7f11457af000-7f11457b2000 ---p 00000000 00:00 0 
7f11457b2000-7f11458b0000 rw-p 00000000 00:00 0 
7f11458b0000-7f11458b3000 ---p 00000000 00:00 0 
7f11458b3000-7f11459b1000 rw-p 00000000 00:00 0 
7f11459b1000-7f11459b4000 ---p 00000000 00:00 0 
7f11459b4000-7f1145ab2000 rw-p 00000000 00:00 0 
7f1145ab2000-7f1145ab5000 ---p 00000000 00:00 0 
7f1145ab5000-7f1145bb3000 rw-p 00000000 00:00 0 
7f1145bb3000-7f1145bb5000 r--p 00000000 103:02 70261845                  /usr/lib/x86_64-linux-gnu/libXfixes.so.3.1.0
7f1145bb5000-7f1145bb8000 r-xp 00002000 103:02 70261845                  /usr/lib/x86_64-linux-gnu/libXfixes.so.3.1.0
7f1145bb8000-7f1145bb9000 r--p 00005000 103:02 70261845                  /usr/lib/x86_64-linux-gnu/libXfixes.so.3.1.0
7f1145bb9000-7f1145bba000 r--p 00005000 103:02 70261845                  /usr/lib/x86_64-linux-gnu/libXfixes.so.3.1.0
7f1145bba000-7f1145bbb000 rw-p 00006000 103:02 70261845                  /usr/lib/x86_64-linux-gnu/libXfixes.so.3.1.0
7f1145bbb000-7f1145bbe000 r--p 00000000 103:02 70261837                  /usr/lib/x86_64-linux-gnu/libXcursor.so.1.0.2
7f1145bbe000-7f1145bc4000 r-xp 00003000 103:02 70261837                  /usr/lib/x86_64-linux-gnu/libXcursor.so.1.0.2
7f1145bc4000-7f1145bc6000 r--p 00009000 103:02 70261837                  /usr/lib/x86_64-linux-gnu/libXcursor.so.1.0.2
7f1145bc6000-7f1145bc7000 r--p 0000a000 103:02 70261837                  /usr/lib/x86_64-linux-gnu/libXcursor.so.1.0.2
7f1145bc7000-7f1145bc8000 rw-p 0000b000 103:02 70261837                  /usr/lib/x86_64-linux-gnu/libXcursor.so.1.0.2
7f1145bc9000-7f1145bdc000 r--s 00345000 103:02 70517604                  /usr/local/MATLAB/R2018b/sys/java/jre/glnxa64/jre/lib/resources.jar
7f1145bdc000-7f1145bdf000 ---p 00000000 00:00 0 
7f1145bdf000-7f1145cdd000 rw-p 00000000 00:00 0 
7f1145cdd000-7f1145cf3000 r-xp 00000000 103:02 70389790                  /usr/local/MATLAB/R2018b/sys/os/glnxa64/libgcc_s.so.1
7f1145cf3000-7f1145ef2000 ---p 00016000 103:02 70389790                  /usr/local/MATLAB/R2018b/sys/os/glnxa64/libgcc_s.so.1
7f1145ef2000-7f1145ef3000 r--p 00015000 103:02 70389790                  /usr/local/MATLAB/R2018b/sys/os/glnxa64/libgcc_s.so.1
7f1145ef3000-7f1145ef4000 rw-p 00016000 103:02 70389790                  /usr/local/MATLAB/R2018b/sys/os/glnxa64/libgcc_s.so.1
7f1145ef4000-7f1145f59000 r-xp 00000000 103:02 70517802                  /usr/local/MATLAB/R2018b/sys/java/jre/glnxa64/jre/lib/amd64/libfontmanager.so
7f1145f59000-7f1146158000 ---p 00065000 103:02 70517802                  /usr/local/MATLAB/R2018b/sys/java/jre/glnxa64/jre/lib/amd64/libfontmanager.so
7f1146158000-7f114615d000 rw-p 00064000 103:02 70517802                  /usr/local/MATLAB/R2018b/sys/java/jre/glnxa64/jre/lib/amd64/libfontmanager.so
7f114615d000-7f114616d000 rw-p 00000000 00:00 0 
7f114616d000-7f114616e000 r--s 00000000 103:02 70396179                  /usr/local/MATLAB/R2018b/java/jar/zh_CN/fatalexit_res.jar
7f114616e000-7f114616f000 r--s 00000000 103:02 70523336                  /usr/local/MATLAB/R2018b/java/jar/ja_JP/fatalexit_res.jar
7f114616f000-7f1146173000 r--s 0001f000 103:02 73142638                  /usr/local/MATLAB/R2018b/java/jarext/axis2/XmlSchema.jar
7f1146173000-7f1146179000 r--s 0007a000 103:02 73142637                  /usr/local/MATLAB/R2018b/java/jarext/axis2/wstx-asl.jar
7f1146179000-7f114617e000 r--s 00020000 103:02 73142636                  /usr/local/MATLAB/R2018b/java/jarext/axis2/wsdl4j.jar
7f114617e000-7f1146180000 r--s 00007000 103:02 73142635                  /usr/local/MATLAB/R2018b/java/jarext/axis2/neethi.jar
7f1146180000-7f1146186000 r--s 00059000 103:02 73142634                  /usr/local/MATLAB/R2018b/java/jarext/axis2/mail.jar
7f1146186000-7f114618b000 r--s 00026000 103:02 73142633                  /usr/local/MATLAB/R2018b/java/jarext/axis2/httpcore.jar
7f114618b000-7f114618d000 r--s 00006000 103:02 73142632                  /usr/local/MATLAB/R2018b/java/jarext/axis2/geronimo-stax-api.jar
7f114618d000-7f1146193000 r--s 00045000 103:02 73142631                  /usr/local/MATLAB/R2018b/java/jarext/axis2/commons-httpclient.jar
7f1146193000-7f1146196000 r--s 00023000 103:02 73142629                  /usr/local/MATLAB/R2018b/java/jarext/axis2/axis2-transport-http.jar
7f1146196000-7f11461a3000 r--s 000e8000 103:02 73142628                  /usr/local/MATLAB/R2018b/java/jarext/axis2/axis2-kernel.jar
7f11461a3000-7f11461ae000 r--s 000b4000 103:02 73142627                  /usr/local/MATLAB/R2018b/java/jarext/axis2/axis2-adb.jar
7f11461ae000-7f11461b1000 r--s 0001b000 103:02 73142626                  /usr/local/MATLAB/R2018b/java/jarext/axis2/axiom-impl.jar
7f11461b1000-7f11461ba000 r--s 0005d000 103:02 73142625                  /usr/local/MATLAB/R2018b/java/jarext/axis2/axiom-api.jar
7f11461ba000-7f11461bc000 r--s 0000e000 103:02 73142624                  /usr/local/MATLAB/R2018b/java/jarext/axis2/activation.jar
7f11461bc000-7f11461c4000 r--s 00053000 103:02 70388435                  /usr/local/MATLAB/R2018b/java/jarext/jgoodies-looks.jar
7f11461c4000-7f11461c8000 r--s 00038000 103:02 70389998                  /usr/local/MATLAB/R2018b/java/jarext/commons-lang.jar
7f11461c8000-7f11461cc000 r--p 00000000 103:02 70261997                  /usr/lib/x86_64-linux-gnu/libbsd.so.0.10.0
7f11461cc000-7f11461db000 r-xp 00004000 103:02 70261997                  /usr/lib/x86_64-linux-gnu/libbsd.so.0.10.0
7f11461db000-7f11461de000 r--p 00013000 103:02 70261997                  /usr/lib/x86_64-linux-gnu/libbsd.so.0.10.0
7f11461de000-7f11461df000 ---p 00016000 103:02 70261997                  /usr/lib/x86_64-linux-gnu/libbsd.so.0.10.0
7f11461df000-7f11461e0000 r--p 00016000 103:02 70261997                  /usr/lib/x86_64-linux-gnu/libbsd.so.0.10.0
7f11461e0000-7f11461e1000 rw-p 00017000 103:02 70261997                  /usr/lib/x86_64-linux-gnu/libbsd.so.0.10.0
7f11461e1000-7f11461e2000 rw-p 00000000 00:00 0 
7f11461e2000-7f11461ed000 r--p 00000000 103:02 70263314                  /usr/lib/x86_64-linux-gnu/libxcb.so.1.1.0
7f11461ed000-7f1146201000 r-xp 0000b000 103:02 70263314                  /usr/lib/x86_64-linux-gnu/libxcb.so.1.1.0
7f1146201000-7f114620a000 r--p 0001f000 103:02 70263314                  /usr/lib/x86_64-linux-gnu/libxcb.so.1.1.0
7f114620a000-7f114620b000 r--p 00027000 103:02 70263314                  /usr/lib/x86_64-linux-gnu/libxcb.so.1.1.0
7f114620b000-7f114620c000 rw-p 00028000 103:02 70263314                  /usr/lib/x86_64-linux-gnu/libxcb.so.1.1.0
7f114620c000-7f1146211000 r-xp 00000000 103:02 70261869                  /usr/lib/x86_64-linux-gnu/libXtst.so.6.1.0
7f1146211000-7f1146410000 ---p 00005000 103:02 70261869                  /usr/lib/x86_64-linux-gnu/libXtst.so.6.1.0
7f1146410000-7f1146411000 r--p 00004000 103:02 70261869                  /usr/lib/x86_64-linux-gnu/libXtst.so.6.1.0
7f1146411000-7f1146412000 rw-p 00005000 103:02 70261869                  /usr/lib/x86_64-linux-gnu/libXtst.so.6.1.0
7f1146412000-7f114641b000 r-xp 00000000 103:02 70261863                  /usr/lib/x86_64-linux-gnu/libXrender.so.1.3.0
7f114641b000-7f114661a000 ---p 00009000 103:02 70261863                  /usr/lib/x86_64-linux-gnu/libXrender.so.1.3.0
7f114661a000-7f114661b000 r--p 00008000 103:02 70261863                  /usr/lib/x86_64-linux-gnu/libXrender.so.1.3.0
7f114661b000-7f114661c000 rw-p 00009000 103:02 70261863                  /usr/lib/x86_64-linux-gnu/libXrender.so.1.3.0
7f114661c000-7f1146634000 r--p 00000000 103:02 70261826                  /usr/lib/x86_64-linux-gnu/libX11.so.6.3.0
7f1146634000-7f11466bf000 r-xp 00018000 103:02 70261826                  /usr/lib/x86_64-linux-gnu/libX11.so.6.3.0
7f11466bf000-7f1146753000 r--p 000a3000 103:02 70261826                  /usr/lib/x86_64-linux-gnu/libX11.so.6.3.0
7f1146753000-7f1146754000 ---p 00137000 103:02 70261826                  /usr/lib/x86_64-linux-gnu/libX11.so.6.3.0
7f1146754000-7f1146755000 r--p 00137000 103:02 70261826                  /usr/lib/x86_64-linux-gnu/libX11.so.6.3.0
7f1146755000-7f1146759000 rw-p 00138000 103:02 70261826                  /usr/lib/x86_64-linux-gnu/libX11.so.6.3.0
7f1146759000-7f11467ad000 r-xp 00000000 103:02 70517770                  /usr/local/MATLAB/R2018b/sys/java/jre/glnxa64/jre/lib/amd64/libawt_xawt.so
7f11467ad000-7f11469ad000 ---p 00054000 103:02 70517770                  /usr/local/MATLAB/R2018b/sys/java/jre/glnxa64/jre/lib/amd64/libawt_xawt.so
7f11469ad000-7f11469b1000 rw-p 00054000 103:02 70517770                  /usr/local/MATLAB/R2018b/sys/java/jre/glnxa64/jre/lib/amd64/libawt_xawt.so
7f11469b1000-7f11469b2000 rw-p 00000000 00:00 0 
7f11469b2000-7f1146a54000 r-xp 00000000 103:02 70517800                  /usr/local/MATLAB/R2018b/sys/java/jre/glnxa64/jre/lib/amd64/libawt.so
7f1146a54000-7f1146c54000 ---p 000a2000 103:02 70517800                  /usr/local/MATLAB/R2018b/sys/java/jre/glnxa64/jre/lib/amd64/libawt.so
7f1146c54000-7f1146c60000 rw-p 000a2000 103:02 70517800                  /usr/local/MATLAB/R2018b/sys/java/jre/glnxa64/jre/lib/amd64/libawt.so
7f1146c60000-7f1146c84000 rw-p 00000000 00:00 0 
7f1146c84000-7f1146c85000 ---p 00000000 00:00 0 
7f1146c85000-7f1146d85000 rw-p 00000000 00:00 0 
7f1146d85000-7f1146d88000 ---p 00000000 00:00 0 
7f1146d88000-7f1146e86000 rw-p 00000000 00:00 0 
7f1146e86000-7f1146e87000 ---p 00000000 00:00 0 
7f1146e87000-7f1146e8a000 ---p 00000000 00:00 0 
7f1146e8a000-7f1146f87000 rw-p 00000000 00:00 0 
7f1146f87000-7f1146f88000 ---p 00000000 00:00 0 
7f1146f88000-7f1146f8b000 ---p 00000000 00:00 0 
7f1146f8b000-7f1147088000 rw-p 00000000 00:00 0 
7f1147088000-7f1147089000 ---p 00000000 00:00 0 
7f1147089000-7f114708c000 ---p 00000000 00:00 0 
7f114708c000-7f1147189000 rw-p 00000000 00:00 0 
7f1147189000-7f114718a000 ---p 00000000 00:00 0 
7f114718a000-7f114718d000 ---p 00000000 00:00 0 
7f114718d000-7f114728a000 rw-p 00000000 00:00 0 
7f114728a000-7f114728b000 ---p 00000000 00:00 0 
7f114728b000-7f114728e000 ---p 00000000 00:00 0 
7f114728e000-7f114738b000 rw-p 00000000 00:00 0 
7f114738b000-7f114738c000 ---p 00000000 00:00 0 
7f114738c000-7f114738f000 ---p 00000000 00:00 0 
7f114738f000-7f114748c000 rw-p 00000000 00:00 0 
7f114748c000-7f114748d000 ---p 00000000 00:00 0 
7f114748d000-7f1147490000 ---p 00000000 00:00 0 
7f1147490000-7f114758d000 rw-p 00000000 00:00 0 
7f114758d000-7f114758e000 ---p 00000000 00:00 0 
7f114758e000-7f1147591000 ---p 00000000 00:00 0 
7f1147591000-7f114768e000 rw-p 00000000 00:00 0 
7f114768e000-7f114768f000 ---p 00000000 00:00 0 
7f114768f000-7f1147692000 ---p 00000000 00:00 0 
7f1147692000-7f114778f000 rw-p 00000000 00:00 0 
7f114778f000-7f1148000000 r--p 00000000 103:02 70259143                  /usr/lib/locale/locale-archive
7f1148000000-7f1148021000 rw-p 00000000 00:00 0 
7f1148021000-7f114c000000 ---p 00000000 00:00 0 
7f114c000000-7f114c002000 r--s 0000d000 103:02 70390771                  /usr/local/MATLAB/R2018b/java/jarext/commons-logging.jar
7f114c002000-7f114c006000 r--s 0002a000 103:02 70389080                  /usr/local/MATLAB/R2018b/java/jarext/commons-io.jar
7f114c006000-7f114c008000 r--s 0000a000 103:02 70390591                  /usr/local/MATLAB/R2018b/java/jarext/commons-codec.jar
7f114c008000-7f114c00a000 r--p 00000000 103:02 70261841                  /usr/lib/x86_64-linux-gnu/libXdmcp.so.6.0.0
7f114c00a000-7f114c00c000 r-xp 00002000 103:02 70261841                  /usr/lib/x86_64-linux-gnu/libXdmcp.so.6.0.0
7f114c00c000-7f114c00e000 r--p 00004000 103:02 70261841                  /usr/lib/x86_64-linux-gnu/libXdmcp.so.6.0.0
7f114c00e000-7f114c00f000 r--p 00005000 103:02 70261841                  /usr/lib/x86_64-linux-gnu/libXdmcp.so.6.0.0
7f114c00f000-7f114c010000 rw-p 00006000 103:02 70261841                  /usr/lib/x86_64-linux-gnu/libXdmcp.so.6.0.0
7f114c010000-7f114c012000 r--p 00000000 103:02 70261851                  /usr/lib/x86_64-linux-gnu/libXi.so.6.1.0
7f114c012000-7f114c01d000 r-xp 00002000 103:02 70261851                  /usr/lib/x86_64-linux-gnu/libXi.so.6.1.0
7f114c01d000-7f114c020000 r--p 0000d000 103:02 70261851                  /usr/lib/x86_64-linux-gnu/libXi.so.6.1.0
7f114c020000-7f114c021000 r--p 0000f000 103:02 70261851                  /usr/lib/x86_64-linux-gnu/libXi.so.6.1.0
7f114c021000-7f114c022000 rw-p 00010000 103:02 70261851                  /usr/lib/x86_64-linux-gnu/libXi.so.6.1.0
7f114c022000-7f114c0b7000 r--s 01113000 103:02 70517850                  /usr/local/MATLAB/R2018b/sys/java/jre/glnxa64/jre/lib/ext/jfxrt.jar
7f114c0b7000-7f114c0b8000 ---p 00000000 00:00 0 
7f114c0b8000-7f114c0bb000 ---p 00000000 00:00 0 
7f114c0bb000-7f114c1b8000 rw-p 00000000 00:00 0 
7f114c1b8000-7f114c1b9000 ---p 00000000 00:00 0 
7f114c1b9000-7f114c1bc000 ---p 00000000 00:00 0 
7f114c1bc000-7f114c2b9000 rw-p 00000000 00:00 0 
7f114c2b9000-7f114c2ba000 ---p 00000000 00:00 0 
7f114c2ba000-7f114c2bd000 ---p 00000000 00:00 0 
7f114c2bd000-7f114c3ba000 rw-p 00000000 00:00 0 
7f114c3ba000-7f114c3bd000 ---p 00000000 00:00 0 
7f114c3bd000-7f114c4bb000 rw-p 00000000 00:00 0 
7f114c4bb000-7f114c4be000 ---p 00000000 00:00 0 
7f114c4be000-7f114c5bc000 rw-p 00000000 00:00 0 
7f114c5bc000-7f114c5bf000 ---p 00000000 00:00 0 
7f114c5bf000-7f114c6bd000 rw-p 00000000 00:00 0 
7f114c6bd000-7f114c6be000 ---p 00000000 00:00 0 
7f114c6be000-7f114f3e4000 rw-p 00000000 00:00 0 
7f114f3e4000-7f114f5be000 r--s 03d5f000 103:02 70517624                  /usr/local/MATLAB/R2018b/sys/java/jre/glnxa64/jre/lib/rt.jar
7f114f5be000-7f114fe8f000 rw-p 00000000 00:00 0 
7f114fe8f000-7f114fe90000 ---p 00000000 00:00 0 
7f114fe90000-7f114ff90000 rw-p 00000000 00:00 0 
7f114ff90000-7f114ff91000 ---p 00000000 00:00 0 
7f114ff91000-7f1150091000 rw-p 00000000 00:00 0 
7f1150091000-7f1150092000 ---p 00000000 00:00 0 
7f1150092000-7f1150192000 rw-p 00000000 00:00 0 
7f1150192000-7f1150193000 ---p 00000000 00:00 0 
7f1150193000-7f1150293000 rw-p 00000000 00:00 0 
7f1150293000-7f1150294000 ---p 00000000 00:00 0 
7f1150294000-7f1150394000 rw-p 00000000 00:00 0 
7f1150394000-7f1150395000 ---p 00000000 00:00 0 
7f1150395000-7f1150495000 rw-p 00000000 00:00 0 
7f1150495000-7f1150496000 ---p 00000000 00:00 0 
7f1150496000-7f115063d000 rw-p 00000000 00:00 0 
7f115063d000-7f1151000000 ---p 00000000 00:00 0 
7f1151000000-7f11514b0000 rwxp 00000000 00:00 0 
7f11514b0000-7f1160000000 ---p 00000000 00:00 0 
7f1160000000-7f11604ed000 rw-p 00000000 00:00 0 
7f11604ed000-7f1164000000 ---p 00000000 00:00 0 
7f1164000000-7f1164001000 r--s 00004000 103:02 73142630                  /usr/local/MATLAB/R2018b/java/jarext/axis2/axis2-transport-local.jar
7f1164001000-7f1164002000 r--s 00008000 103:02 70390589                  /usr/local/MATLAB/R2018b/java/jarext/commons-cli.jar
7f1164002000-7f1164005000 r--s 00008000 103:02 73141192                  /usr/local/MATLAB/R2018b/java/jarext/webservices/ws_client_core/mw-service-client-core.jar
7f1164005000-7f1164009000 r--p 00000000 103:02 70261843                  /usr/lib/x86_64-linux-gnu/libXext.so.6.4.0
7f1164009000-7f1164014000 r-xp 00004000 103:02 70261843                  /usr/lib/x86_64-linux-gnu/libXext.so.6.4.0
7f1164014000-7f1164018000 r--p 0000f000 103:02 70261843                  /usr/lib/x86_64-linux-gnu/libXext.so.6.4.0
7f1164018000-7f1164019000 r--p 00012000 103:02 70261843                  /usr/lib/x86_64-linux-gnu/libXext.so.6.4.0
7f1164019000-7f116401a000 rw-p 00013000 103:02 70261843                  /usr/lib/x86_64-linux-gnu/libXext.so.6.4.0
7f116401a000-7f1164100000 rw-p 00000000 00:00 0 
7f1164100000-7f1164101000 ---p 00000000 00:00 0 
7f1164101000-7f1164201000 rw-p 00000000 00:00 0 
7f1164201000-7f1164202000 ---p 00000000 00:00 0 
7f1164202000-7f1164302000 rw-p 00000000 00:00 0 
7f1164302000-7f1164303000 ---p 00000000 00:00 0 
7f1164303000-7f1164403000 rw-p 00000000 00:00 0 
7f1164403000-7f1164404000 ---p 00000000 00:00 0 
7f1164404000-7f1164504000 rw-p 00000000 00:00 0 
7f1164504000-7f1164505000 ---p 00000000 00:00 0 
7f1164505000-7f1164605000 rw-p 00000000 00:00 0 
7f1164605000-7f1164606000 ---p 00000000 00:00 0 
7f1164606000-7f11647ad000 rw-p 00000000 00:00 0 
7f11647ad000-7f116516f000 ---p 00000000 00:00 0 
7f116516f000-7f11651c3000 rw-p 00000000 00:00 0 
7f11651c3000-7f11656a4000 ---p 00000000 00:00 0 
7f11656a4000-7f11656b8000 rw-p 00000000 00:00 0 
7f11656b8000-7f1165a65000 ---p 00000000 00:00 0 
7f1165a65000-7f1165a80000 r-xp 00000000 103:02 70517797                  /usr/local/MATLAB/R2018b/sys/java/jre/glnxa64/jre/lib/amd64/libzip.so
7f1165a80000-7f1165c80000 ---p 0001b000 103:02 70517797                  /usr/local/MATLAB/R2018b/sys/java/jre/glnxa64/jre/lib/amd64/libzip.so
7f1165c80000-7f1165c81000 rw-p 0001b000 103:02 70517797                  /usr/local/MATLAB/R2018b/sys/java/jre/glnxa64/jre/lib/amd64/libzip.so
7f1165c81000-7f1165c84000 r--p 00000000 103:02 70262776                  /usr/lib/x86_64-linux-gnu/libnss_files-2.31.so
7f1165c84000-7f1165c8b000 r-xp 00003000 103:02 70262776                  /usr/lib/x86_64-linux-gnu/libnss_files-2.31.so
7f1165c8b000-7f1165c8d000 r--p 0000a000 103:02 70262776                  /usr/lib/x86_64-linux-gnu/libnss_files-2.31.so
7f1165c8d000-7f1165c8e000 r--p 0000b000 103:02 70262776                  /usr/lib/x86_64-linux-gnu/libnss_files-2.31.so
7f1165c8e000-7f1165c8f000 rw-p 0000c000 103:02 70262776                  /usr/lib/x86_64-linux-gnu/libnss_files-2.31.so
7f1165c8f000-7f1165c95000 rw-p 00000000 00:00 0 
7f1165c95000-7f1165ca2000 r--s 000a7000 103:02 70388452                  /usr/local/MATLAB/R2018b/java/jarext/webservices/urlmanager/urlmanager.jar
7f1165ca2000-7f1165ca4000 r--s 00003000 103:02 70390960                  /usr/local/MATLAB/R2018b/java/jar/webproxy.jar
7f1165ca4000-7f1165ca9000 r--s 00037000 103:02 70390356                  /usr/local/MATLAB/R2018b/java/jar/mlwebservices.jar
7f1165ca9000-7f1165cd4000 r-xp 00000000 103:02 70517796                  /usr/local/MATLAB/R2018b/sys/java/jre/glnxa64/jre/lib/amd64/libjava.so
7f1165cd4000-7f1165ed3000 ---p 0002b000 103:02 70517796                  /usr/local/MATLAB/R2018b/sys/java/jre/glnxa64/jre/lib/amd64/libjava.so
7f1165ed3000-7f1165ed5000 rw-p 0002a000 103:02 70517796                  /usr/local/MATLAB/R2018b/sys/java/jre/glnxa64/jre/lib/amd64/libjava.so
7f1165ed5000-7f1165ee2000 r-xp 00000000 103:02 70517810                  /usr/local/MATLAB/R2018b/sys/java/jre/glnxa64/jre/lib/amd64/libverify.so
7f1165ee2000-7f11660e2000 ---p 0000d000 103:02 70517810                  /usr/local/MATLAB/R2018b/sys/java/jre/glnxa64/jre/lib/amd64/libverify.so
7f11660e2000-7f11660e4000 rw-p 0000d000 103:02 70517810                  /usr/local/MATLAB/R2018b/sys/java/jre/glnxa64/jre/lib/amd64/libverify.so
7f11660e4000-7f11660e7000 r--p 00000000 103:02 70262983                  /usr/lib/x86_64-linux-gnu/librt-2.31.so
7f11660e7000-7f11660eb000 r-xp 00003000 103:02 70262983                  /usr/lib/x86_64-linux-gnu/librt-2.31.so
7f11660eb000-7f11660ec000 r--p 00007000 103:02 70262983                  /usr/lib/x86_64-linux-gnu/librt-2.31.so
7f11660ec000-7f11660ed000 ---p 00008000 103:02 70262983                  /usr/lib/x86_64-linux-gnu/librt-2.31.so
7f11660ed000-7f11660ee000 r--p 00008000 103:02 70262983                  /usr/lib/x86_64-linux-gnu/librt-2.31.so
7f11660ee000-7f11660ef000 rw-p 00009000 103:02 70262983                  /usr/lib/x86_64-linux-gnu/librt-2.31.so
7f11660ef000-7f11660f0000 ---p 00000000 00:00 0 
7f11660f0000-7f11660f3000 ---p 00000000 00:00 0 
7f11660f3000-7f11661f0000 rw-p 00000000 00:00 0 
7f11661f0000-7f11661ff000 r--p 00000000 103:02 70262653                  /usr/lib/x86_64-linux-gnu/libm-2.31.so
7f11661ff000-7f11662a6000 r-xp 0000f000 103:02 70262653                  /usr/lib/x86_64-linux-gnu/libm-2.31.so
7f11662a6000-7f116633d000 r--p 000b6000 103:02 70262653                  /usr/lib/x86_64-linux-gnu/libm-2.31.so
7f116633d000-7f116633e000 r--p 0014c000 103:02 70262653                  /usr/lib/x86_64-linux-gnu/libm-2.31.so
7f116633e000-7f116633f000 rw-p 0014d000 103:02 70262653                  /usr/lib/x86_64-linux-gnu/libm-2.31.so
7f116633f000-7f1167017000 r-xp 00000000 103:02 70517833                  /usr/local/MATLAB/R2018b/sys/java/jre/glnxa64/jre/lib/amd64/server/libjvm.so
7f1167017000-7f1167216000 ---p 00cd8000 103:02 70517833                  /usr/local/MATLAB/R2018b/sys/java/jre/glnxa64/jre/lib/amd64/server/libjvm.so
7f1167216000-7f11672f0000 rw-p 00cd7000 103:02 70517833                  /usr/local/MATLAB/R2018b/sys/java/jre/glnxa64/jre/lib/amd64/server/libjvm.so
7f11672f0000-7f116733d000 rw-p 00000000 00:00 0 
7f116733d000-7f1167362000 r--p 00000000 103:02 70262001                  /usr/lib/x86_64-linux-gnu/libc-2.31.so
7f1167362000-7f11674da000 r-xp 00025000 103:02 70262001                  /usr/lib/x86_64-linux-gnu/libc-2.31.so
7f11674da000-7f1167524000 r--p 0019d000 103:02 70262001                  /usr/lib/x86_64-linux-gnu/libc-2.31.so
7f1167524000-7f1167525000 ---p 001e7000 103:02 70262001                  /usr/lib/x86_64-linux-gnu/libc-2.31.so
7f1167525000-7f1167528000 r--p 001e7000 103:02 70262001                  /usr/lib/x86_64-linux-gnu/libc-2.31.so
7f1167528000-7f116752b000 rw-p 001ea000 103:02 70262001                  /usr/lib/x86_64-linux-gnu/libc-2.31.so
7f116752b000-7f116752f000 rw-p 00000000 00:00 0 
7f116752f000-7f1167530000 r--p 00000000 103:02 70262142                  /usr/lib/x86_64-linux-gnu/libdl-2.31.so
7f1167530000-7f1167532000 r-xp 00001000 103:02 70262142                  /usr/lib/x86_64-linux-gnu/libdl-2.31.so
7f1167532000-7f1167533000 r--p 00003000 103:02 70262142                  /usr/lib/x86_64-linux-gnu/libdl-2.31.so
7f1167533000-7f1167534000 r--p 00003000 103:02 70262142                  /usr/lib/x86_64-linux-gnu/libdl-2.31.so
7f1167534000-7f1167535000 rw-p 00004000 103:02 70262142                  /usr/lib/x86_64-linux-gnu/libdl-2.31.so
7f1167535000-7f116754b000 r-xp 00000000 103:02 70517835                  /usr/local/MATLAB/R2018b/sys/java/jre/glnxa64/jre/lib/amd64/jli/libjli.so
7f116754b000-7f116774a000 ---p 00016000 103:02 70517835                  /usr/local/MATLAB/R2018b/sys/java/jre/glnxa64/jre/lib/amd64/jli/libjli.so
7f116774a000-7f116774b000 rw-p 00015000 103:02 70517835                  /usr/local/MATLAB/R2018b/sys/java/jre/glnxa64/jre/lib/amd64/jli/libjli.so
7f116774b000-7f1167752000 r--p 00000000 103:02 70262920                  /usr/lib/x86_64-linux-gnu/libpthread-2.31.so
7f1167752000-7f1167763000 r-xp 00007000 103:02 70262920                  /usr/lib/x86_64-linux-gnu/libpthread-2.31.so
7f1167763000-7f1167768000 r--p 00018000 103:02 70262920                  /usr/lib/x86_64-linux-gnu/libpthread-2.31.so
7f1167768000-7f1167769000 r--p 0001c000 103:02 70262920                  /usr/lib/x86_64-linux-gnu/libpthread-2.31.so
7f1167769000-7f116776a000 rw-p 0001d000 103:02 70262920                  /usr/lib/x86_64-linux-gnu/libpthread-2.31.so
7f116776a000-7f116776e000 rw-p 00000000 00:00 0 
7f116776e000-7f116776f000 r--s 00002000 103:02 73534987                  /usr/local/MATLAB/R2018b/java/jarext/webservices/udc_client/udc_client.jar
7f116776f000-7f1167771000 r--s 00005000 103:02 70395645                  /usr/local/MATLAB/R2018b/java/jar/net.jar
7f1167771000-7f1167772000 r--p 00000000 103:02 70261830                  /usr/lib/x86_64-linux-gnu/libXau.so.6.0.0
7f1167772000-7f1167774000 r-xp 00001000 103:02 70261830                  /usr/lib/x86_64-linux-gnu/libXau.so.6.0.0
7f1167774000-7f1167775000 r--p 00003000 103:02 70261830                  /usr/lib/x86_64-linux-gnu/libXau.so.6.0.0
7f1167775000-7f1167776000 r--p 00003000 103:02 70261830                  /usr/lib/x86_64-linux-gnu/libXau.so.6.0.0
7f1167776000-7f1167777000 rw-p 00004000 103:02 70261830                  /usr/lib/x86_64-linux-gnu/libXau.so.6.0.0
7f1167777000-7f1167779000 r--s 00008000 103:02 70396177                  /usr/local/MATLAB/R2018b/java/jar/fatalexit.jar
7f1167779000-7f1167781000 rw-s 00000000 103:02 22282705                  /tmp/hsperfdata_congchao/47700
7f1167781000-7f1167784000 rw-p 00000000 00:00 0 
7f1167784000-7f1167785000 r--p 00000000 103:02 70261785                  /usr/lib/x86_64-linux-gnu/ld-2.31.so
7f1167785000-7f11677a8000 r-xp 00001000 103:02 70261785                  /usr/lib/x86_64-linux-gnu/ld-2.31.so
7f11677a8000-7f11677b0000 r--p 00024000 103:02 70261785                  /usr/lib/x86_64-linux-gnu/ld-2.31.so
7f11677b0000-7f11677b1000 r--p 00000000 00:00 0 
7f11677b1000-7f11677b2000 r--p 0002c000 103:02 70261785                  /usr/lib/x86_64-linux-gnu/ld-2.31.so
7f11677b2000-7f11677b3000 rw-p 0002d000 103:02 70261785                  /usr/lib/x86_64-linux-gnu/ld-2.31.so
7f11677b3000-7f11677b4000 rw-p 00000000 00:00 0 
7ffeec932000-7ffeec954000 rw-p 00000000 00:00 0                          [stack]
7ffeec9de000-7ffeec9e2000 r--p 00000000 00:00 0                          [vvar]
7ffeec9e2000-7ffeec9e4000 r-xp 00000000 00:00 0                          [vdso]
ffffffffff600000-ffffffffff601000 --xp 00000000 00:00 0                  [vsyscall]

VM Arguments:
java_command: com.mathworks.fatalexit.FatalExitFrame /home/congchao/matlab_crash_dump.6137-1 -segvURL https://udc-service.mathworks.com/udc/service/v1
java_class_path (initial): /usr/local/MATLAB/R2018b/java/jar/fatalexit.jar:/usr/local/MATLAB/R2018b/java/jar/mlwebservices.jar:/usr/local/MATLAB/R2018b/java/jar/net.jar:/usr/local/MATLAB/R2018b/java/jar/webproxy.jar:/usr/local/MATLAB/R2018b/java/jarext/webservices/udc_client/udc_client.jar:/usr/local/MATLAB/R2018b/java/jarext/webservices/urlmanager/urlmanager.jar:/usr/local/MATLAB/R2018b/java/jarext/webservices/ws_client_core/mw-service-client-core.jar:/usr/local/MATLAB/R2018b/java/jarext/commons-cli.jar:/usr/local/MATLAB/R2018b/java/jarext/commons-codec.jar:/usr/local/MATLAB/R2018b/java/jarext/commons-io.jar:/usr/local/MATLAB/R2018b/java/jarext/commons-lang.jar:/usr/local/MATLAB/R2018b/java/jarext/commons-logging.jar:/usr/local/MATLAB/R2018b/java/jarext/jgoodies-looks.jar:/usr/local/MATLAB/R2018b/java/jarext/axis2/activation.jar:/usr/local/MATLAB/R2018b/java/jarext/axis2/axiom-api.jar:/usr/local/MATLAB/R2018b/java/jarext/axis2/axiom-impl.jar:/usr/local/MATLAB/R2018b/java/jarext/axis2/axis2-adb.jar:/usr/local/MATLAB/R2018b/java/jarext/axis2/axis2-kernel.jar:/usr/local/MATLAB/R2018b/java/jarext/axis2/axis2-transport-http.jar:/usr/local/MATLAB/R2018b/java/jarext/axis2/axis2-transport-local.jar:/usr/local/MATLAB/R2018b/java/jarext/axis2/commons-httpclient.jar:/usr/local/MATLAB/R2018b/java/jarext/axis2/geronimo-stax-api.jar:/usr/local/MATLAB/R2018b/java/jarext/axis2/httpcore.jar:/usr/local/MATLAB/R2018b/java/jarext/axis2/mail.jar:/usr/local/MATLAB/R2018b/java/jarext/axis2/neethi.jar:/usr/local/MATLAB/R2018b/java/jarext/axis2/wsdl4j.jar:/usr/local/MATLAB/R2018b/java/jarext/axis2/wstx-asl.jar:/usr/local/MATLAB/R2018b/java/jarext/axis2/XmlSchema.jar:/usr/local/MATLAB/R2018b/java/jar/ja_JP/fatalexit_res.jar:/usr/local/MATLAB/R2018b/java/jar/zh_CN/fatalexit_res.jar:/usr/local/MATLAB/R2018b/java/jar.ko_KR/fatalexit_res.jar
Launcher Type: SUN_STANDARD

Environment Variables:
PATH=/home/congchao/anaconda3/bin:/home/congchao/anaconda3/condabin:/home/congchao/.local/bin:/usr/local/sbin:/usr/local/bin:/usr/sbin:/usr/bin:/sbin:/bin:/usr/games:/usr/local/games:/snap/bin
USERNAME=congchao
LD_LIBRARY_PATH=/usr/local/MATLAB/R2018b/sys/java/jre/glnxa64/jre/lib/amd64/server:/usr/local/MATLAB/R2018b/sys/java/jre/glnxa64/jre/lib/amd64:/usr/local/MATLAB/R2018b/sys/java/jre/glnxa64/jre/../lib/amd64:/usr/local/MATLAB/R2018b/sys/os/glnxa64:/usr/local/MATLAB/R2018b/bin/glnxa64:/usr/local/MATLAB/R2018b/extern/lib/glnxa64:/usr/local/MATLAB/R2018b/runtime/glnxa64:/usr/local/MATLAB/R2018b/sys/java/jre/glnxa64/jre/lib/amd64/native_threads:/usr/local/MATLAB/R2018b/sys/java/jre/glnxa64/jre/lib/amd64/server
SHELL=/bin/bash
DISPLAY=:1
ARCH=glnxa64

Signal Handlers:
SIGSEGV: [libjvm.so+0xacfec0], sa_mask[0]=11111111011111111101111111111110, sa_flags=SA_RESTART|SA_SIGINFO
SIGBUS: [libjvm.so+0xacfec0], sa_mask[0]=11111111011111111101111111111110, sa_flags=SA_RESTART|SA_SIGINFO
SIGFPE: [libjvm.so+0x927e60], sa_mask[0]=11111111011111111101111111111110, sa_flags=SA_RESTART|SA_SIGINFO
SIGPIPE: [libjvm.so+0x927e60], sa_mask[0]=11111111011111111101111111111110, sa_flags=SA_RESTART|SA_SIGINFO
SIGXFSZ: [libjvm.so+0x927e60], sa_mask[0]=11111111011111111101111111111110, sa_flags=SA_RESTART|SA_SIGINFO
SIGILL: [libjvm.so+0x927e60], sa_mask[0]=11111111011111111101111111111110, sa_flags=SA_RESTART|SA_SIGINFO
SIGUSR1: SIG_DFL, sa_mask[0]=00000000000000000000000000000000, sa_flags=none
SIGUSR2: [libjvm.so+0x9296a0], sa_mask[0]=01000000001010000001000000010000, sa_flags=SA_RESTART|SA_SIGINFO
SIGHUP: [libjvm.so+0x92aaa0], sa_mask[0]=11111111011111111101111111111110, sa_flags=SA_RESTART|SA_SIGINFO
SIGINT: [libjvm.so+0x92aaa0], sa_mask[0]=11111111011111111101111111111110, sa_flags=SA_RESTART|SA_SIGINFO
SIGTERM: [libjvm.so+0x92aaa0], sa_mask[0]=11111111011111111101111111111110, sa_flags=SA_RESTART|SA_SIGINFO
SIGQUIT: [libjvm.so+0x92aaa0], sa_mask[0]=11111111011111111101111111111110, sa_flags=SA_RESTART|SA_SIGINFO


---------------  S Y S T E M  ---------------

OS:DISTRIB_ID=Ubuntu
DISTRIB_RELEASE=20.04
DISTRIB_CODENAME=focal
DISTRIB_DESCRIPTION="Ubuntu 20.04.3 LTS"

uname:Linux 5.11.0-41-generic #45~20.04.1-Ubuntu SMP Wed Nov 10 10:20:10 UTC 2021 x86_64
libc:glibc 2.31 NPTL 2.31 
rlimit: STACK 8192k, CORE 0k, NPROC 127652, NOFILE 1048576, AS infinity
load average:0.00 0.04 0.07

/proc/meminfo:
MemTotal:       32744440 kB
MemFree:        19106336 kB
MemAvailable:   25328676 kB
Buffers:         1182528 kB
Cached:          3115712 kB
SwapCached:            0 kB
Active:          2241744 kB
Inactive:        8204032 kB
Active(anon):       3884 kB
Inactive(anon):  6215464 kB
Active(file):    2237860 kB
Inactive(file):  1988568 kB
Unevictable:          16 kB
Mlocked:              16 kB
SwapTotal:      62914556 kB
SwapFree:       62914556 kB
Dirty:              1828 kB
Writeback:             0 kB
AnonPages:       6147660 kB
Mapped:          1420796 kB
Shmem:             82832 kB
KReclaimable:    2469728 kB
Slab:            2687648 kB
SReclaimable:    2469728 kB
SUnreclaim:       217920 kB
KernelStack:       28896 kB
PageTables:        62068 kB
NFS_Unstable:          0 kB
Bounce:                0 kB
WritebackTmp:          0 kB
CommitLimit:    79286776 kB
Committed_AS:   18777376 kB
VmallocTotal:   34359738367 kB
VmallocUsed:      114772 kB
VmallocChunk:          0 kB
Percpu:            13056 kB
HardwareCorrupted:     0 kB
AnonHugePages:      2048 kB
ShmemHugePages:        0 kB
ShmemPmdMapped:        0 kB
FileHugePages:         0 kB
FilePmdMapped:         0 kB
HugePages_Total:       0
HugePages_Free:        0
HugePages_Rsvd:        0
HugePages_Surp:        0
Hugepagesize:       2048 kB
Hugetlb:               0 kB
DirectMap4k:      749228 kB
DirectMap2M:    13797376 kB
DirectMap1G:    20971520 kB


CPU:total 16 (initial active 16) (8 cores per cpu, 2 threads per core) family 6 model 167 stepping 1, cmov, cx8, fxsr, mmx, sse, sse2, sse3, ssse3, sse4.1, sse4.2, popcnt, avx, avx2, aes, clmul, erms, 3dnowpref, lzcnt, ht, tsc, tscinvbit, bmi1, bmi2, adx

/proc/cpuinfo:
processor	: 0
vendor_id	: GenuineIntel
cpu family	: 6
model		: 167
model name	: 11th Gen Intel(R) Core(TM) i7-11700KF @ 3.60GHz
stepping	: 1
microcode	: 0x40
cpu MHz		: 3600.000
cache size	: 16384 KB
physical id	: 0
siblings	: 16
core id		: 0
cpu cores	: 8
apicid		: 0
initial apicid	: 0
fpu		: yes
fpu_exception	: yes
cpuid level	: 27
wp		: yes
flags		: fpu vme de pse tsc msr pae mce cx8 apic sep mtrr pge mca cmov pat pse36 clflush dts acpi mmx fxsr sse sse2 ss ht tm pbe syscall nx pdpe1gb rdtscp lm constant_tsc art arch_perfmon pebs bts rep_good nopl xtopology nonstop_tsc cpuid aperfmperf tsc_known_freq pni pclmulqdq dtes64 monitor ds_cpl vmx est tm2 ssse3 sdbg fma cx16 xtpr pdcm pcid sse4_1 sse4_2 x2apic movbe popcnt tsc_deadline_timer aes xsave avx f16c rdrand lahf_lm abm 3dnowprefetch cpuid_fault invpcid_single ssbd ibrs ibpb stibp ibrs_enhanced tpr_shadow vnmi flexpriority ept vpid ept_ad fsgsbase tsc_adjust bmi1 avx2 smep bmi2 erms invpcid mpx avx512f avx512dq rdseed adx smap avx512ifma clflushopt intel_pt avx512cd sha_ni avx512bw avx512vl xsaveopt xsavec xgetbv1 xsaves dtherm ida arat pln pts hwp hwp_notify hwp_act_window hwp_epp hwp_pkg_req avx512vbmi umip pku ospke avx512_vbmi2 gfni vaes vpclmulqdq avx512_vnni avx512_bitalg avx512_vpopcntdq rdpid fsrm md_clear flush_l1d arch_capabilities
vmx flags	: vnmi preemption_timer posted_intr invvpid ept_x_only ept_ad ept_1gb flexpriority apicv tsc_offset vtpr mtf vapic ept vpid unrestricted_guest vapic_reg vid ple pml ept_mode_based_exec tsc_scaling
bugs		: spectre_v1 spectre_v2 spec_store_bypass swapgs
bogomips	: 7200.00
clflush size	: 64
cache_alignment	: 64
address sizes	: 39 bits physical, 48 bits virtual
power management:

processor	: 1
vendor_id	: GenuineIntel
cpu family	: 6
model		: 167
model name	: 11th Gen Intel(R) Core(TM) i7-11700KF @ 3.60GHz
stepping	: 1
microcode	: 0x40
cpu MHz		: 3600.000
cache size	: 16384 KB
physical id	: 0
siblings	: 16
core id		: 1
cpu cores	: 8
apicid		: 2
initial apicid	: 2
fpu		: yes
fpu_exception	: yes
cpuid level	: 27
wp		: yes
flags		: fpu vme de pse tsc msr pae mce cx8 apic sep mtrr pge mca cmov pat pse36 clflush dts acpi mmx fxsr sse sse2 ss ht tm pbe syscall nx pdpe1gb rdtscp lm constant_tsc art arch_perfmon pebs bts rep_good nopl xtopology nonstop_tsc cpuid aperfmperf tsc_known_freq pni pclmulqdq dtes64 monitor ds_cpl vmx est tm2 ssse3 sdbg fma cx16 xtpr pdcm pcid sse4_1 sse4_2 x2apic movbe popcnt tsc_deadline_timer aes xsave avx f16c rdrand lahf_lm abm 3dnowprefetch cpuid_fault invpcid_single ssbd ibrs ibpb stibp ibrs_enhanced tpr_shadow vnmi flexpriority ept vpid ept_ad fsgsbase tsc_adjust bmi1 avx2 smep bmi2 erms invpcid mpx avx512f avx512dq rdseed adx smap avx512ifma clflushopt intel_pt avx512cd sha_ni avx512bw avx512vl xsaveopt xsavec xgetbv1 xsaves dtherm ida arat pln pts hwp hwp_notify hwp_act_window hwp_epp hwp_pkg_req avx512vbmi umip pku ospke avx512_vbmi2 gfni vaes vpclmulqdq avx512_vnni avx512_bitalg avx512_vpopcntdq rdpid fsrm md_clear flush_l1d arch_capabilities
vmx flags	: vnmi preemption_timer posted_intr invvpid ept_x_only ept_ad ept_1gb flexpriority apicv tsc_offset vtpr mtf vapic ept vpid unrestricted_guest vapic_reg vid ple pml ept_mode_based_exec tsc_scaling
bugs		: spectre_v1 spectre_v2 spec_store_bypass swapgs
bogomips	: 7200.00
clflush size	: 64
cache_alignment	: 64
address sizes	: 39 bits physical, 48 bits virtual
power management:

processor	: 2
vendor_id	: GenuineIntel
cpu family	: 6
model		: 167
model name	: 11th Gen Intel(R) Core(TM) i7-11700KF @ 3.60GHz
stepping	: 1
microcode	: 0x40
cpu MHz		: 3600.000
cache size	: 16384 KB
physical id	: 0
siblings	: 16
core id		: 2
cpu cores	: 8
apicid		: 4
initial apicid	: 4
fpu		: yes
fpu_exception	: yes
cpuid level	: 27
wp		: yes
flags		: fpu vme de pse tsc msr pae mce cx8 apic sep mtrr pge mca cmov pat pse36 clflush dts acpi mmx fxsr sse sse2 ss ht tm pbe syscall nx pdpe1gb rdtscp lm constant_tsc art arch_perfmon pebs bts rep_good nopl xtopology nonstop_tsc cpuid aperfmperf tsc_known_freq pni pclmulqdq dtes64 monitor ds_cpl vmx est tm2 ssse3 sdbg fma cx16 xtpr pdcm pcid sse4_1 sse4_2 x2apic movbe popcnt tsc_deadline_timer aes xsave avx f16c rdrand lahf_lm abm 3dnowprefetch cpuid_fault invpcid_single ssbd ibrs ibpb stibp ibrs_enhanced tpr_shadow vnmi flexpriority ept vpid ept_ad fsgsbase tsc_adjust bmi1 avx2 smep bmi2 erms invpcid mpx avx512f avx512dq rdseed adx smap avx512ifma clflushopt intel_pt avx512cd sha_ni avx512bw avx512vl xsaveopt xsavec xgetbv1 xsaves dtherm ida arat pln pts hwp hwp_notify hwp_act_window hwp_epp hwp_pkg_req avx512vbmi umip pku ospke avx512_vbmi2 gfni vaes vpclmulqdq avx512_vnni avx512_bitalg avx512_vpopcntdq rdpid fsrm md_clear flush_l1d arch_capabilities
vmx flags	: vnmi preemption_timer posted_intr invvpid ept_x_only ept_ad ept_1gb flexpriority apicv tsc_offset vtpr mtf vapic ept vpid unrestricted_guest vapic_reg vid ple pml ept_mode_based_exec tsc_scaling
bugs		: spectre_v1 spectre_v2 spec_store_bypass swapgs
bogomips	: 7200.00
clflush size	: 64
cache_alignment	: 64
address sizes	: 39 bits physical, 48 bits virtual
power management:

processor	: 3
vendor_id	: GenuineIntel
cpu family	: 6
model		: 167
model name	: 11th Gen Intel(R) Core(TM) i7-11700KF @ 3.60GHz
stepping	: 1
microcode	: 0x40
cpu MHz		: 3600.000
cache size	: 16384 KB
physical id	: 0
siblings	: 16
core id		: 3
cpu cores	: 8
apicid		: 6
initial apicid	: 6
fpu		: yes
fpu_exception	: yes
cpuid level	: 27
wp		: yes
flags		: fpu vme de pse tsc msr pae mce cx8 apic sep mtrr pge mca cmov pat pse36 clflush dts acpi mmx fxsr sse sse2 ss ht tm pbe syscall nx pdpe1gb rdtscp lm constant_tsc art arch_perfmon pebs bts rep_good nopl xtopology nonstop_tsc cpuid aperfmperf tsc_known_freq pni pclmulqdq dtes64 monitor ds_cpl vmx est tm2 ssse3 sdbg fma cx16 xtpr pdcm pcid sse4_1 sse4_2 x2apic movbe popcnt tsc_deadline_timer aes xsave avx f16c rdrand lahf_lm abm 3dnowprefetch cpuid_fault invpcid_single ssbd ibrs ibpb stibp ibrs_enhanced tpr_shadow vnmi flexpriority ept vpid ept_ad fsgsbase tsc_adjust bmi1 avx2 smep bmi2 erms invpcid mpx avx512f avx512dq rdseed adx smap avx512ifma clflushopt intel_pt avx512cd sha_ni avx512bw avx512vl xsaveopt xsavec xgetbv1 xsaves dtherm ida arat pln pts hwp hwp_notify hwp_act_window hwp_epp hwp_pkg_req avx512vbmi umip pku ospke avx512_vbmi2 gfni vaes vpclmulqdq avx512_vnni avx512_bitalg avx512_vpopcntdq rdpid fsrm md_clear flush_l1d arch_capabilities
vmx flags	: vnmi preemption_timer posted_intr invvpid ept_x_only ept_ad ept_1gb flexpriority apicv tsc_offset vtpr mtf vapic ept vpid unrestricted_guest vapic_reg vid ple pml ept_mode_based_exec tsc_scaling
bugs		: spectre_v1 spectre_v2 spec_store_bypass swapgs
bogomips	: 7200.00
clflush size	: 64
cache_alignment	: 64
address sizes	: 39 bits physical, 48 bits virtual
power management:

processor	: 4
vendor_id	: GenuineIntel
cpu family	: 6
model		: 167
model name	: 11th Gen Intel(R) Core(TM) i7-11700KF @ 3.60GHz
stepping	: 1
microcode	: 0x40
cpu MHz		: 4490.608
cache size	: 16384 KB
physical id	: 0
siblings	: 16
core id		: 4
cpu cores	: 8
apicid		: 8
initial apicid	: 8
fpu		: yes
fpu_exception	: yes
cpuid level	: 27
wp		: yes
flags		: fpu vme de pse tsc msr pae mce cx8 apic sep mtrr pge mca cmov pat pse36 clflush dts acpi mmx fxsr sse sse2 ss ht tm pbe syscall nx pdpe1gb rdtscp lm constant_tsc art arch_perfmon pebs bts rep_good nopl xtopology nonstop_tsc cpuid aperfmperf tsc_known_freq pni pclmulqdq dtes64 monitor ds_cpl vmx est tm2 ssse3 sdbg fma cx16 xtpr pdcm pcid sse4_1 sse4_2 x2apic movbe popcnt tsc_deadline_timer aes xsave avx f16c rdrand lahf_lm abm 3dnowprefetch cpuid_fault invpcid_single ssbd ibrs ibpb stibp ibrs_enhanced tpr_shadow vnmi flexpriority ept vpid ept_ad fsgsbase tsc_adjust bmi1 avx2 smep bmi2 erms invpcid mpx avx512f avx512dq rdseed adx smap avx512ifma clflushopt intel_pt avx512cd sha_ni avx512bw avx512vl xsaveopt xsavec xgetbv1 xsaves dtherm ida arat pln pts hwp hwp_notify hwp_act_window hwp_epp hwp_pkg_req avx512vbmi umip pku ospke avx512_vbmi2 gfni vaes vpclmulqdq avx512_vnni avx512_bitalg avx512_vpopcntdq rdpid fsrm md_clear flush_l1d arch_capabilities
vmx flags	: vnmi preemption_timer posted_intr invvpid ept_x_only ept_ad ept_1gb flexpriority apicv tsc_offset vtpr mtf vapic ept vpid unrestricted_guest vapic_reg vid ple pml ept_mode_based_exec tsc_scaling
bugs		: spectre_v1 spectre_v2 spec_store_bypass swapgs
bogomips	: 7200.00
clflush size	: 64
cache_alignment	: 64
address sizes	: 39 bits physical, 48 bits virtual
power management:

processor	: 5
vendor_id	: GenuineIntel
cpu family	: 6
model		: 167
model name	: 11th Gen Intel(R) Core(TM) i7-11700KF @ 3.60GHz
stepping	: 1
microcode	: 0x40
cpu MHz		: 3600.000
cache size	: 16384 KB
physical id	: 0
siblings	: 16
core id		: 5
cpu cores	: 8
apicid		: 10
initial apicid	: 10
fpu		: yes
fpu_exception	: yes
cpuid level	: 27
wp		: yes
flags		: fpu vme de pse tsc msr pae mce cx8 apic sep mtrr pge mca cmov pat pse36 clflush dts acpi mmx fxsr sse sse2 ss ht tm pbe syscall nx pdpe1gb rdtscp lm constant_tsc art arch_perfmon pebs bts rep_good nopl xtopology nonstop_tsc cpuid aperfmperf tsc_known_freq pni pclmulqdq dtes64 monitor ds_cpl vmx est tm2 ssse3 sdbg fma cx16 xtpr pdcm pcid sse4_1 sse4_2 x2apic movbe popcnt tsc_deadline_timer aes xsave avx f16c rdrand lahf_lm abm 3dnowprefetch cpuid_fault invpcid_single ssbd ibrs ibpb stibp ibrs_enhanced tpr_shadow vnmi flexpriority ept vpid ept_ad fsgsbase tsc_adjust bmi1 avx2 smep bmi2 erms invpcid mpx avx512f avx512dq rdseed adx smap avx512ifma clflushopt intel_pt avx512cd sha_ni avx512bw avx512vl xsaveopt xsavec xgetbv1 xsaves dtherm ida arat pln pts hwp hwp_notify hwp_act_window hwp_epp hwp_pkg_req avx512vbmi umip pku ospke avx512_vbmi2 gfni vaes vpclmulqdq avx512_vnni avx512_bitalg avx512_vpopcntdq rdpid fsrm md_clear flush_l1d arch_capabilities
vmx flags	: vnmi preemption_timer posted_intr invvpid ept_x_only ept_ad ept_1gb flexpriority apicv tsc_offset vtpr mtf vapic ept vpid unrestricted_guest vapic_reg vid ple pml ept_mode_based_exec tsc_scaling
bugs		: spectre_v1 spectre_v2 spec_store_bypass swapgs
bogomips	: 7200.00
clflush size	: 64
cache_alignment	: 64
address sizes	: 39 bits physical, 48 bits virtual
power management:

processor	: 6
vendor_id	: GenuineIntel
cpu family	: 6
model		: 167
model name	: 11th Gen Intel(R) Core(TM) i7-11700KF @ 3.60GHz
stepping	: 1
microcode	: 0x40
cpu MHz		: 3600.000
cache size	: 16384 KB
physical id	: 0
siblings	: 16
core id		: 6
cpu cores	: 8
apicid		: 12
initial apicid	: 12
fpu		: yes
fpu_exception	: yes
cpuid level	: 27
wp		: yes
flags		: fpu vme de pse tsc msr pae mce cx8 apic sep mtrr pge mca cmov pat pse36 clflush dts acpi mmx fxsr sse sse2 ss ht tm pbe syscall nx pdpe1gb rdtscp lm constant_tsc art arch_perfmon pebs bts rep_good nopl xtopology nonstop_tsc cpuid aperfmperf tsc_known_freq pni pclmulqdq dtes64 monitor ds_cpl vmx est tm2 ssse3 sdbg fma cx16 xtpr pdcm pcid sse4_1 sse4_2 x2apic movbe popcnt tsc_deadline_timer aes xsave avx f16c rdrand lahf_lm abm 3dnowprefetch cpuid_fault invpcid_single ssbd ibrs ibpb stibp ibrs_enhanced tpr_shadow vnmi flexpriority ept vpid ept_ad fsgsbase tsc_adjust bmi1 avx2 smep bmi2 erms invpcid mpx avx512f avx512dq rdseed adx smap avx512ifma clflushopt intel_pt avx512cd sha_ni avx512bw avx512vl xsaveopt xsavec xgetbv1 xsaves dtherm ida arat pln pts hwp hwp_notify hwp_act_window hwp_epp hwp_pkg_req avx512vbmi umip pku ospke avx512_vbmi2 gfni vaes vpclmulqdq avx512_vnni avx512_bitalg avx512_vpopcntdq rdpid fsrm md_clear flush_l1d arch_capabilities
vmx flags	: vnmi preemption_timer posted_intr invvpid ept_x_only ept_ad ept_1gb flexpriority apicv tsc_offset vtpr mtf vapic ept vpid unrestricted_guest vapic_reg vid ple pml ept_mode_based_exec tsc_scaling
bugs		: spectre_v1 spectre_v2 spec_store_bypass swapgs
bogomips	: 7200.00
clflush size	: 64
cache_alignment	: 64
address sizes	: 39 bits physical, 48 bits virtual
power management:

processor	: 7
vendor_id	: GenuineIntel
cpu family	: 6
model		: 167
model name	: 11th Gen Intel(R) Core(TM) i7-11700KF @ 3.60GHz
stepping	: 1
microcode	: 0x40
cpu MHz		: 3600.000
cache size	: 16384 KB
physical id	: 0
siblings	: 16
core id		: 7
cpu cores	: 8
apicid		: 14
initial apicid	: 14
fpu		: yes
fpu_exception	: yes
cpuid level	: 27
wp		: yes
flags		: fpu vme de pse tsc msr pae mce cx8 apic sep mtrr pge mca cmov pat pse36 clflush dts acpi mmx fxsr sse sse2 ss ht tm pbe syscall nx pdpe1gb rdtscp lm constant_tsc art arch_perfmon pebs bts rep_good nopl xtopology nonstop_tsc cpuid aperfmperf tsc_known_freq pni pclmulqdq dtes64 monitor ds_cpl vmx est tm2 ssse3 sdbg fma cx16 xtpr pdcm pcid sse4_1 sse4_2 x2apic movbe popcnt tsc_deadline_timer aes xsave avx f16c rdrand lahf_lm abm 3dnowprefetch cpuid_fault invpcid_single ssbd ibrs ibpb stibp ibrs_enhanced tpr_shadow vnmi flexpriority ept vpid ept_ad fsgsbase tsc_adjust bmi1 avx2 smep bmi2 erms invpcid mpx avx512f avx512dq rdseed adx smap avx512ifma clflushopt intel_pt avx512cd sha_ni avx512bw avx512vl xsaveopt xsavec xgetbv1 xsaves dtherm ida arat pln pts hwp hwp_notify hwp_act_window hwp_epp hwp_pkg_req avx512vbmi umip pku ospke avx512_vbmi2 gfni vaes vpclmulqdq avx512_vnni avx512_bitalg avx512_vpopcntdq rdpid fsrm md_clear flush_l1d arch_capabilities
vmx flags	: vnmi preemption_timer posted_intr invvpid ept_x_only ept_ad ept_1gb flexpriority apicv tsc_offset vtpr mtf vapic ept vpid unrestricted_guest vapic_reg vid ple pml ept_mode_based_exec tsc_scaling
bugs		: spectre_v1 spectre_v2 spec_store_bypass swapgs
bogomips	: 7200.00
clflush size	: 64
cache_alignment	: 64
address sizes	: 39 bits physical, 48 bits virtual
power management:

processor	: 8
vendor_id	: GenuineIntel
cpu family	: 6
model		: 167
model name	: 11th Gen Intel(R) Core(TM) i7-11700KF @ 3.60GHz
stepping	: 1
microcode	: 0x40
cpu MHz		: 3600.000
cache size	: 16384 KB
physical id	: 0
siblings	: 16
core id		: 0
cpu cores	: 8
apicid		: 1
initial apicid	: 1
fpu		: yes
fpu_exception	: yes
cpuid level	: 27
wp		: yes
flags		: fpu vme de pse tsc msr pae mce cx8 apic sep mtrr pge mca cmov pat pse36 clflush dts acpi mmx fxsr sse sse2 ss ht tm pbe syscall nx pdpe1gb rdtscp lm constant_tsc art arch_perfmon pebs bts rep_good nopl xtopology nonstop_tsc cpuid aperfmperf tsc_known_freq pni pclmulqdq dtes64 monitor ds_cpl vmx est tm2 ssse3 sdbg fma cx16 xtpr pdcm pcid sse4_1 sse4_2 x2apic movbe popcnt tsc_deadline_timer aes xsave avx f16c rdrand lahf_lm abm 3dnowprefetch cpuid_fault invpcid_single ssbd ibrs ibpb stibp ibrs_enhanced tpr_shadow vnmi flexpriority ept vpid ept_ad fsgsbase tsc_adjust bmi1 avx2 smep bmi2 erms invpcid mpx avx512f avx512dq rdseed adx smap avx512ifma clflushopt intel_pt avx512cd sha_ni avx512bw avx512vl xsaveopt xsavec xgetbv1 xsaves dtherm ida arat pln pts hwp hwp_notify hwp_act_window hwp_epp hwp_pkg_req avx512vbmi umip pku ospke avx512_vbmi2 gfni vaes vpclmulqdq avx512_vnni avx512_bitalg avx512_vpopcntdq rdpid fsrm md_clear flush_l1d arch_capabilities
vmx flags	: vnmi preemption_timer posted_intr invvpid ept_x_only ept_ad ept_1gb flexpriority apicv tsc_offset vtpr mtf vapic ept vpid unrestricted_guest vapic_reg vid ple pml ept_mode_based_exec tsc_scaling
bugs		: spectre_v1 spectre_v2 spec_store_bypass swapgs
bogomips	: 7200.00
clflush size	: 64
cache_alignment	: 64
address sizes	: 39 bits physical, 48 bits virtual
power management:

processor	: 9
vendor_id	: GenuineIntel
cpu family	: 6
model		: 167
model name	: 11th Gen Intel(R) Core(TM) i7-11700KF @ 3.60GHz
stepping	: 1
microcode	: 0x40
cpu MHz		: 3600.000
cache size	: 16384 KB
physical id	: 0
siblings	: 16
core id		: 1
cpu cores	: 8
apicid		: 3
initial apicid	: 3
fpu		: yes
fpu_exception	: yes
cpuid level	: 27
wp		: yes
flags		: fpu vme de pse tsc msr pae mce cx8 apic sep mtrr pge mca cmov pat pse36 clflush dts acpi mmx fxsr sse sse2 ss ht tm pbe syscall nx pdpe1gb rdtscp lm constant_tsc art arch_perfmon pebs bts rep_good nopl xtopology nonstop_tsc cpuid aperfmperf tsc_known_freq pni pclmulqdq dtes64 monitor ds_cpl vmx est tm2 ssse3 sdbg fma cx16 xtpr pdcm pcid sse4_1 sse4_2 x2apic movbe popcnt tsc_deadline_timer aes xsave avx f16c rdrand lahf_lm abm 3dnowprefetch cpuid_fault invpcid_single ssbd ibrs ibpb stibp ibrs_enhanced tpr_shadow vnmi flexpriority ept vpid ept_ad fsgsbase tsc_adjust bmi1 avx2 smep bmi2 erms invpcid mpx avx512f avx512dq rdseed adx smap avx512ifma clflushopt intel_pt avx512cd sha_ni avx512bw avx512vl xsaveopt xsavec xgetbv1 xsaves dtherm ida arat pln pts hwp hwp_notify hwp_act_window hwp_epp hwp_pkg_req avx512vbmi umip pku ospke avx512_vbmi2 gfni vaes vpclmulqdq avx512_vnni avx512_bitalg avx512_vpopcntdq rdpid fsrm md_clear flush_l1d arch_capabilities
vmx flags	: vnmi preemption_timer posted_intr invvpid ept_x_only ept_ad ept_1gb flexpriority apicv tsc_offset vtpr mtf vapic ept vpid unrestricted_guest vapic_reg vid ple pml ept_mode_based_exec tsc_scaling
bugs		: spectre_v1 spectre_v2 spec_store_bypass swapgs
bogomips	: 7200.00
clflush size	: 64
cache_alignment	: 64
address sizes	: 39 bits physical, 48 bits virtual
power management:

processor	: 10
vendor_id	: GenuineIntel
cpu family	: 6
model		: 167
model name	: 11th Gen Intel(R) Core(TM) i7-11700KF @ 3.60GHz
stepping	: 1
microcode	: 0x40
cpu MHz		: 3600.000
cache size	: 16384 KB
physical id	: 0
siblings	: 16
core id		: 2
cpu cores	: 8
apicid		: 5
initial apicid	: 5
fpu		: yes
fpu_exception	: yes
cpuid level	: 27
wp		: yes
flags		: fpu vme de pse tsc msr pae mce cx8 apic sep mtrr pge mca cmov pat pse36 clflush dts acpi mmx fxsr sse sse2 ss ht tm pbe syscall nx pdpe1gb rdtscp lm constant_tsc art arch_perfmon pebs bts rep_good nopl xtopology nonstop_tsc cpuid aperfmperf tsc_known_freq pni pclmulqdq dtes64 monitor ds_cpl vmx est tm2 ssse3 sdbg fma cx16 xtpr pdcm pcid sse4_1 sse4_2 x2apic movbe popcnt tsc_deadline_timer aes xsave avx f16c rdrand lahf_lm abm 3dnowprefetch cpuid_fault invpcid_single ssbd ibrs ibpb stibp ibrs_enhanced tpr_shadow vnmi flexpriority ept vpid ept_ad fsgsbase tsc_adjust bmi1 avx2 smep bmi2 erms invpcid mpx avx512f avx512dq rdseed adx smap avx512ifma clflushopt intel_pt avx512cd sha_ni avx512bw avx512vl xsaveopt xsavec xgetbv1 xsaves dtherm ida arat pln pts hwp hwp_notify hwp_act_window hwp_epp hwp_pkg_req avx512vbmi umip pku ospke avx512_vbmi2 gfni vaes vpclmulqdq avx512_vnni avx512_bitalg avx512_vpopcntdq rdpid fsrm md_clear flush_l1d arch_capabilities
vmx flags	: vnmi preemption_timer posted_intr invvpid ept_x_only ept_ad ept_1gb flexpriority apicv tsc_offset vtpr mtf vapic ept vpid unrestricted_guest vapic_reg vid ple pml ept_mode_based_exec tsc_scaling
bugs		: spectre_v1 spectre_v2 spec_store_bypass swapgs
bogomips	: 7200.00
clflush size	: 64
cache_alignment	: 64
address sizes	: 39 bits physical, 48 bits virtual
power management:

processor	: 11
vendor_id	: GenuineIntel
cpu family	: 6
model		: 167
model name	: 11th Gen Intel(R) Core(TM) i7-11700KF @ 3.60GHz
stepping	: 1
microcode	: 0x40
cpu MHz		: 3600.000
cache size	: 16384 KB
physical id	: 0
siblings	: 16
core id		: 3
cpu cores	: 8
apicid		: 7
initial apicid	: 7
fpu		: yes
fpu_exception	: yes
cpuid level	: 27
wp		: yes
flags		: fpu vme de pse tsc msr pae mce cx8 apic sep mtrr pge mca cmov pat pse36 clflush dts acpi mmx fxsr sse sse2 ss ht tm pbe syscall nx pdpe1gb rdtscp lm constant_tsc art arch_perfmon pebs bts rep_good nopl xtopology nonstop_tsc cpuid aperfmperf tsc_known_freq pni pclmulqdq dtes64 monitor ds_cpl vmx est tm2 ssse3 sdbg fma cx16 xtpr pdcm pcid sse4_1 sse4_2 x2apic movbe popcnt tsc_deadline_timer aes xsave avx f16c rdrand lahf_lm abm 3dnowprefetch cpuid_fault invpcid_single ssbd ibrs ibpb stibp ibrs_enhanced tpr_shadow vnmi flexpriority ept vpid ept_ad fsgsbase tsc_adjust bmi1 avx2 smep bmi2 erms invpcid mpx avx512f avx512dq rdseed adx smap avx512ifma clflushopt intel_pt avx512cd sha_ni avx512bw avx512vl xsaveopt xsavec xgetbv1 xsaves dtherm ida arat pln pts hwp hwp_notify hwp_act_window hwp_epp hwp_pkg_req avx512vbmi umip pku ospke avx512_vbmi2 gfni vaes vpclmulqdq avx512_vnni avx512_bitalg avx512_vpopcntdq rdpid fsrm md_clear flush_l1d arch_capabilities
vmx flags	: vnmi preemption_timer posted_intr invvpid ept_x_only ept_ad ept_1gb flexpriority apicv tsc_offset vtpr mtf vapic ept vpid unrestricted_guest vapic_reg vid ple pml ept_mode_based_exec tsc_scaling
bugs		: spectre_v1 spectre_v2 spec_store_bypass swapgs
bogomips	: 7200.00
clflush size	: 64
cache_alignment	: 64
address sizes	: 39 bits physical, 48 bits virtual
power management:

processor	: 12
vendor_id	: GenuineIntel
cpu family	: 6
model		: 167
model name	: 11th Gen Intel(R) Core(TM) i7-11700KF @ 3.60GHz
stepping	: 1
microcode	: 0x40
cpu MHz		: 3600.000
cache size	: 16384 KB
physical id	: 0
siblings	: 16
core id		: 4
cpu cores	: 8
apicid		: 9
initial apicid	: 9
fpu		: yes
fpu_exception	: yes
cpuid level	: 27
wp		: yes
flags		: fpu vme de pse tsc msr pae mce cx8 apic sep mtrr pge mca cmov pat pse36 clflush dts acpi mmx fxsr sse sse2 ss ht tm pbe syscall nx pdpe1gb rdtscp lm constant_tsc art arch_perfmon pebs bts rep_good nopl xtopology nonstop_tsc cpuid aperfmperf tsc_known_freq pni pclmulqdq dtes64 monitor ds_cpl vmx est tm2 ssse3 sdbg fma cx16 xtpr pdcm pcid sse4_1 sse4_2 x2apic movbe popcnt tsc_deadline_timer aes xsave avx f16c rdrand lahf_lm abm 3dnowprefetch cpuid_fault invpcid_single ssbd ibrs ibpb stibp ibrs_enhanced tpr_shadow vnmi flexpriority ept vpid ept_ad fsgsbase tsc_adjust bmi1 avx2 smep bmi2 erms invpcid mpx avx512f avx512dq rdseed adx smap avx512ifma clflushopt intel_pt avx512cd sha_ni avx512bw avx512vl xsaveopt xsavec xgetbv1 xsaves dtherm ida arat pln pts hwp hwp_notify hwp_act_window hwp_epp hwp_pkg_req avx512vbmi umip pku ospke avx512_vbmi2 gfni vaes vpclmulqdq avx512_vnni avx512_bitalg avx512_vpopcntdq rdpid fsrm md_clear flush_l1d arch_capabilities
vmx flags	: vnmi preemption_timer posted_intr invvpid ept_x_only ept_ad ept_1gb flexpriority apicv tsc_offset vtpr mtf vapic ept vpid unrestricted_guest vapic_reg vid ple pml ept_mode_based_exec tsc_scaling
bugs		: spectre_v1 spectre_v2 spec_store_bypass swapgs
bogomips	: 7200.00
clflush size	: 64
cache_alignment	: 64
address sizes	: 39 bits physical, 48 bits virtual
power management:

processor	: 13
vendor_id	: GenuineIntel
cpu family	: 6
model		: 167
model name	: 11th Gen Intel(R) Core(TM) i7-11700KF @ 3.60GHz
stepping	: 1
microcode	: 0x40
cpu MHz		: 3600.000
cache size	: 16384 KB
physical id	: 0
siblings	: 16
core id		: 5
cpu cores	: 8
apicid		: 11
initial apicid	: 11
fpu		: yes
fpu_exception	: yes
cpuid level	: 27
wp		: yes
flags		: fpu vme de pse tsc msr pae mce cx8 apic sep mtrr pge mca cmov pat pse36 clflush dts acpi mmx fxsr sse sse2 ss ht tm pbe syscall nx pdpe1gb rdtscp lm constant_tsc art arch_perfmon pebs bts rep_good nopl xtopology nonstop_tsc cpuid aperfmperf tsc_known_freq pni pclmulqdq dtes64 monitor ds_cpl vmx est tm2 ssse3 sdbg fma cx16 xtpr pdcm pcid sse4_1 sse4_2 x2apic movbe popcnt tsc_deadline_timer aes xsave avx f16c rdrand lahf_lm abm 3dnowprefetch cpuid_fault invpcid_single ssbd ibrs ibpb stibp ibrs_enhanced tpr_shadow vnmi flexpriority ept vpid ept_ad fsgsbase tsc_adjust bmi1 avx2 smep bmi2 erms invpcid mpx avx512f avx512dq rdseed adx smap avx512ifma clflushopt intel_pt avx512cd sha_ni avx512bw avx512vl xsaveopt xsavec xgetbv1 xsaves dtherm ida arat pln pts hwp hwp_notify hwp_act_window hwp_epp hwp_pkg_req avx512vbmi umip pku ospke avx512_vbmi2 gfni vaes vpclmulqdq avx512_vnni avx512_bitalg avx512_vpopcntdq rdpid fsrm md_clear flush_l1d arch_capabilities
vmx flags	: vnmi preemption_timer posted_intr invvpid ept_x_only ept_ad ept_1gb flexpriority apicv tsc_offset vtpr mtf vapic ept vpid unrestricted_guest vapic_reg vid ple pml ept_mode_based_exec tsc_scaling
bugs		: spectre_v1 spectre_v2 spec_store_bypass swapgs
bogomips	: 7200.00
clflush size	: 64
cache_alignment	: 64
address sizes	: 39 bits physical, 48 bits virtual
power management:

processor	: 14
vendor_id	: GenuineIntel
cpu family	: 6
model		: 167
model name	: 11th Gen Intel(R) Core(TM) i7-11700KF @ 3.60GHz
stepping	: 1
microcode	: 0x40
cpu MHz		: 1122.893
cache size	: 16384 KB
physical id	: 0
siblings	: 16
core id		: 6
cpu cores	: 8
apicid		: 13
initial apicid	: 13
fpu		: yes
fpu_exception	: yes
cpuid level	: 27
wp		: yes
flags		: fpu vme de pse tsc msr pae mce cx8 apic sep mtrr pge mca cmov pat pse36 clflush dts acpi mmx fxsr sse sse2 ss ht tm pbe syscall nx pdpe1gb rdtscp lm constant_tsc art arch_perfmon pebs bts rep_good nopl xtopology nonstop_tsc cpuid aperfmperf tsc_known_freq pni pclmulqdq dtes64 monitor ds_cpl vmx est tm2 ssse3 sdbg fma cx16 xtpr pdcm pcid sse4_1 sse4_2 x2apic movbe popcnt tsc_deadline_timer aes xsave avx f16c rdrand lahf_lm abm 3dnowprefetch cpuid_fault invpcid_single ssbd ibrs ibpb stibp ibrs_enhanced tpr_shadow vnmi flexpriority ept vpid ept_ad fsgsbase tsc_adjust bmi1 avx2 smep bmi2 erms invpcid mpx avx512f avx512dq rdseed adx smap avx512ifma clflushopt intel_pt avx512cd sha_ni avx512bw avx512vl xsaveopt xsavec xgetbv1 xsaves dtherm ida arat pln pts hwp hwp_notify hwp_act_window hwp_epp hwp_pkg_req avx512vbmi umip pku ospke avx512_vbmi2 gfni vaes vpclmulqdq avx512_vnni avx512_bitalg avx512_vpopcntdq rdpid fsrm md_clear flush_l1d arch_capabilities
vmx flags	: vnmi preemption_timer posted_intr invvpid ept_x_only ept_ad ept_1gb flexpriority apicv tsc_offset vtpr mtf vapic ept vpid unrestricted_guest vapic_reg vid ple pml ept_mode_based_exec tsc_scaling
bugs		: spectre_v1 spectre_v2 spec_store_bypass swapgs
bogomips	: 7200.00
clflush size	: 64
cache_alignment	: 64
address sizes	: 39 bits physical, 48 bits virtual
power management:

processor	: 15
vendor_id	: GenuineIntel
cpu family	: 6
model		: 167
model name	: 11th Gen Intel(R) Core(TM) i7-11700KF @ 3.60GHz
stepping	: 1
microcode	: 0x40
cpu MHz		: 3600.000
cache size	: 16384 KB
physical id	: 0
siblings	: 16
core id		: 7
cpu cores	: 8
apicid		: 15
initial apicid	: 15
fpu		: yes
fpu_exception	: yes
cpuid level	: 27
wp		: yes
flags		: fpu vme de pse tsc msr pae mce cx8 apic sep mtrr pge mca cmov pat pse36 clflush dts acpi mmx fxsr sse sse2 ss ht tm pbe syscall nx pdpe1gb rdtscp lm constant_tsc art arch_perfmon pebs bts rep_good nopl xtopology nonstop_tsc cpuid aperfmperf tsc_known_freq pni pclmulqdq dtes64 monitor ds_cpl vmx est tm2 ssse3 sdbg fma cx16 xtpr pdcm pcid sse4_1 sse4_2 x2apic movbe popcnt tsc_deadline_timer aes xsave avx f16c rdrand lahf_lm abm 3dnowprefetch cpuid_fault invpcid_single ssbd ibrs ibpb stibp ibrs_enhanced tpr_shadow vnmi flexpriority ept vpid ept_ad fsgsbase tsc_adjust bmi1 avx2 smep bmi2 erms invpcid mpx avx512f avx512dq rdseed adx smap avx512ifma clflushopt intel_pt avx512cd sha_ni avx512bw avx512vl xsaveopt xsavec xgetbv1 xsaves dtherm ida arat pln pts hwp hwp_notify hwp_act_window hwp_epp hwp_pkg_req avx512vbmi umip pku ospke avx512_vbmi2 gfni vaes vpclmulqdq avx512_vnni avx512_bitalg avx512_vpopcntdq rdpid fsrm md_clear flush_l1d arch_capabilities
vmx flags	: vnmi preemption_timer posted_intr invvpid ept_x_only ept_ad ept_1gb flexpriority apicv tsc_offset vtpr mtf vapic ept vpid unrestricted_guest vapic_reg vid ple pml ept_mode_based_exec tsc_scaling
bugs		: spectre_v1 spectre_v2 spec_store_bypass swapgs
bogomips	: 7200.00
clflush size	: 64
cache_alignment	: 64
address sizes	: 39 bits physical, 48 bits virtual
power management:



Memory: 4k page, physical 32744440k(19124968k free), swap 62914556k(62914556k free)

vm_info: Java HotSpot(TM) 64-Bit Server VM (25.152-b16) for linux-amd64 JRE (1.8.0_152-b16), built on Sep 14 2017 02:16:14 by "java_re" with gcc 4.3.0 20080428 (Red Hat 4.3.0-8)

time: Mon Oct 17 06:45:30 2022
elapsed time: 2 seconds (0d 0h 0m 2s)

