#
# A fatal error has been detected by the Java Runtime Environment:
#
#  SIGSEGV (0xb) at pc=0x00007f844d069a7a, pid=292837, tid=0x00007f843bce7700
#
# JRE version: Java(TM) SE Runtime Environment (8.0_152-b16) (build 1.8.0_152-b16)
# Java VM: Java HotSpot(TM) 64-Bit Server VM (25.152-b16 mixed mode linux-amd64 compressed oops)
# Problematic frame:
# v  ~BufferBlob::jni_fast_GetLongField
#
# Failed to write core dump. Core dumps have been disabled. To enable core dumping, try "ulimit -c unlimited" before starting Java again
#
# If you would like to submit a bug report, please visit:
#   http://bugreport.java.com/bugreport/crash.jsp
# The crash happened outside the Java Virtual Machine in native code.
# See problematic frame for where to report the bug.
#

---------------  T H R E A D  ---------------

Current thread (0x00007f845c368800):  JavaThread "AWT-XAWT" daemon [_thread_in_native, id=292881, stack(0x00007f843bbe7000,0x00007f843bce8000)]

siginfo: si_signo: 11 (SIGSEGV), si_code: 1 (SEGV_MAPERR), si_addr: 0x0000000000000000

Registers:
RAX=0x00007f8462428400, RBX=0x00007f845c3689f8, RCX=0x00007f84624031a0, RDX=0x0000000000000042
RSP=0x00007f843bce6538, RBP=0x00007f843bce6560, RSI=0x0000000000000000, RDI=0x00007f845c3689f8
R8 =0x00007f845c368800, R9 =0x0000000000000000, R10=0x000000000000000a, R11=0x00007f8461e63f50
R12=0x0000000000000000, R13=0x0000000000000000, R14=0x00007f8440b7b820, R15=0x00007f845c368800
RIP=0x00007f844d069a7a, EFLAGS=0x0000000000010246, CSGSFS=0x002b000000000033, ERR=0x0000000000000004
  TRAPNO=0x000000000000000e

Top of Stack: (sp=0x00007f843bce6538)
0x00007f843bce6538:   00007f844095a051 00007f8449d0f9f8
0x00007f843bce6548:   0000000000000000 00007f8449d0f9f8
0x00007f843bce6558:   00007f843bce6648 00007f838c0102f0
0x00007f843bce6568:   00007f844084bf4d 00007f8449d0f9f8
0x00007f843bce6578:   00007f843bce65a0 0000000000000000
0x00007f843bce6588:   00007f8440843973 00007f8449d0f9f8
0x00007f843bce6598:   00007f844095328f 00007f843bce6610
0x00007f843bce65a8:   00007f844d017a34 00007f843bce6690
0x00007f843bce65b8:   00007f844d477c54 00007f843bce6690
0x00007f843bce65c8:   00007f844d4663ac 00007f843bce65d0
0x00007f843bce65d8:   0000000000000000 00007f843bce6648
0x00007f843bce65e8:   00007f8449d14088 0000000000000000
0x00007f843bce65f8:   00007f8449d0f9f8 0000000000000000
0x00007f843bce6608:   00007f843bce6630 00007f843bce6690
0x00007f843bce6618:   00007f844d007a90 000000071a398040
0x00007f843bce6628:   00007f844d011520 0000000000000000
0x00007f843bce6638:   00007f843bce6690 00007f838c003170
0x00007f843bce6648:   000000071a60f7c0 00007f843bce6650
0x00007f843bce6658:   00007f8449cd2b6c 00007f843bce66d8
0x00007f843bce6668:   00007f8449cec560 0000000000000000
0x00007f843bce6678:   00007f8449cd2ca8 00007f843bce6630
0x00007f843bce6688:   00007f843bce66d0 00007f843bce6720
0x00007f843bce6698:   00007f844d0082bd 0000000000000000
0x00007f843bce66a8:   0000000000000000 0000000000000000
0x00007f843bce66b8:   0000000000000000 0000000000000000
0x00007f843bce66c8:   000000071a60f7c0 0000000000000000
0x00007f843bce66d8:   000000071a3cfb20 00007f843bce66e0
0x00007f843bce66e8:   00007f8449cd29ad 00007f843bce6730
0x00007f843bce66f8:   00007f8449cec560 0000000000000000
0x00007f843bce6708:   00007f8449cd29b8 00007f843bce66d0
0x00007f843bce6718:   00007f843bce6730 00007f843bce6778
0x00007f843bce6728:   00007f844d008302 000000071a3cfb20 

Instructions: (pc=0x00007f844d069a7a)
0x00007f844d069a5a:   00 00 00 00 00 00 44 8b 15 a1 e4 3f 15 4c 8b ce
0x00007f844d069a6a:   41 f6 c2 01 0f 85 2e 00 00 00 4d 33 ca 4d 33 ca
0x00007f844d069a7a:   4d 8b 09 4c 8b da 49 c1 eb 02 4b 8b 04 19 49 bb
0x00007f844d069a8a:   08 7f 46 62 84 7f 00 00 4c 33 d8 4c 33 d8 45 3b 

Register to memory mapping:

RAX=0x00007f8462428400: <offset 0xf90400> in /usr/local/MATLAB/R2018b/sys/java/jre/glnxa64/jre/lib/amd64/server/libjvm.so at 0x00007f8461498000
RBX=0x00007f845c3689f8 is an unknown value
RCX=0x00007f84624031a0: <offset 0xf6b1a0> in /usr/local/MATLAB/R2018b/sys/java/jre/glnxa64/jre/lib/amd64/server/libjvm.so at 0x00007f8461498000
RDX=0x0000000000000042 is an unknown value
RSP=0x00007f843bce6538 is pointing into the stack for thread: 0x00007f845c368800
RBP=0x00007f843bce6560 is pointing into the stack for thread: 0x00007f845c368800
RSI=0x0000000000000000 is an unknown value
RDI=0x00007f845c3689f8 is an unknown value
R8 =0x00007f845c368800 is a thread
R9 =0x0000000000000000 is an unknown value
R10=0x000000000000000a is an unknown value
R11=0x00007f8461e63f50: <offset 0x9cbf50> in /usr/local/MATLAB/R2018b/sys/java/jre/glnxa64/jre/lib/amd64/server/libjvm.so at 0x00007f8461498000
R12=0x0000000000000000 is an unknown value
R13=0x0000000000000000 is an unknown value
R14=0x00007f8440b7b820: <offset 0x258820> in /usr/local/MATLAB/R2018b/sys/java/jre/glnxa64/jre/lib/amd64/libawt_xawt.so at 0x00007f8440923000
R15=0x00007f845c368800 is a thread


Stack: [0x00007f843bbe7000,0x00007f843bce8000],  sp=0x00007f843bce6538,  free space=1021k
Native frames: (J=compiled Java code, j=interpreted, Vv=VM code, C=native code)
v  ~BufferBlob::jni_fast_GetLongField
C  [libX11.so.6+0x65f4d]  _XimServerDestroy+0x4d

Java frames: (J=compiled Java code, j=interpreted, Vv=VM code)
j  sun.awt.X11.XlibWrapper.XFilterEvent(JJ)Z+0
j  sun.awt.X11.XToolkit.run(Z)V+300
j  sun.awt.X11.XToolkit.run()V+5
j  java.lang.Thread.run()V+11
v  ~StubRoutines::call_stub

---------------  P R O C E S S  ---------------

Java Threads: ( => current thread )
  0x00007f838411c000 JavaThread "Timer-0" daemon [_thread_blocked, id=292886, stack(0x00007f8433bfe000,0x00007f8433cff000)]
  0x00007f8384094800 JavaThread "TimerQueue" daemon [_thread_blocked, id=292885, stack(0x00007f8433eff000,0x00007f8434000000)]
  0x00007f838403c000 JavaThread "Image Fetcher 0" daemon [_thread_blocked, id=292884, stack(0x00007f843b8e4000,0x00007f843b9e5000)]
  0x00007f845c00b800 JavaThread "DestroyJavaVM" [_thread_blocked, id=292843, stack(0x00007f8461249000,0x00007f8461349000)]
  0x00007f845c36c800 JavaThread "AWT-EventQueue-0" [_thread_blocked, id=292883, stack(0x00007f843b9e5000,0x00007f843bae6000)]
  0x00007f845c36b000 JavaThread "AWT-Shutdown" [_thread_blocked, id=292882, stack(0x00007f843bae6000,0x00007f843bbe7000)]
=>0x00007f845c368800 JavaThread "AWT-XAWT" daemon [_thread_in_native, id=292881, stack(0x00007f843bbe7000,0x00007f843bce8000)]
  0x00007f845c34b000 JavaThread "Java2D Disposer" daemon [_thread_blocked, id=292880, stack(0x00007f843bce8000,0x00007f843bde9000)]
  0x00007f845c0f7000 JavaThread "Service Thread" daemon [_thread_blocked, id=292873, stack(0x00007f8440fe4000,0x00007f84410e5000)]
  0x00007f845c0ec000 JavaThread "C1 CompilerThread11" daemon [_thread_blocked, id=292872, stack(0x00007f84410e6000,0x00007f84411e6000)]
  0x00007f845c0ea000 JavaThread "C1 CompilerThread10" daemon [_thread_blocked, id=292871, stack(0x00007f84411e7000,0x00007f84412e7000)]
  0x00007f845c0e7800 JavaThread "C1 CompilerThread9" daemon [_thread_blocked, id=292870, stack(0x00007f84412e8000,0x00007f84413e8000)]
  0x00007f845c0e6000 JavaThread "C1 CompilerThread8" daemon [_thread_blocked, id=292869, stack(0x00007f84413e9000,0x00007f84414e9000)]
  0x00007f845c0e3800 JavaThread "C2 CompilerThread7" daemon [_thread_blocked, id=292868, stack(0x00007f84414ea000,0x00007f84415ea000)]
  0x00007f845c0e1800 JavaThread "C2 CompilerThread6" daemon [_thread_blocked, id=292867, stack(0x00007f84415eb000,0x00007f84416eb000)]
  0x00007f845c0df800 JavaThread "C2 CompilerThread5" daemon [_thread_blocked, id=292866, stack(0x00007f84416ec000,0x00007f84417ec000)]
  0x00007f845c0d5000 JavaThread "C2 CompilerThread4" daemon [_thread_blocked, id=292865, stack(0x00007f84417ed000,0x00007f84418ed000)]
  0x00007f845c0d3000 JavaThread "C2 CompilerThread3" daemon [_thread_blocked, id=292864, stack(0x00007f84418ee000,0x00007f84419ee000)]
  0x00007f845c0d1000 JavaThread "C2 CompilerThread2" daemon [_thread_blocked, id=292863, stack(0x00007f84419ef000,0x00007f8441aef000)]
  0x00007f845c0cf000 JavaThread "C2 CompilerThread1" daemon [_thread_blocked, id=292862, stack(0x00007f8441af0000,0x00007f8441bf0000)]
  0x00007f845c0cc000 JavaThread "C2 CompilerThread0" daemon [_thread_blocked, id=292861, stack(0x00007f8441bf1000,0x00007f8441cf1000)]
  0x00007f845c0ca800 JavaThread "Signal Dispatcher" daemon [_thread_blocked, id=292860, stack(0x00007f8441cf1000,0x00007f8441df2000)]
  0x00007f845c097800 JavaThread "Finalizer" daemon [_thread_blocked, id=292859, stack(0x00007f8442663000,0x00007f8442764000)]
  0x00007f845c093000 JavaThread "Reference Handler" daemon [_thread_blocked, id=292858, stack(0x00007f8442764000,0x00007f8442865000)]

Other Threads:
  0x00007f845c08b000 VMThread [stack: 0x00007f8442866000,0x00007f8442966000] [id=292857]
  0x00007f845c0fc000 WatcherThread [stack: 0x00007f8440ee4000,0x00007f8440fe4000] [id=292874]

VM state:not at safepoint (normal execution)

VM Mutex/Monitor currently owned by a thread: None

Heap:
 PSYoungGen      total 149504K, used 30843K [0x0000000719700000, 0x0000000723d80000, 0x00000007c0000000)
  eden space 128512K, 24% used [0x0000000719700000,0x000000071b51eec8,0x0000000721480000)
  from space 20992K, 0% used [0x0000000722900000,0x0000000722900000,0x0000000723d80000)
  to   space 20992K, 0% used [0x0000000721480000,0x0000000721480000,0x0000000722900000)
 ParOldGen       total 341504K, used 0K [0x00000005cc400000, 0x00000005e1180000, 0x0000000719700000)
  object space 341504K, 0% used [0x00000005cc400000,0x00000005cc400000,0x00000005e1180000)
 Metaspace       used 13268K, capacity 13416K, committed 13568K, reserved 1060864K
  class space    used 1620K, capacity 1696K, committed 1792K, reserved 1048576K

Card table byte_map: [0x00007f844c061000,0x00007f844d000000] byte_map_base: 0x00007f84491ff000

Marking Bits: (ParMarkBitMap*) 0x00007f84624671a0
 Begin Bits: [0x00007f8403611000, 0x00007f840b301000)
 End Bits:   [0x00007f840b301000, 0x00007f8412ff1000)

Polling page: 0x00007f8462909000

CodeCache: size=245760Kb used=4702Kb max_used=4715Kb free=241057Kb
 bounds [0x00007f844d000000, 0x00007f844d4a0000, 0x00007f845c000000]
 total_blobs=1435 nmethods=862 adapters=484
 compilation: enabled

Compilation events (10 events):
Event: 0.213 Thread 0x00007f845c0ec000 nmethod 857 0x00007f844d492610 code [0x00007f844d492780, 0x00007f844d492970]
Event: 0.213 Thread 0x00007f845c0ea000  858       1       java.util.LinkedList::size (5 bytes)
Event: 0.213 Thread 0x00007f845c0ea000 nmethod 858 0x00007f844d4929d0 code [0x00007f844d492b20, 0x00007f844d492c30]
Event: 0.215 Thread 0x00007f845c0e7800  859       3       java.awt.Component::getForeground (29 bytes)
Event: 0.215 Thread 0x00007f845c0e6000  860       3       java.awt.font.FontRenderContext::equals (127 bytes)
Event: 0.215 Thread 0x00007f845c0e7800 nmethod 859 0x00007f844d493090 code [0x00007f844d493220, 0x00007f844d493668]
Event: 0.216 Thread 0x00007f845c0e6000 nmethod 860 0x00007f844d493790 code [0x00007f844d493a40, 0x00007f844d494d98]
Event: 0.219 Thread 0x00007f845c0cc000 nmethod 850 0x00007f844d4991d0 code [0x00007f844d499420, 0x00007f844d49a688]
Event: 1.047 Thread 0x00007f845c0ec000  862       3       sun.awt.X11.XPropertyEvent::get_atom (20 bytes)
Event: 1.047 Thread 0x00007f845c0ec000 nmethod 862 0x00007f844d498710 code [0x00007f844d4988a0, 0x00007f844d498c88]

GC Heap History (0 events):
No events

Deoptimization events (4 events):
Event: 0.160 Thread 0x00007f845c36c800 Uncommon trap: reason=class_check action=maybe_recompile pc=0x00007f844d2c2e08 method=java.lang.String.equals(Ljava/lang/Object;)Z @ 8
Event: 0.160 Thread 0x00007f845c36c800 Uncommon trap: reason=class_check action=maybe_recompile pc=0x00007f844d2c2e08 method=java.lang.String.equals(Ljava/lang/Object;)Z @ 8
Event: 0.160 Thread 0x00007f845c36c800 Uncommon trap: reason=class_check action=maybe_recompile pc=0x00007f844d2c2e08 method=java.lang.String.equals(Ljava/lang/Object;)Z @ 8
Event: 0.160 Thread 0x00007f845c36c800 Uncommon trap: reason=class_check action=maybe_recompile pc=0x00007f844d2c2e08 method=java.lang.String.equals(Ljava/lang/Object;)Z @ 8

Classes redefined (0 events):
No events

Internal exceptions (10 events):
Event: 0.043 Thread 0x00007f845c00b800 Exception <a 'java/security/PrivilegedActionException'> (0x00000007197d1a18) thrown at [/HUDSON/workspace/8-2-build-linux-amd64/jdk8u152/9742/hotspot/src/share/vm/prims/jvm.cpp, line 1390]
Event: 0.043 Thread 0x00007f845c00b800 Exception <a 'java/security/PrivilegedActionException'> (0x00000007197d1c28) thrown at [/HUDSON/workspace/8-2-build-linux-amd64/jdk8u152/9742/hotspot/src/share/vm/prims/jvm.cpp, line 1390]
Event: 0.043 Thread 0x00007f845c00b800 Exception <a 'java/security/PrivilegedActionException'> (0x00000007197d47f0) thrown at [/HUDSON/workspace/8-2-build-linux-amd64/jdk8u152/9742/hotspot/src/share/vm/prims/jvm.cpp, line 1390]
Event: 0.043 Thread 0x00007f845c00b800 Exception <a 'java/security/PrivilegedActionException'> (0x00000007197d4a00) thrown at [/HUDSON/workspace/8-2-build-linux-amd64/jdk8u152/9742/hotspot/src/share/vm/prims/jvm.cpp, line 1390]
Event: 0.060 Thread 0x00007f845c00b800 Exception <a 'java/lang/NoSuchFieldError': method resolution failed> (0x00000007198a0d20) thrown at [/HUDSON/workspace/8-2-build-linux-amd64/jdk8u152/9742/hotspot/src/share/vm/prims/methodHandles.cpp, line 1167]
Event: 0.061 Thread 0x00007f845c00b800 Exception <a 'java/lang/NoSuchFieldError': method resolution failed> (0x00000007198ae440) thrown at [/HUDSON/workspace/8-2-build-linux-amd64/jdk8u152/9742/hotspot/src/share/vm/prims/methodHandles.cpp, line 1167]
Event: 0.068 Thread 0x00007f845c00b800 Exception <a 'java/io/FileNotFoundException'> (0x000000071992f760) thrown at [/HUDSON/workspace/8-2-build-linux-amd64/jdk8u152/9742/hotspot/src/share/vm/prims/jni.cpp, line 709]
Event: 0.068 Thread 0x00007f845c00b800 Exception <a 'java/io/FileNotFoundException'> (0x00000007199301e8) thrown at [/HUDSON/workspace/8-2-build-linux-amd64/jdk8u152/9742/hotspot/src/share/vm/prims/jni.cpp, line 709]
Event: 0.074 Thread 0x00007f845c00b800 Exception <a 'java/security/PrivilegedActionException'> (0x000000071996d988) thrown at [/HUDSON/workspace/8-2-build-linux-amd64/jdk8u152/9742/hotspot/src/share/vm/prims/jvm.cpp, line 1390]
Event: 0.074 Thread 0x00007f845c00b800 Exception <a 'java/security/PrivilegedActionException'> (0x000000071996db98) thrown at [/HUDSON/workspace/8-2-build-linux-amd64/jdk8u152/9742/hotspot/src/share/vm/prims/jvm.cpp, line 1390]

Events (10 events):
Event: 0.215 loading class java/text/AttributedString
Event: 0.215 loading class java/text/AttributedString done
Event: 0.215 loading class java/text/AttributedString$AttributedStringIterator
Event: 0.215 loading class java/text/AttributedCharacterIterator
Event: 0.215 loading class java/text/AttributedCharacterIterator done
Event: 0.215 loading class java/text/AttributedString$AttributedStringIterator done
Event: 1.026 loading class sun/awt/X11/XkbEvent
Event: 1.026 loading class sun/awt/X11/XkbEvent done
Event: 1.027 loading class sun/awt/X11/XkbAnyEvent
Event: 1.027 loading class sun/awt/X11/XkbAnyEvent done


Dynamic libraries:
00400000-00401000 r-xp 00000000 103:02 70517589                          /usr/local/MATLAB/R2018b/sys/java/jre/glnxa64/jre/bin/java
00600000-00601000 rw-p 00000000 103:02 70517589                          /usr/local/MATLAB/R2018b/sys/java/jre/glnxa64/jre/bin/java
0087e000-0089f000 rw-p 00000000 00:00 0                                  [heap]
5cc400000-5e1180000 rw-p 00000000 00:00 0 
5e1180000-719700000 ---p 00000000 00:00 0 
719700000-723d80000 rw-p 00000000 00:00 0 
723d80000-7c0000000 ---p 00000000 00:00 0 
7c0000000-7c01c0000 rw-p 00000000 00:00 0 
7c01c0000-800000000 ---p 00000000 00:00 0 
7f837c000000-7f837c021000 rw-p 00000000 00:00 0 
7f837c021000-7f8380000000 ---p 00000000 00:00 0 
7f8380000000-7f8380021000 rw-p 00000000 00:00 0 
7f8380021000-7f8384000000 ---p 00000000 00:00 0 
7f8384000000-7f83843b1000 rw-p 00000000 00:00 0 
7f83843b1000-7f8388000000 ---p 00000000 00:00 0 
7f8388000000-7f838802a000 rw-p 00000000 00:00 0 
7f838802a000-7f838c000000 ---p 00000000 00:00 0 
7f838c000000-7f838c030000 rw-p 00000000 00:00 0 
7f838c030000-7f8390000000 ---p 00000000 00:00 0 
7f8390000000-7f8390021000 rw-p 00000000 00:00 0 
7f8390021000-7f8394000000 ---p 00000000 00:00 0 
7f8394000000-7f8394021000 rw-p 00000000 00:00 0 
7f8394021000-7f8398000000 ---p 00000000 00:00 0 
7f8398000000-7f8398021000 rw-p 00000000 00:00 0 
7f8398021000-7f839c000000 ---p 00000000 00:00 0 
7f839c000000-7f839c0a7000 rw-p 00000000 00:00 0 
7f839c0a7000-7f83a0000000 ---p 00000000 00:00 0 
7f83a0000000-7f83a0021000 rw-p 00000000 00:00 0 
7f83a0021000-7f83a4000000 ---p 00000000 00:00 0 
7f83a4000000-7f83a40ea000 rw-p 00000000 00:00 0 
7f83a40ea000-7f83a8000000 ---p 00000000 00:00 0 
7f83a8000000-7f83a80d0000 rw-p 00000000 00:00 0 
7f83a80d0000-7f83ac000000 ---p 00000000 00:00 0 
7f83ac000000-7f83ac021000 rw-p 00000000 00:00 0 
7f83ac021000-7f83b0000000 ---p 00000000 00:00 0 
7f83b0000000-7f83b00c3000 rw-p 00000000 00:00 0 
7f83b00c3000-7f83b4000000 ---p 00000000 00:00 0 
7f83b4000000-7f83b4021000 rw-p 00000000 00:00 0 
7f83b4021000-7f83b8000000 ---p 00000000 00:00 0 
7f83b8000000-7f83b8090000 rw-p 00000000 00:00 0 
7f83b8090000-7f83bc000000 ---p 00000000 00:00 0 
7f83bc000000-7f83bc021000 rw-p 00000000 00:00 0 
7f83bc021000-7f83c0000000 ---p 00000000 00:00 0 
7f83c0000000-7f83c0021000 rw-p 00000000 00:00 0 
7f83c0021000-7f83c4000000 ---p 00000000 00:00 0 
7f83c4000000-7f83c4036000 rw-p 00000000 00:00 0 
7f83c4036000-7f83c8000000 ---p 00000000 00:00 0 
7f83c8000000-7f83c8021000 rw-p 00000000 00:00 0 
7f83c8021000-7f83cc000000 ---p 00000000 00:00 0 
7f83cc000000-7f83cc021000 rw-p 00000000 00:00 0 
7f83cc021000-7f83d0000000 ---p 00000000 00:00 0 
7f83d0000000-7f83d0104000 rw-p 00000000 00:00 0 
7f83d0104000-7f83d4000000 ---p 00000000 00:00 0 
7f83d4000000-7f83d4021000 rw-p 00000000 00:00 0 
7f83d4021000-7f83d8000000 ---p 00000000 00:00 0 
7f83d8000000-7f83d8021000 rw-p 00000000 00:00 0 
7f83d8021000-7f83dc000000 ---p 00000000 00:00 0 
7f83dc000000-7f83dc021000 rw-p 00000000 00:00 0 
7f83dc021000-7f83e0000000 ---p 00000000 00:00 0 
7f83e0000000-7f83e0021000 rw-p 00000000 00:00 0 
7f83e0021000-7f83e4000000 ---p 00000000 00:00 0 
7f83e4000000-7f83e4021000 rw-p 00000000 00:00 0 
7f83e4021000-7f83e8000000 ---p 00000000 00:00 0 
7f83ec000000-7f83ec021000 rw-p 00000000 00:00 0 
7f83ec021000-7f83f0000000 ---p 00000000 00:00 0 
7f83f0000000-7f83f0021000 rw-p 00000000 00:00 0 
7f83f0021000-7f83f4000000 ---p 00000000 00:00 0 
7f83f4000000-7f83f4021000 rw-p 00000000 00:00 0 
7f83f4021000-7f83f8000000 ---p 00000000 00:00 0 
7f83fc000000-7f83fc021000 rw-p 00000000 00:00 0 
7f83fc021000-7f8400000000 ---p 00000000 00:00 0 
7f8403611000-7f8412ff1000 rw-p 00000000 00:00 0 
7f8414000000-7f8414021000 rw-p 00000000 00:00 0 
7f8414021000-7f8418000000 ---p 00000000 00:00 0 
7f841c000000-7f841c021000 rw-p 00000000 00:00 0 
7f841c021000-7f8420000000 ---p 00000000 00:00 0 
7f8424000000-7f8424021000 rw-p 00000000 00:00 0 
7f8424021000-7f8428000000 ---p 00000000 00:00 0 
7f842c000000-7f842c021000 rw-p 00000000 00:00 0 
7f842c021000-7f8430000000 ---p 00000000 00:00 0 
7f8433bfe000-7f8433c01000 ---p 00000000 00:00 0 
7f8433c01000-7f8433e7f000 rw-p 00000000 00:00 0 
7f8433e7f000-7f8433eff000 ---p 00000000 00:00 0 
7f8433eff000-7f8433f02000 ---p 00000000 00:00 0 
7f8433f02000-7f8434000000 rw-p 00000000 00:00 0 
7f8434000000-7f8434021000 rw-p 00000000 00:00 0 
7f8434021000-7f8438000000 ---p 00000000 00:00 0 
7f843803b000-7f84380a5000 r-xp 00000000 103:02 70517778                  /usr/local/MATLAB/R2018b/sys/java/jre/glnxa64/jre/lib/amd64/libt2k.so
7f84380a5000-7f84382a4000 ---p 0006a000 103:02 70517778                  /usr/local/MATLAB/R2018b/sys/java/jre/glnxa64/jre/lib/amd64/libt2k.so
7f84382a4000-7f84382ab000 rw-p 00069000 103:02 70517778                  /usr/local/MATLAB/R2018b/sys/java/jre/glnxa64/jre/lib/amd64/libt2k.so
7f84382ab000-7f84382bb000 rw-p 00000000 00:00 0 
7f84382bb000-7f84382cc000 r-xp 00000000 103:02 70517816                  /usr/local/MATLAB/R2018b/sys/java/jre/glnxa64/jre/lib/amd64/libnio.so
7f84382cc000-7f84384cb000 ---p 00011000 103:02 70517816                  /usr/local/MATLAB/R2018b/sys/java/jre/glnxa64/jre/lib/amd64/libnio.so
7f84384cb000-7f84384cc000 rw-p 00010000 103:02 70517816                  /usr/local/MATLAB/R2018b/sys/java/jre/glnxa64/jre/lib/amd64/libnio.so
7f84384cc000-7f843b4cd000 rw-p 00000000 00:00 0 
7f843b4cd000-7f843b4e3000 r-xp 00000000 103:02 70517829                  /usr/local/MATLAB/R2018b/sys/java/jre/glnxa64/jre/lib/amd64/libnet.so
7f843b4e3000-7f843b6e3000 ---p 00016000 103:02 70517829                  /usr/local/MATLAB/R2018b/sys/java/jre/glnxa64/jre/lib/amd64/libnet.so
7f843b6e3000-7f843b6e4000 rw-p 00016000 103:02 70517829                  /usr/local/MATLAB/R2018b/sys/java/jre/glnxa64/jre/lib/amd64/libnet.so
7f843b6e4000-7f843b8e4000 rw-p 00000000 00:00 0 
7f843b8e4000-7f843b8e7000 ---p 00000000 00:00 0 
7f843b8e7000-7f843b9e5000 rw-p 00000000 00:00 0 
7f843b9e5000-7f843b9e8000 ---p 00000000 00:00 0 
7f843b9e8000-7f843bae6000 rw-p 00000000 00:00 0 
7f843bae6000-7f843bae9000 ---p 00000000 00:00 0 
7f843bae9000-7f843bbe7000 rw-p 00000000 00:00 0 
7f843bbe7000-7f843bbea000 ---p 00000000 00:00 0 
7f843bbea000-7f843bce8000 rw-p 00000000 00:00 0 
7f843bce8000-7f843bceb000 ---p 00000000 00:00 0 
7f843bceb000-7f843bde9000 rw-p 00000000 00:00 0 
7f843bde9000-7f843bdff000 r-xp 00000000 103:02 70389790                  /usr/local/MATLAB/R2018b/sys/os/glnxa64/libgcc_s.so.1
7f843bdff000-7f843bffe000 ---p 00016000 103:02 70389790                  /usr/local/MATLAB/R2018b/sys/os/glnxa64/libgcc_s.so.1
7f843bffe000-7f843bfff000 r--p 00015000 103:02 70389790                  /usr/local/MATLAB/R2018b/sys/os/glnxa64/libgcc_s.so.1
7f843bfff000-7f843c000000 rw-p 00016000 103:02 70389790                  /usr/local/MATLAB/R2018b/sys/os/glnxa64/libgcc_s.so.1
7f843c000000-7f843c021000 rw-p 00000000 00:00 0 
7f843c021000-7f8440000000 ---p 00000000 00:00 0 
7f8440083000-7f8440086000 rw-s 00000000 00:01 327715                     /SYSV00000000 (deleted)
7f8440086000-7f8440088000 r--p 00000000 103:02 70261845                  /usr/lib/x86_64-linux-gnu/libXfixes.so.3.1.0
7f8440088000-7f844008b000 r-xp 00002000 103:02 70261845                  /usr/lib/x86_64-linux-gnu/libXfixes.so.3.1.0
7f844008b000-7f844008c000 r--p 00005000 103:02 70261845                  /usr/lib/x86_64-linux-gnu/libXfixes.so.3.1.0
7f844008c000-7f844008d000 r--p 00005000 103:02 70261845                  /usr/lib/x86_64-linux-gnu/libXfixes.so.3.1.0
7f844008d000-7f844008e000 rw-p 00006000 103:02 70261845                  /usr/lib/x86_64-linux-gnu/libXfixes.so.3.1.0
7f844008e000-7f8440091000 r--p 00000000 103:02 70261837                  /usr/lib/x86_64-linux-gnu/libXcursor.so.1.0.2
7f8440091000-7f8440097000 r-xp 00003000 103:02 70261837                  /usr/lib/x86_64-linux-gnu/libXcursor.so.1.0.2
7f8440097000-7f8440099000 r--p 00009000 103:02 70261837                  /usr/lib/x86_64-linux-gnu/libXcursor.so.1.0.2
7f8440099000-7f844009a000 r--p 0000a000 103:02 70261837                  /usr/lib/x86_64-linux-gnu/libXcursor.so.1.0.2
7f844009a000-7f844009b000 rw-p 0000b000 103:02 70261837                  /usr/lib/x86_64-linux-gnu/libXcursor.so.1.0.2
7f844009c000-7f84400af000 r--s 00345000 103:02 70517604                  /usr/local/MATLAB/R2018b/sys/java/jre/glnxa64/jre/lib/resources.jar
7f84400af000-7f8440114000 r-xp 00000000 103:02 70517802                  /usr/local/MATLAB/R2018b/sys/java/jre/glnxa64/jre/lib/amd64/libfontmanager.so
7f8440114000-7f8440313000 ---p 00065000 103:02 70517802                  /usr/local/MATLAB/R2018b/sys/java/jre/glnxa64/jre/lib/amd64/libfontmanager.so
7f8440313000-7f8440318000 rw-p 00064000 103:02 70517802                  /usr/local/MATLAB/R2018b/sys/java/jre/glnxa64/jre/lib/amd64/libfontmanager.so
7f8440318000-7f8440328000 rw-p 00000000 00:00 0 
7f8440328000-7f8440329000 r--s 00000000 103:02 70396179                  /usr/local/MATLAB/R2018b/java/jar/zh_CN/fatalexit_res.jar
7f8440329000-7f844032d000 r--s 0001f000 103:02 73142638                  /usr/local/MATLAB/R2018b/java/jarext/axis2/XmlSchema.jar
7f844032d000-7f8440333000 r--s 0007a000 103:02 73142637                  /usr/local/MATLAB/R2018b/java/jarext/axis2/wstx-asl.jar
7f8440333000-7f8440338000 r--s 00020000 103:02 73142636                  /usr/local/MATLAB/R2018b/java/jarext/axis2/wsdl4j.jar
7f8440338000-7f844033a000 r--s 00007000 103:02 73142635                  /usr/local/MATLAB/R2018b/java/jarext/axis2/neethi.jar
7f844033a000-7f8440340000 r--s 00059000 103:02 73142634                  /usr/local/MATLAB/R2018b/java/jarext/axis2/mail.jar
7f8440340000-7f8440345000 r--s 00026000 103:02 73142633                  /usr/local/MATLAB/R2018b/java/jarext/axis2/httpcore.jar
7f8440345000-7f8440347000 r--s 00006000 103:02 73142632                  /usr/local/MATLAB/R2018b/java/jarext/axis2/geronimo-stax-api.jar
7f8440347000-7f844034d000 r--s 00045000 103:02 73142631                  /usr/local/MATLAB/R2018b/java/jarext/axis2/commons-httpclient.jar
7f844034d000-7f8440350000 r--s 00023000 103:02 73142629                  /usr/local/MATLAB/R2018b/java/jarext/axis2/axis2-transport-http.jar
7f8440350000-7f844035d000 r--s 000e8000 103:02 73142628                  /usr/local/MATLAB/R2018b/java/jarext/axis2/axis2-kernel.jar
7f844035d000-7f8440368000 r--s 000b4000 103:02 73142627                  /usr/local/MATLAB/R2018b/java/jarext/axis2/axis2-adb.jar
7f8440368000-7f844036b000 r--s 0001b000 103:02 73142626                  /usr/local/MATLAB/R2018b/java/jarext/axis2/axiom-impl.jar
7f844036b000-7f8440374000 r--s 0005d000 103:02 73142625                  /usr/local/MATLAB/R2018b/java/jarext/axis2/axiom-api.jar
7f8440374000-7f844037c000 r--s 00053000 103:02 70388435                  /usr/local/MATLAB/R2018b/java/jarext/jgoodies-looks.jar
7f844037c000-7f8440380000 r--s 00038000 103:02 70389998                  /usr/local/MATLAB/R2018b/java/jarext/commons-lang.jar
7f8440380000-7f8440384000 r--p 00000000 103:02 70261997                  /usr/lib/x86_64-linux-gnu/libbsd.so.0.10.0
7f8440384000-7f8440393000 r-xp 00004000 103:02 70261997                  /usr/lib/x86_64-linux-gnu/libbsd.so.0.10.0
7f8440393000-7f8440396000 r--p 00013000 103:02 70261997                  /usr/lib/x86_64-linux-gnu/libbsd.so.0.10.0
7f8440396000-7f8440397000 ---p 00016000 103:02 70261997                  /usr/lib/x86_64-linux-gnu/libbsd.so.0.10.0
7f8440397000-7f8440398000 r--p 00016000 103:02 70261997                  /usr/lib/x86_64-linux-gnu/libbsd.so.0.10.0
7f8440398000-7f8440399000 rw-p 00017000 103:02 70261997                  /usr/lib/x86_64-linux-gnu/libbsd.so.0.10.0
7f8440399000-7f844039a000 rw-p 00000000 00:00 0 
7f844039a000-7f84403a5000 r--p 00000000 103:02 70263314                  /usr/lib/x86_64-linux-gnu/libxcb.so.1.1.0
7f84403a5000-7f84403b9000 r-xp 0000b000 103:02 70263314                  /usr/lib/x86_64-linux-gnu/libxcb.so.1.1.0
7f84403b9000-7f84403c2000 r--p 0001f000 103:02 70263314                  /usr/lib/x86_64-linux-gnu/libxcb.so.1.1.0
7f84403c2000-7f84403c3000 r--p 00027000 103:02 70263314                  /usr/lib/x86_64-linux-gnu/libxcb.so.1.1.0
7f84403c3000-7f84403c4000 rw-p 00028000 103:02 70263314                  /usr/lib/x86_64-linux-gnu/libxcb.so.1.1.0
7f84403c4000-7f84403c6000 r--p 00000000 103:02 70261851                  /usr/lib/x86_64-linux-gnu/libXi.so.6.1.0
7f84403c6000-7f84403d1000 r-xp 00002000 103:02 70261851                  /usr/lib/x86_64-linux-gnu/libXi.so.6.1.0
7f84403d1000-7f84403d4000 r--p 0000d000 103:02 70261851                  /usr/lib/x86_64-linux-gnu/libXi.so.6.1.0
7f84403d4000-7f84403d5000 r--p 0000f000 103:02 70261851                  /usr/lib/x86_64-linux-gnu/libXi.so.6.1.0
7f84403d5000-7f84403d6000 rw-p 00010000 103:02 70261851                  /usr/lib/x86_64-linux-gnu/libXi.so.6.1.0
7f84403d6000-7f84403db000 r-xp 00000000 103:02 70261869                  /usr/lib/x86_64-linux-gnu/libXtst.so.6.1.0
7f84403db000-7f84405da000 ---p 00005000 103:02 70261869                  /usr/lib/x86_64-linux-gnu/libXtst.so.6.1.0
7f84405da000-7f84405db000 r--p 00004000 103:02 70261869                  /usr/lib/x86_64-linux-gnu/libXtst.so.6.1.0
7f84405db000-7f84405dc000 rw-p 00005000 103:02 70261869                  /usr/lib/x86_64-linux-gnu/libXtst.so.6.1.0
7f84405dc000-7f84405e5000 r-xp 00000000 103:02 70261863                  /usr/lib/x86_64-linux-gnu/libXrender.so.1.3.0
7f84405e5000-7f84407e4000 ---p 00009000 103:02 70261863                  /usr/lib/x86_64-linux-gnu/libXrender.so.1.3.0
7f84407e4000-7f84407e5000 r--p 00008000 103:02 70261863                  /usr/lib/x86_64-linux-gnu/libXrender.so.1.3.0
7f84407e5000-7f84407e6000 rw-p 00009000 103:02 70261863                  /usr/lib/x86_64-linux-gnu/libXrender.so.1.3.0
7f84407e6000-7f84407fe000 r--p 00000000 103:02 70261826                  /usr/lib/x86_64-linux-gnu/libX11.so.6.3.0
7f84407fe000-7f8440889000 r-xp 00018000 103:02 70261826                  /usr/lib/x86_64-linux-gnu/libX11.so.6.3.0
7f8440889000-7f844091d000 r--p 000a3000 103:02 70261826                  /usr/lib/x86_64-linux-gnu/libX11.so.6.3.0
7f844091d000-7f844091e000 ---p 00137000 103:02 70261826                  /usr/lib/x86_64-linux-gnu/libX11.so.6.3.0
7f844091e000-7f844091f000 r--p 00137000 103:02 70261826                  /usr/lib/x86_64-linux-gnu/libX11.so.6.3.0
7f844091f000-7f8440923000 rw-p 00138000 103:02 70261826                  /usr/lib/x86_64-linux-gnu/libX11.so.6.3.0
7f8440923000-7f8440977000 r-xp 00000000 103:02 70517770                  /usr/local/MATLAB/R2018b/sys/java/jre/glnxa64/jre/lib/amd64/libawt_xawt.so
7f8440977000-7f8440b77000 ---p 00054000 103:02 70517770                  /usr/local/MATLAB/R2018b/sys/java/jre/glnxa64/jre/lib/amd64/libawt_xawt.so
7f8440b77000-7f8440b7b000 rw-p 00054000 103:02 70517770                  /usr/local/MATLAB/R2018b/sys/java/jre/glnxa64/jre/lib/amd64/libawt_xawt.so
7f8440b7b000-7f8440b7c000 rw-p 00000000 00:00 0 
7f8440b7c000-7f8440c1e000 r-xp 00000000 103:02 70517800                  /usr/local/MATLAB/R2018b/sys/java/jre/glnxa64/jre/lib/amd64/libawt.so
7f8440c1e000-7f8440e1e000 ---p 000a2000 103:02 70517800                  /usr/local/MATLAB/R2018b/sys/java/jre/glnxa64/jre/lib/amd64/libawt.so
7f8440e1e000-7f8440e2a000 rw-p 000a2000 103:02 70517800                  /usr/local/MATLAB/R2018b/sys/java/jre/glnxa64/jre/lib/amd64/libawt.so
7f8440e2a000-7f8440e4e000 rw-p 00000000 00:00 0 
7f8440e4e000-7f8440ee3000 r--s 01113000 103:02 70517850                  /usr/local/MATLAB/R2018b/sys/java/jre/glnxa64/jre/lib/ext/jfxrt.jar
7f8440ee3000-7f8440ee4000 ---p 00000000 00:00 0 
7f8440ee4000-7f8440fe4000 rw-p 00000000 00:00 0 
7f8440fe4000-7f8440fe7000 ---p 00000000 00:00 0 
7f8440fe7000-7f84410e5000 rw-p 00000000 00:00 0 
7f84410e5000-7f84410e6000 ---p 00000000 00:00 0 
7f84410e6000-7f84410e9000 ---p 00000000 00:00 0 
7f84410e9000-7f84411e6000 rw-p 00000000 00:00 0 
7f84411e6000-7f84411e7000 ---p 00000000 00:00 0 
7f84411e7000-7f84411ea000 ---p 00000000 00:00 0 
7f84411ea000-7f84412e7000 rw-p 00000000 00:00 0 
7f84412e7000-7f84412e8000 ---p 00000000 00:00 0 
7f84412e8000-7f84412eb000 ---p 00000000 00:00 0 
7f84412eb000-7f84413e8000 rw-p 00000000 00:00 0 
7f84413e8000-7f84413e9000 ---p 00000000 00:00 0 
7f84413e9000-7f84413ec000 ---p 00000000 00:00 0 
7f84413ec000-7f84414e9000 rw-p 00000000 00:00 0 
7f84414e9000-7f84414ea000 ---p 00000000 00:00 0 
7f84414ea000-7f84414ed000 ---p 00000000 00:00 0 
7f84414ed000-7f84415ea000 rw-p 00000000 00:00 0 
7f84415ea000-7f84415eb000 ---p 00000000 00:00 0 
7f84415eb000-7f84415ee000 ---p 00000000 00:00 0 
7f84415ee000-7f84416eb000 rw-p 00000000 00:00 0 
7f84416eb000-7f84416ec000 ---p 00000000 00:00 0 
7f84416ec000-7f84416ef000 ---p 00000000 00:00 0 
7f84416ef000-7f84417ec000 rw-p 00000000 00:00 0 
7f84417ec000-7f84417ed000 ---p 00000000 00:00 0 
7f84417ed000-7f84417f0000 ---p 00000000 00:00 0 
7f84417f0000-7f84418ed000 rw-p 00000000 00:00 0 
7f84418ed000-7f84418ee000 ---p 00000000 00:00 0 
7f84418ee000-7f84418f1000 ---p 00000000 00:00 0 
7f84418f1000-7f84419ee000 rw-p 00000000 00:00 0 
7f84419ee000-7f84419ef000 ---p 00000000 00:00 0 
7f84419ef000-7f84419f2000 ---p 00000000 00:00 0 
7f84419f2000-7f8441aef000 rw-p 00000000 00:00 0 
7f8441aef000-7f8441af0000 ---p 00000000 00:00 0 
7f8441af0000-7f8441af3000 ---p 00000000 00:00 0 
7f8441af3000-7f8441bf0000 rw-p 00000000 00:00 0 
7f8441bf0000-7f8441bf1000 ---p 00000000 00:00 0 
7f8441bf1000-7f8441bf4000 ---p 00000000 00:00 0 
7f8441bf4000-7f8441cf1000 rw-p 00000000 00:00 0 
7f8441cf1000-7f8441cf4000 ---p 00000000 00:00 0 
7f8441cf4000-7f8441df2000 rw-p 00000000 00:00 0 
7f8441df2000-7f8442663000 r--p 00000000 103:02 70259143                  /usr/lib/locale/locale-archive
7f8442663000-7f8442666000 ---p 00000000 00:00 0 
7f8442666000-7f8442764000 rw-p 00000000 00:00 0 
7f8442764000-7f8442767000 ---p 00000000 00:00 0 
7f8442767000-7f8442865000 rw-p 00000000 00:00 0 
7f8442865000-7f8442866000 ---p 00000000 00:00 0 
7f8442866000-7f8444000000 rw-p 00000000 00:00 0 
7f8444000000-7f8444021000 rw-p 00000000 00:00 0 
7f8444021000-7f8448000000 ---p 00000000 00:00 0 
7f8448000000-7f8448001000 r--s 00000000 103:02 70523336                  /usr/local/MATLAB/R2018b/java/jar/ja_JP/fatalexit_res.jar
7f8448001000-7f8448003000 r--s 0000e000 103:02 73142624                  /usr/local/MATLAB/R2018b/java/jarext/axis2/activation.jar
7f8448003000-7f8448007000 r--s 0002a000 103:02 70389080                  /usr/local/MATLAB/R2018b/java/jarext/commons-io.jar
7f8448007000-7f844800b000 r--p 00000000 103:02 70261843                  /usr/lib/x86_64-linux-gnu/libXext.so.6.4.0
7f844800b000-7f8448016000 r-xp 00004000 103:02 70261843                  /usr/lib/x86_64-linux-gnu/libXext.so.6.4.0
7f8448016000-7f844801a000 r--p 0000f000 103:02 70261843                  /usr/lib/x86_64-linux-gnu/libXext.so.6.4.0
7f844801a000-7f844801b000 r--p 00012000 103:02 70261843                  /usr/lib/x86_64-linux-gnu/libXext.so.6.4.0
7f844801b000-7f844801c000 rw-p 00013000 103:02 70261843                  /usr/lib/x86_64-linux-gnu/libXext.so.6.4.0
7f844801c000-7f84495a8000 rw-p 00000000 00:00 0 
7f84495a8000-7f8449782000 r--s 03d5f000 103:02 70517624                  /usr/local/MATLAB/R2018b/sys/java/jre/glnxa64/jre/lib/rt.jar
7f8449782000-7f844aff1000 rw-p 00000000 00:00 0 
7f844aff1000-7f844aff2000 ---p 00000000 00:00 0 
7f844aff2000-7f844b0f2000 rw-p 00000000 00:00 0 
7f844b0f2000-7f844b0f3000 ---p 00000000 00:00 0 
7f844b0f3000-7f844b1f3000 rw-p 00000000 00:00 0 
7f844b1f3000-7f844b1f4000 ---p 00000000 00:00 0 
7f844b1f4000-7f844b2f4000 rw-p 00000000 00:00 0 
7f844b2f4000-7f844b2f5000 ---p 00000000 00:00 0 
7f844b2f5000-7f844b3f5000 rw-p 00000000 00:00 0 
7f844b3f5000-7f844b3f6000 ---p 00000000 00:00 0 
7f844b3f6000-7f844b4f6000 rw-p 00000000 00:00 0 
7f844b4f6000-7f844b4f7000 ---p 00000000 00:00 0 
7f844b4f7000-7f844b69e000 rw-p 00000000 00:00 0 
7f844b69e000-7f844c061000 ---p 00000000 00:00 0 
7f844c061000-7f844c108000 rw-p 00000000 00:00 0 
7f844c108000-7f844caca000 ---p 00000000 00:00 0 
7f844caca000-7f844cb1e000 rw-p 00000000 00:00 0 
7f844cb1e000-7f844cfff000 ---p 00000000 00:00 0 
7f844cfff000-7f844d000000 rw-p 00000000 00:00 0 
7f844d000000-7f844d4a0000 rwxp 00000000 00:00 0 
7f844d4a0000-7f845c000000 ---p 00000000 00:00 0 
7f845c000000-7f845c50e000 rw-p 00000000 00:00 0 
7f845c50e000-7f8460000000 ---p 00000000 00:00 0 
7f8460000000-7f8460001000 r--s 00004000 103:02 73142630                  /usr/local/MATLAB/R2018b/java/jarext/axis2/axis2-transport-local.jar
7f8460001000-7f8460003000 r--s 0000d000 103:02 70390771                  /usr/local/MATLAB/R2018b/java/jarext/commons-logging.jar
7f8460003000-7f8460005000 r--s 0000a000 103:02 70390591                  /usr/local/MATLAB/R2018b/java/jarext/commons-codec.jar
7f8460005000-7f8460006000 r--s 00008000 103:02 70390589                  /usr/local/MATLAB/R2018b/java/jarext/commons-cli.jar
7f8460006000-7f8460009000 r--s 00008000 103:02 73141192                  /usr/local/MATLAB/R2018b/java/jarext/webservices/ws_client_core/mw-service-client-core.jar
7f8460009000-7f846000b000 r--p 00000000 103:02 70261841                  /usr/lib/x86_64-linux-gnu/libXdmcp.so.6.0.0
7f846000b000-7f846000d000 r-xp 00002000 103:02 70261841                  /usr/lib/x86_64-linux-gnu/libXdmcp.so.6.0.0
7f846000d000-7f846000f000 r--p 00004000 103:02 70261841                  /usr/lib/x86_64-linux-gnu/libXdmcp.so.6.0.0
7f846000f000-7f8460010000 r--p 00005000 103:02 70261841                  /usr/lib/x86_64-linux-gnu/libXdmcp.so.6.0.0
7f8460010000-7f8460011000 rw-p 00006000 103:02 70261841                  /usr/lib/x86_64-linux-gnu/libXdmcp.so.6.0.0
7f8460011000-7f84600f7000 rw-p 00000000 00:00 0 
7f84600f7000-7f84600f8000 ---p 00000000 00:00 0 
7f84600f8000-7f84601f8000 rw-p 00000000 00:00 0 
7f84601f8000-7f84601f9000 ---p 00000000 00:00 0 
7f84601f9000-7f84602f9000 rw-p 00000000 00:00 0 
7f84602f9000-7f84602fa000 ---p 00000000 00:00 0 
7f84602fa000-7f84603fa000 rw-p 00000000 00:00 0 
7f84603fa000-7f84603fb000 ---p 00000000 00:00 0 
7f84603fb000-7f84604fb000 rw-p 00000000 00:00 0 
7f84604fb000-7f84604fc000 ---p 00000000 00:00 0 
7f84604fc000-7f84605fc000 rw-p 00000000 00:00 0 
7f84605fc000-7f84605fd000 ---p 00000000 00:00 0 
7f84605fd000-7f84606fd000 rw-p 00000000 00:00 0 
7f84606fd000-7f84606fe000 ---p 00000000 00:00 0 
7f84606fe000-7f8460811000 rw-p 00000000 00:00 0 
7f8460811000-7f8460bbe000 ---p 00000000 00:00 0 
7f8460bbe000-7f8460bd9000 r-xp 00000000 103:02 70517797                  /usr/local/MATLAB/R2018b/sys/java/jre/glnxa64/jre/lib/amd64/libzip.so
7f8460bd9000-7f8460dd9000 ---p 0001b000 103:02 70517797                  /usr/local/MATLAB/R2018b/sys/java/jre/glnxa64/jre/lib/amd64/libzip.so
7f8460dd9000-7f8460dda000 rw-p 0001b000 103:02 70517797                  /usr/local/MATLAB/R2018b/sys/java/jre/glnxa64/jre/lib/amd64/libzip.so
7f8460dda000-7f8460ddd000 r--p 00000000 103:02 70262776                  /usr/lib/x86_64-linux-gnu/libnss_files-2.31.so
7f8460ddd000-7f8460de4000 r-xp 00003000 103:02 70262776                  /usr/lib/x86_64-linux-gnu/libnss_files-2.31.so
7f8460de4000-7f8460de6000 r--p 0000a000 103:02 70262776                  /usr/lib/x86_64-linux-gnu/libnss_files-2.31.so
7f8460de6000-7f8460de7000 r--p 0000b000 103:02 70262776                  /usr/lib/x86_64-linux-gnu/libnss_files-2.31.so
7f8460de7000-7f8460de8000 rw-p 0000c000 103:02 70262776                  /usr/lib/x86_64-linux-gnu/libnss_files-2.31.so
7f8460de8000-7f8460dee000 rw-p 00000000 00:00 0 
7f8460dee000-7f8460dfb000 r--s 000a7000 103:02 70388452                  /usr/local/MATLAB/R2018b/java/jarext/webservices/urlmanager/urlmanager.jar
7f8460dfb000-7f8460dfd000 r--s 00003000 103:02 70390960                  /usr/local/MATLAB/R2018b/java/jar/webproxy.jar
7f8460dfd000-7f8460e02000 r--s 00037000 103:02 70390356                  /usr/local/MATLAB/R2018b/java/jar/mlwebservices.jar
7f8460e02000-7f8460e2d000 r-xp 00000000 103:02 70517796                  /usr/local/MATLAB/R2018b/sys/java/jre/glnxa64/jre/lib/amd64/libjava.so
7f8460e2d000-7f846102c000 ---p 0002b000 103:02 70517796                  /usr/local/MATLAB/R2018b/sys/java/jre/glnxa64/jre/lib/amd64/libjava.so
7f846102c000-7f846102e000 rw-p 0002a000 103:02 70517796                  /usr/local/MATLAB/R2018b/sys/java/jre/glnxa64/jre/lib/amd64/libjava.so
7f846102e000-7f846103b000 r-xp 00000000 103:02 70517810                  /usr/local/MATLAB/R2018b/sys/java/jre/glnxa64/jre/lib/amd64/libverify.so
7f846103b000-7f846123b000 ---p 0000d000 103:02 70517810                  /usr/local/MATLAB/R2018b/sys/java/jre/glnxa64/jre/lib/amd64/libverify.so
7f846123b000-7f846123d000 rw-p 0000d000 103:02 70517810                  /usr/local/MATLAB/R2018b/sys/java/jre/glnxa64/jre/lib/amd64/libverify.so
7f846123d000-7f8461240000 r--p 00000000 103:02 70262983                  /usr/lib/x86_64-linux-gnu/librt-2.31.so
7f8461240000-7f8461244000 r-xp 00003000 103:02 70262983                  /usr/lib/x86_64-linux-gnu/librt-2.31.so
7f8461244000-7f8461245000 r--p 00007000 103:02 70262983                  /usr/lib/x86_64-linux-gnu/librt-2.31.so
7f8461245000-7f8461246000 ---p 00008000 103:02 70262983                  /usr/lib/x86_64-linux-gnu/librt-2.31.so
7f8461246000-7f8461247000 r--p 00008000 103:02 70262983                  /usr/lib/x86_64-linux-gnu/librt-2.31.so
7f8461247000-7f8461248000 rw-p 00009000 103:02 70262983                  /usr/lib/x86_64-linux-gnu/librt-2.31.so
7f8461248000-7f8461249000 ---p 00000000 00:00 0 
7f8461249000-7f846124c000 ---p 00000000 00:00 0 
7f846124c000-7f8461349000 rw-p 00000000 00:00 0 
7f8461349000-7f8461358000 r--p 00000000 103:02 70262653                  /usr/lib/x86_64-linux-gnu/libm-2.31.so
7f8461358000-7f84613ff000 r-xp 0000f000 103:02 70262653                  /usr/lib/x86_64-linux-gnu/libm-2.31.so
7f84613ff000-7f8461496000 r--p 000b6000 103:02 70262653                  /usr/lib/x86_64-linux-gnu/libm-2.31.so
7f8461496000-7f8461497000 r--p 0014c000 103:02 70262653                  /usr/lib/x86_64-linux-gnu/libm-2.31.so
7f8461497000-7f8461498000 rw-p 0014d000 103:02 70262653                  /usr/lib/x86_64-linux-gnu/libm-2.31.so
7f8461498000-7f8462170000 r-xp 00000000 103:02 70517833                  /usr/local/MATLAB/R2018b/sys/java/jre/glnxa64/jre/lib/amd64/server/libjvm.so
7f8462170000-7f846236f000 ---p 00cd8000 103:02 70517833                  /usr/local/MATLAB/R2018b/sys/java/jre/glnxa64/jre/lib/amd64/server/libjvm.so
7f846236f000-7f8462449000 rw-p 00cd7000 103:02 70517833                  /usr/local/MATLAB/R2018b/sys/java/jre/glnxa64/jre/lib/amd64/server/libjvm.so
7f8462449000-7f8462496000 rw-p 00000000 00:00 0 
7f8462496000-7f84624bb000 r--p 00000000 103:02 70262001                  /usr/lib/x86_64-linux-gnu/libc-2.31.so
7f84624bb000-7f8462633000 r-xp 00025000 103:02 70262001                  /usr/lib/x86_64-linux-gnu/libc-2.31.so
7f8462633000-7f846267d000 r--p 0019d000 103:02 70262001                  /usr/lib/x86_64-linux-gnu/libc-2.31.so
7f846267d000-7f846267e000 ---p 001e7000 103:02 70262001                  /usr/lib/x86_64-linux-gnu/libc-2.31.so
7f846267e000-7f8462681000 r--p 001e7000 103:02 70262001                  /usr/lib/x86_64-linux-gnu/libc-2.31.so
7f8462681000-7f8462684000 rw-p 001ea000 103:02 70262001                  /usr/lib/x86_64-linux-gnu/libc-2.31.so
7f8462684000-7f8462688000 rw-p 00000000 00:00 0 
7f8462688000-7f8462689000 r--p 00000000 103:02 70262142                  /usr/lib/x86_64-linux-gnu/libdl-2.31.so
7f8462689000-7f846268b000 r-xp 00001000 103:02 70262142                  /usr/lib/x86_64-linux-gnu/libdl-2.31.so
7f846268b000-7f846268c000 r--p 00003000 103:02 70262142                  /usr/lib/x86_64-linux-gnu/libdl-2.31.so
7f846268c000-7f846268d000 r--p 00003000 103:02 70262142                  /usr/lib/x86_64-linux-gnu/libdl-2.31.so
7f846268d000-7f846268e000 rw-p 00004000 103:02 70262142                  /usr/lib/x86_64-linux-gnu/libdl-2.31.so
7f846268e000-7f84626a4000 r-xp 00000000 103:02 70517835                  /usr/local/MATLAB/R2018b/sys/java/jre/glnxa64/jre/lib/amd64/jli/libjli.so
7f84626a4000-7f84628a3000 ---p 00016000 103:02 70517835                  /usr/local/MATLAB/R2018b/sys/java/jre/glnxa64/jre/lib/amd64/jli/libjli.so
7f84628a3000-7f84628a4000 rw-p 00015000 103:02 70517835                  /usr/local/MATLAB/R2018b/sys/java/jre/glnxa64/jre/lib/amd64/jli/libjli.so
7f84628a4000-7f84628ab000 r--p 00000000 103:02 70262920                  /usr/lib/x86_64-linux-gnu/libpthread-2.31.so
7f84628ab000-7f84628bc000 r-xp 00007000 103:02 70262920                  /usr/lib/x86_64-linux-gnu/libpthread-2.31.so
7f84628bc000-7f84628c1000 r--p 00018000 103:02 70262920                  /usr/lib/x86_64-linux-gnu/libpthread-2.31.so
7f84628c1000-7f84628c2000 r--p 0001c000 103:02 70262920                  /usr/lib/x86_64-linux-gnu/libpthread-2.31.so
7f84628c2000-7f84628c3000 rw-p 0001d000 103:02 70262920                  /usr/lib/x86_64-linux-gnu/libpthread-2.31.so
7f84628c3000-7f84628c7000 rw-p 00000000 00:00 0 
7f84628c7000-7f84628c8000 r--s 00002000 103:02 73534987                  /usr/local/MATLAB/R2018b/java/jarext/webservices/udc_client/udc_client.jar
7f84628c8000-7f84628ca000 r--s 00005000 103:02 70395645                  /usr/local/MATLAB/R2018b/java/jar/net.jar
7f84628ca000-7f84628cb000 r--p 00000000 103:02 70261830                  /usr/lib/x86_64-linux-gnu/libXau.so.6.0.0
7f84628cb000-7f84628cd000 r-xp 00001000 103:02 70261830                  /usr/lib/x86_64-linux-gnu/libXau.so.6.0.0
7f84628cd000-7f84628ce000 r--p 00003000 103:02 70261830                  /usr/lib/x86_64-linux-gnu/libXau.so.6.0.0
7f84628ce000-7f84628cf000 r--p 00003000 103:02 70261830                  /usr/lib/x86_64-linux-gnu/libXau.so.6.0.0
7f84628cf000-7f84628d0000 rw-p 00004000 103:02 70261830                  /usr/lib/x86_64-linux-gnu/libXau.so.6.0.0
7f84628d0000-7f84628d2000 r--s 00008000 103:02 70396177                  /usr/local/MATLAB/R2018b/java/jar/fatalexit.jar
7f84628d2000-7f84628da000 rw-s 00000000 103:02 22413324                  /tmp/hsperfdata_congchao/292837
7f84628da000-7f84628dd000 rw-p 00000000 00:00 0 
7f84628dd000-7f84628de000 r--p 00000000 103:02 70261785                  /usr/lib/x86_64-linux-gnu/ld-2.31.so
7f84628de000-7f8462901000 r-xp 00001000 103:02 70261785                  /usr/lib/x86_64-linux-gnu/ld-2.31.so
7f8462901000-7f8462909000 r--p 00024000 103:02 70261785                  /usr/lib/x86_64-linux-gnu/ld-2.31.so
7f8462909000-7f846290a000 r--p 00000000 00:00 0 
7f846290a000-7f846290b000 r--p 0002c000 103:02 70261785                  /usr/lib/x86_64-linux-gnu/ld-2.31.so
7f846290b000-7f846290c000 rw-p 0002d000 103:02 70261785                  /usr/lib/x86_64-linux-gnu/ld-2.31.so
7f846290c000-7f846290d000 rw-p 00000000 00:00 0 
7ffc07dd5000-7ffc07df7000 rw-p 00000000 00:00 0                          [stack]
7ffc07df8000-7ffc07dfc000 r--p 00000000 00:00 0                          [vvar]
7ffc07dfc000-7ffc07dfe000 r-xp 00000000 00:00 0                          [vdso]
ffffffffff600000-ffffffffff601000 --xp 00000000 00:00 0                  [vsyscall]

VM Arguments:
java_command: com.mathworks.fatalexit.FatalExitFrame /home/congchao/matlab_crash_dump.285103-1 -segvURL https://udc-service.mathworks.com/udc/service/v1
java_class_path (initial): /usr/local/MATLAB/R2018b/java/jar/fatalexit.jar:/usr/local/MATLAB/R2018b/java/jar/mlwebservices.jar:/usr/local/MATLAB/R2018b/java/jar/net.jar:/usr/local/MATLAB/R2018b/java/jar/webproxy.jar:/usr/local/MATLAB/R2018b/java/jarext/webservices/udc_client/udc_client.jar:/usr/local/MATLAB/R2018b/java/jarext/webservices/urlmanager/urlmanager.jar:/usr/local/MATLAB/R2018b/java/jarext/webservices/ws_client_core/mw-service-client-core.jar:/usr/local/MATLAB/R2018b/java/jarext/commons-cli.jar:/usr/local/MATLAB/R2018b/java/jarext/commons-codec.jar:/usr/local/MATLAB/R2018b/java/jarext/commons-io.jar:/usr/local/MATLAB/R2018b/java/jarext/commons-lang.jar:/usr/local/MATLAB/R2018b/java/jarext/commons-logging.jar:/usr/local/MATLAB/R2018b/java/jarext/jgoodies-looks.jar:/usr/local/MATLAB/R2018b/java/jarext/axis2/activation.jar:/usr/local/MATLAB/R2018b/java/jarext/axis2/axiom-api.jar:/usr/local/MATLAB/R2018b/java/jarext/axis2/axiom-impl.jar:/usr/local/MATLAB/R2018b/java/jarext/axis2/axis2-adb.jar:/usr/local/MATLAB/R2018b/java/jarext/axis2/axis2-kernel.jar:/usr/local/MATLAB/R2018b/java/jarext/axis2/axis2-transport-http.jar:/usr/local/MATLAB/R2018b/java/jarext/axis2/axis2-transport-local.jar:/usr/local/MATLAB/R2018b/java/jarext/axis2/commons-httpclient.jar:/usr/local/MATLAB/R2018b/java/jarext/axis2/geronimo-stax-api.jar:/usr/local/MATLAB/R2018b/java/jarext/axis2/httpcore.jar:/usr/local/MATLAB/R2018b/java/jarext/axis2/mail.jar:/usr/local/MATLAB/R2018b/java/jarext/axis2/neethi.jar:/usr/local/MATLAB/R2018b/java/jarext/axis2/wsdl4j.jar:/usr/local/MATLAB/R2018b/java/jarext/axis2/wstx-asl.jar:/usr/local/MATLAB/R2018b/java/jarext/axis2/XmlSchema.jar:/usr/local/MATLAB/R2018b/java/jar/ja_JP/fatalexit_res.jar:/usr/local/MATLAB/R2018b/java/jar/zh_CN/fatalexit_res.jar:/usr/local/MATLAB/R2018b/java/jar.ko_KR/fatalexit_res.jar
Launcher Type: SUN_STANDARD

Environment Variables:
PATH=/home/congchao/anaconda3/bin:/home/congchao/anaconda3/condabin:/home/congchao/.local/bin:/usr/local/sbin:/usr/local/bin:/usr/sbin:/usr/bin:/sbin:/bin:/usr/games:/usr/local/games:/snap/bin
USERNAME=congchao
LD_LIBRARY_PATH=/usr/local/MATLAB/R2018b/sys/java/jre/glnxa64/jre/lib/amd64/server:/usr/local/MATLAB/R2018b/sys/java/jre/glnxa64/jre/lib/amd64:/usr/local/MATLAB/R2018b/sys/java/jre/glnxa64/jre/../lib/amd64:/usr/local/MATLAB/R2018b/sys/os/glnxa64:/usr/local/MATLAB/R2018b/bin/glnxa64:/usr/local/MATLAB/R2018b/extern/lib/glnxa64:/usr/local/MATLAB/R2018b/runtime/glnxa64:/usr/local/MATLAB/R2018b/sys/java/jre/glnxa64/jre/lib/amd64/native_threads:/usr/local/MATLAB/R2018b/sys/java/jre/glnxa64/jre/lib/amd64/server
SHELL=/bin/bash
DISPLAY=:1
ARCH=glnxa64

Signal Handlers:
SIGSEGV: [libjvm.so+0xacfec0], sa_mask[0]=11111111011111111101111111111110, sa_flags=SA_RESTART|SA_SIGINFO
SIGBUS: [libjvm.so+0xacfec0], sa_mask[0]=11111111011111111101111111111110, sa_flags=SA_RESTART|SA_SIGINFO
SIGFPE: [libjvm.so+0x927e60], sa_mask[0]=11111111011111111101111111111110, sa_flags=SA_RESTART|SA_SIGINFO
SIGPIPE: [libjvm.so+0x927e60], sa_mask[0]=11111111011111111101111111111110, sa_flags=SA_RESTART|SA_SIGINFO
SIGXFSZ: [libjvm.so+0x927e60], sa_mask[0]=11111111011111111101111111111110, sa_flags=SA_RESTART|SA_SIGINFO
SIGILL: [libjvm.so+0x927e60], sa_mask[0]=11111111011111111101111111111110, sa_flags=SA_RESTART|SA_SIGINFO
SIGUSR1: SIG_DFL, sa_mask[0]=00000000000000000000000000000000, sa_flags=none
SIGUSR2: [libjvm.so+0x9296a0], sa_mask[0]=01000000001010000001000000010000, sa_flags=SA_RESTART|SA_SIGINFO
SIGHUP: [libjvm.so+0x92aaa0], sa_mask[0]=11111111011111111101111111111110, sa_flags=SA_RESTART|SA_SIGINFO
SIGINT: [libjvm.so+0x92aaa0], sa_mask[0]=11111111011111111101111111111110, sa_flags=SA_RESTART|SA_SIGINFO
SIGTERM: [libjvm.so+0x92aaa0], sa_mask[0]=11111111011111111101111111111110, sa_flags=SA_RESTART|SA_SIGINFO
SIGQUIT: [libjvm.so+0x92aaa0], sa_mask[0]=11111111011111111101111111111110, sa_flags=SA_RESTART|SA_SIGINFO


---------------  S Y S T E M  ---------------

OS:DISTRIB_ID=Ubuntu
DISTRIB_RELEASE=20.04
DISTRIB_CODENAME=focal
DISTRIB_DESCRIPTION="Ubuntu 20.04.3 LTS"

uname:Linux 5.11.0-41-generic #45~20.04.1-Ubuntu SMP Wed Nov 10 10:20:10 UTC 2021 x86_64
libc:glibc 2.31 NPTL 2.31 
rlimit: STACK 8192k, CORE 0k, NPROC 127653, NOFILE 1048576, AS infinity
load average:0.08 0.07 0.07

/proc/meminfo:
MemTotal:       32744784 kB
MemFree:        17062604 kB
MemAvailable:   25757672 kB
Buffers:         1666220 kB
Cached:          4956812 kB
SwapCached:            0 kB
Active:          3509404 kB
Inactive:        8757612 kB
Active(anon):       2716 kB
Inactive(anon):  5691492 kB
Active(file):    3506688 kB
Inactive(file):  3066120 kB
Unevictable:         108 kB
Mlocked:             108 kB
SwapTotal:      62914556 kB
SwapFree:       62914556 kB
Dirty:              1624 kB
Writeback:             0 kB
AnonPages:       5644208 kB
Mapped:          1354852 kB
Shmem:             61152 kB
KReclaimable:    2596084 kB
Slab:            2836236 kB
SReclaimable:    2596084 kB
SUnreclaim:       240152 kB
KernelStack:       26848 kB
PageTables:        55488 kB
NFS_Unstable:          0 kB
Bounce:                0 kB
WritebackTmp:          0 kB
CommitLimit:    79286948 kB
Committed_AS:   16041228 kB
VmallocTotal:   34359738367 kB
VmallocUsed:      112628 kB
VmallocChunk:          0 kB
Percpu:            14208 kB
HardwareCorrupted:     0 kB
AnonHugePages:         0 kB
ShmemHugePages:        0 kB
ShmemPmdMapped:        0 kB
FileHugePages:         0 kB
FilePmdMapped:         0 kB
HugePages_Total:       0
HugePages_Free:        0
HugePages_Rsvd:        0
HugePages_Surp:        0
Hugepagesize:       2048 kB
Hugetlb:               0 kB
DirectMap4k:     1007276 kB
DirectMap2M:    15636480 kB
DirectMap1G:    18874368 kB


CPU:total 16 (initial active 16) (8 cores per cpu, 2 threads per core) family 6 model 167 stepping 1, cmov, cx8, fxsr, mmx, sse, sse2, sse3, ssse3, sse4.1, sse4.2, popcnt, avx, avx2, aes, clmul, erms, 3dnowpref, lzcnt, ht, tsc, tscinvbit, bmi1, bmi2, adx

/proc/cpuinfo:
processor	: 0
vendor_id	: GenuineIntel
cpu family	: 6
model		: 167
model name	: 11th Gen Intel(R) Core(TM) i7-11700KF @ 3.60GHz
stepping	: 1
microcode	: 0x40
cpu MHz		: 3600.000
cache size	: 16384 KB
physical id	: 0
siblings	: 16
core id		: 0
cpu cores	: 8
apicid		: 0
initial apicid	: 0
fpu		: yes
fpu_exception	: yes
cpuid level	: 27
wp		: yes
flags		: fpu vme de pse tsc msr pae mce cx8 apic sep mtrr pge mca cmov pat pse36 clflush dts acpi mmx fxsr sse sse2 ss ht tm pbe syscall nx pdpe1gb rdtscp lm constant_tsc art arch_perfmon pebs bts rep_good nopl xtopology nonstop_tsc cpuid aperfmperf tsc_known_freq pni pclmulqdq dtes64 monitor ds_cpl vmx est tm2 ssse3 sdbg fma cx16 xtpr pdcm pcid sse4_1 sse4_2 x2apic movbe popcnt tsc_deadline_timer aes xsave avx f16c rdrand lahf_lm abm 3dnowprefetch cpuid_fault invpcid_single ssbd ibrs ibpb stibp ibrs_enhanced tpr_shadow vnmi flexpriority ept vpid ept_ad fsgsbase tsc_adjust bmi1 avx2 smep bmi2 erms invpcid mpx avx512f avx512dq rdseed adx smap avx512ifma clflushopt intel_pt avx512cd sha_ni avx512bw avx512vl xsaveopt xsavec xgetbv1 xsaves dtherm ida arat pln pts hwp hwp_notify hwp_act_window hwp_epp hwp_pkg_req avx512vbmi umip pku ospke avx512_vbmi2 gfni vaes vpclmulqdq avx512_vnni avx512_bitalg avx512_vpopcntdq rdpid fsrm md_clear flush_l1d arch_capabilities
vmx flags	: vnmi preemption_timer posted_intr invvpid ept_x_only ept_ad ept_1gb flexpriority apicv tsc_offset vtpr mtf vapic ept vpid unrestricted_guest vapic_reg vid ple pml ept_mode_based_exec tsc_scaling
bugs		: spectre_v1 spectre_v2 spec_store_bypass swapgs
bogomips	: 7200.00
clflush size	: 64
cache_alignment	: 64
address sizes	: 39 bits physical, 48 bits virtual
power management:

processor	: 1
vendor_id	: GenuineIntel
cpu family	: 6
model		: 167
model name	: 11th Gen Intel(R) Core(TM) i7-11700KF @ 3.60GHz
stepping	: 1
microcode	: 0x40
cpu MHz		: 3600.000
cache size	: 16384 KB
physical id	: 0
siblings	: 16
core id		: 1
cpu cores	: 8
apicid		: 2
initial apicid	: 2
fpu		: yes
fpu_exception	: yes
cpuid level	: 27
wp		: yes
flags		: fpu vme de pse tsc msr pae mce cx8 apic sep mtrr pge mca cmov pat pse36 clflush dts acpi mmx fxsr sse sse2 ss ht tm pbe syscall nx pdpe1gb rdtscp lm constant_tsc art arch_perfmon pebs bts rep_good nopl xtopology nonstop_tsc cpuid aperfmperf tsc_known_freq pni pclmulqdq dtes64 monitor ds_cpl vmx est tm2 ssse3 sdbg fma cx16 xtpr pdcm pcid sse4_1 sse4_2 x2apic movbe popcnt tsc_deadline_timer aes xsave avx f16c rdrand lahf_lm abm 3dnowprefetch cpuid_fault invpcid_single ssbd ibrs ibpb stibp ibrs_enhanced tpr_shadow vnmi flexpriority ept vpid ept_ad fsgsbase tsc_adjust bmi1 avx2 smep bmi2 erms invpcid mpx avx512f avx512dq rdseed adx smap avx512ifma clflushopt intel_pt avx512cd sha_ni avx512bw avx512vl xsaveopt xsavec xgetbv1 xsaves dtherm ida arat pln pts hwp hwp_notify hwp_act_window hwp_epp hwp_pkg_req avx512vbmi umip pku ospke avx512_vbmi2 gfni vaes vpclmulqdq avx512_vnni avx512_bitalg avx512_vpopcntdq rdpid fsrm md_clear flush_l1d arch_capabilities
vmx flags	: vnmi preemption_timer posted_intr invvpid ept_x_only ept_ad ept_1gb flexpriority apicv tsc_offset vtpr mtf vapic ept vpid unrestricted_guest vapic_reg vid ple pml ept_mode_based_exec tsc_scaling
bugs		: spectre_v1 spectre_v2 spec_store_bypass swapgs
bogomips	: 7200.00
clflush size	: 64
cache_alignment	: 64
address sizes	: 39 bits physical, 48 bits virtual
power management:

processor	: 2
vendor_id	: GenuineIntel
cpu family	: 6
model		: 167
model name	: 11th Gen Intel(R) Core(TM) i7-11700KF @ 3.60GHz
stepping	: 1
microcode	: 0x40
cpu MHz		: 4600.000
cache size	: 16384 KB
physical id	: 0
siblings	: 16
core id		: 2
cpu cores	: 8
apicid		: 4
initial apicid	: 4
fpu		: yes
fpu_exception	: yes
cpuid level	: 27
wp		: yes
flags		: fpu vme de pse tsc msr pae mce cx8 apic sep mtrr pge mca cmov pat pse36 clflush dts acpi mmx fxsr sse sse2 ss ht tm pbe syscall nx pdpe1gb rdtscp lm constant_tsc art arch_perfmon pebs bts rep_good nopl xtopology nonstop_tsc cpuid aperfmperf tsc_known_freq pni pclmulqdq dtes64 monitor ds_cpl vmx est tm2 ssse3 sdbg fma cx16 xtpr pdcm pcid sse4_1 sse4_2 x2apic movbe popcnt tsc_deadline_timer aes xsave avx f16c rdrand lahf_lm abm 3dnowprefetch cpuid_fault invpcid_single ssbd ibrs ibpb stibp ibrs_enhanced tpr_shadow vnmi flexpriority ept vpid ept_ad fsgsbase tsc_adjust bmi1 avx2 smep bmi2 erms invpcid mpx avx512f avx512dq rdseed adx smap avx512ifma clflushopt intel_pt avx512cd sha_ni avx512bw avx512vl xsaveopt xsavec xgetbv1 xsaves dtherm ida arat pln pts hwp hwp_notify hwp_act_window hwp_epp hwp_pkg_req avx512vbmi umip pku ospke avx512_vbmi2 gfni vaes vpclmulqdq avx512_vnni avx512_bitalg avx512_vpopcntdq rdpid fsrm md_clear flush_l1d arch_capabilities
vmx flags	: vnmi preemption_timer posted_intr invvpid ept_x_only ept_ad ept_1gb flexpriority apicv tsc_offset vtpr mtf vapic ept vpid unrestricted_guest vapic_reg vid ple pml ept_mode_based_exec tsc_scaling
bugs		: spectre_v1 spectre_v2 spec_store_bypass swapgs
bogomips	: 7200.00
clflush size	: 64
cache_alignment	: 64
address sizes	: 39 bits physical, 48 bits virtual
power management:

processor	: 3
vendor_id	: GenuineIntel
cpu family	: 6
model		: 167
model name	: 11th Gen Intel(R) Core(TM) i7-11700KF @ 3.60GHz
stepping	: 1
microcode	: 0x40
cpu MHz		: 3600.000
cache size	: 16384 KB
physical id	: 0
siblings	: 16
core id		: 3
cpu cores	: 8
apicid		: 6
initial apicid	: 6
fpu		: yes
fpu_exception	: yes
cpuid level	: 27
wp		: yes
flags		: fpu vme de pse tsc msr pae mce cx8 apic sep mtrr pge mca cmov pat pse36 clflush dts acpi mmx fxsr sse sse2 ss ht tm pbe syscall nx pdpe1gb rdtscp lm constant_tsc art arch_perfmon pebs bts rep_good nopl xtopology nonstop_tsc cpuid aperfmperf tsc_known_freq pni pclmulqdq dtes64 monitor ds_cpl vmx est tm2 ssse3 sdbg fma cx16 xtpr pdcm pcid sse4_1 sse4_2 x2apic movbe popcnt tsc_deadline_timer aes xsave avx f16c rdrand lahf_lm abm 3dnowprefetch cpuid_fault invpcid_single ssbd ibrs ibpb stibp ibrs_enhanced tpr_shadow vnmi flexpriority ept vpid ept_ad fsgsbase tsc_adjust bmi1 avx2 smep bmi2 erms invpcid mpx avx512f avx512dq rdseed adx smap avx512ifma clflushopt intel_pt avx512cd sha_ni avx512bw avx512vl xsaveopt xsavec xgetbv1 xsaves dtherm ida arat pln pts hwp hwp_notify hwp_act_window hwp_epp hwp_pkg_req avx512vbmi umip pku ospke avx512_vbmi2 gfni vaes vpclmulqdq avx512_vnni avx512_bitalg avx512_vpopcntdq rdpid fsrm md_clear flush_l1d arch_capabilities
vmx flags	: vnmi preemption_timer posted_intr invvpid ept_x_only ept_ad ept_1gb flexpriority apicv tsc_offset vtpr mtf vapic ept vpid unrestricted_guest vapic_reg vid ple pml ept_mode_based_exec tsc_scaling
bugs		: spectre_v1 spectre_v2 spec_store_bypass swapgs
bogomips	: 7200.00
clflush size	: 64
cache_alignment	: 64
address sizes	: 39 bits physical, 48 bits virtual
power management:

processor	: 4
vendor_id	: GenuineIntel
cpu family	: 6
model		: 167
model name	: 11th Gen Intel(R) Core(TM) i7-11700KF @ 3.60GHz
stepping	: 1
microcode	: 0x40
cpu MHz		: 3600.000
cache size	: 16384 KB
physical id	: 0
siblings	: 16
core id		: 4
cpu cores	: 8
apicid		: 8
initial apicid	: 8
fpu		: yes
fpu_exception	: yes
cpuid level	: 27
wp		: yes
flags		: fpu vme de pse tsc msr pae mce cx8 apic sep mtrr pge mca cmov pat pse36 clflush dts acpi mmx fxsr sse sse2 ss ht tm pbe syscall nx pdpe1gb rdtscp lm constant_tsc art arch_perfmon pebs bts rep_good nopl xtopology nonstop_tsc cpuid aperfmperf tsc_known_freq pni pclmulqdq dtes64 monitor ds_cpl vmx est tm2 ssse3 sdbg fma cx16 xtpr pdcm pcid sse4_1 sse4_2 x2apic movbe popcnt tsc_deadline_timer aes xsave avx f16c rdrand lahf_lm abm 3dnowprefetch cpuid_fault invpcid_single ssbd ibrs ibpb stibp ibrs_enhanced tpr_shadow vnmi flexpriority ept vpid ept_ad fsgsbase tsc_adjust bmi1 avx2 smep bmi2 erms invpcid mpx avx512f avx512dq rdseed adx smap avx512ifma clflushopt intel_pt avx512cd sha_ni avx512bw avx512vl xsaveopt xsavec xgetbv1 xsaves dtherm ida arat pln pts hwp hwp_notify hwp_act_window hwp_epp hwp_pkg_req avx512vbmi umip pku ospke avx512_vbmi2 gfni vaes vpclmulqdq avx512_vnni avx512_bitalg avx512_vpopcntdq rdpid fsrm md_clear flush_l1d arch_capabilities
vmx flags	: vnmi preemption_timer posted_intr invvpid ept_x_only ept_ad ept_1gb flexpriority apicv tsc_offset vtpr mtf vapic ept vpid unrestricted_guest vapic_reg vid ple pml ept_mode_based_exec tsc_scaling
bugs		: spectre_v1 spectre_v2 spec_store_bypass swapgs
bogomips	: 7200.00
clflush size	: 64
cache_alignment	: 64
address sizes	: 39 bits physical, 48 bits virtual
power management:

processor	: 5
vendor_id	: GenuineIntel
cpu family	: 6
model		: 167
model name	: 11th Gen Intel(R) Core(TM) i7-11700KF @ 3.60GHz
stepping	: 1
microcode	: 0x40
cpu MHz		: 4600.122
cache size	: 16384 KB
physical id	: 0
siblings	: 16
core id		: 5
cpu cores	: 8
apicid		: 10
initial apicid	: 10
fpu		: yes
fpu_exception	: yes
cpuid level	: 27
wp		: yes
flags		: fpu vme de pse tsc msr pae mce cx8 apic sep mtrr pge mca cmov pat pse36 clflush dts acpi mmx fxsr sse sse2 ss ht tm pbe syscall nx pdpe1gb rdtscp lm constant_tsc art arch_perfmon pebs bts rep_good nopl xtopology nonstop_tsc cpuid aperfmperf tsc_known_freq pni pclmulqdq dtes64 monitor ds_cpl vmx est tm2 ssse3 sdbg fma cx16 xtpr pdcm pcid sse4_1 sse4_2 x2apic movbe popcnt tsc_deadline_timer aes xsave avx f16c rdrand lahf_lm abm 3dnowprefetch cpuid_fault invpcid_single ssbd ibrs ibpb stibp ibrs_enhanced tpr_shadow vnmi flexpriority ept vpid ept_ad fsgsbase tsc_adjust bmi1 avx2 smep bmi2 erms invpcid mpx avx512f avx512dq rdseed adx smap avx512ifma clflushopt intel_pt avx512cd sha_ni avx512bw avx512vl xsaveopt xsavec xgetbv1 xsaves dtherm ida arat pln pts hwp hwp_notify hwp_act_window hwp_epp hwp_pkg_req avx512vbmi umip pku ospke avx512_vbmi2 gfni vaes vpclmulqdq avx512_vnni avx512_bitalg avx512_vpopcntdq rdpid fsrm md_clear flush_l1d arch_capabilities
vmx flags	: vnmi preemption_timer posted_intr invvpid ept_x_only ept_ad ept_1gb flexpriority apicv tsc_offset vtpr mtf vapic ept vpid unrestricted_guest vapic_reg vid ple pml ept_mode_based_exec tsc_scaling
bugs		: spectre_v1 spectre_v2 spec_store_bypass swapgs
bogomips	: 7200.00
clflush size	: 64
cache_alignment	: 64
address sizes	: 39 bits physical, 48 bits virtual
power management:

processor	: 6
vendor_id	: GenuineIntel
cpu family	: 6
model		: 167
model name	: 11th Gen Intel(R) Core(TM) i7-11700KF @ 3.60GHz
stepping	: 1
microcode	: 0x40
cpu MHz		: 3600.000
cache size	: 16384 KB
physical id	: 0
siblings	: 16
core id		: 6
cpu cores	: 8
apicid		: 12
initial apicid	: 12
fpu		: yes
fpu_exception	: yes
cpuid level	: 27
wp		: yes
flags		: fpu vme de pse tsc msr pae mce cx8 apic sep mtrr pge mca cmov pat pse36 clflush dts acpi mmx fxsr sse sse2 ss ht tm pbe syscall nx pdpe1gb rdtscp lm constant_tsc art arch_perfmon pebs bts rep_good nopl xtopology nonstop_tsc cpuid aperfmperf tsc_known_freq pni pclmulqdq dtes64 monitor ds_cpl vmx est tm2 ssse3 sdbg fma cx16 xtpr pdcm pcid sse4_1 sse4_2 x2apic movbe popcnt tsc_deadline_timer aes xsave avx f16c rdrand lahf_lm abm 3dnowprefetch cpuid_fault invpcid_single ssbd ibrs ibpb stibp ibrs_enhanced tpr_shadow vnmi flexpriority ept vpid ept_ad fsgsbase tsc_adjust bmi1 avx2 smep bmi2 erms invpcid mpx avx512f avx512dq rdseed adx smap avx512ifma clflushopt intel_pt avx512cd sha_ni avx512bw avx512vl xsaveopt xsavec xgetbv1 xsaves dtherm ida arat pln pts hwp hwp_notify hwp_act_window hwp_epp hwp_pkg_req avx512vbmi umip pku ospke avx512_vbmi2 gfni vaes vpclmulqdq avx512_vnni avx512_bitalg avx512_vpopcntdq rdpid fsrm md_clear flush_l1d arch_capabilities
vmx flags	: vnmi preemption_timer posted_intr invvpid ept_x_only ept_ad ept_1gb flexpriority apicv tsc_offset vtpr mtf vapic ept vpid unrestricted_guest vapic_reg vid ple pml ept_mode_based_exec tsc_scaling
bugs		: spectre_v1 spectre_v2 spec_store_bypass swapgs
bogomips	: 7200.00
clflush size	: 64
cache_alignment	: 64
address sizes	: 39 bits physical, 48 bits virtual
power management:

processor	: 7
vendor_id	: GenuineIntel
cpu family	: 6
model		: 167
model name	: 11th Gen Intel(R) Core(TM) i7-11700KF @ 3.60GHz
stepping	: 1
microcode	: 0x40
cpu MHz		: 1244.705
cache size	: 16384 KB
physical id	: 0
siblings	: 16
core id		: 7
cpu cores	: 8
apicid		: 14
initial apicid	: 14
fpu		: yes
fpu_exception	: yes
cpuid level	: 27
wp		: yes
flags		: fpu vme de pse tsc msr pae mce cx8 apic sep mtrr pge mca cmov pat pse36 clflush dts acpi mmx fxsr sse sse2 ss ht tm pbe syscall nx pdpe1gb rdtscp lm constant_tsc art arch_perfmon pebs bts rep_good nopl xtopology nonstop_tsc cpuid aperfmperf tsc_known_freq pni pclmulqdq dtes64 monitor ds_cpl vmx est tm2 ssse3 sdbg fma cx16 xtpr pdcm pcid sse4_1 sse4_2 x2apic movbe popcnt tsc_deadline_timer aes xsave avx f16c rdrand lahf_lm abm 3dnowprefetch cpuid_fault invpcid_single ssbd ibrs ibpb stibp ibrs_enhanced tpr_shadow vnmi flexpriority ept vpid ept_ad fsgsbase tsc_adjust bmi1 avx2 smep bmi2 erms invpcid mpx avx512f avx512dq rdseed adx smap avx512ifma clflushopt intel_pt avx512cd sha_ni avx512bw avx512vl xsaveopt xsavec xgetbv1 xsaves dtherm ida arat pln pts hwp hwp_notify hwp_act_window hwp_epp hwp_pkg_req avx512vbmi umip pku ospke avx512_vbmi2 gfni vaes vpclmulqdq avx512_vnni avx512_bitalg avx512_vpopcntdq rdpid fsrm md_clear flush_l1d arch_capabilities
vmx flags	: vnmi preemption_timer posted_intr invvpid ept_x_only ept_ad ept_1gb flexpriority apicv tsc_offset vtpr mtf vapic ept vpid unrestricted_guest vapic_reg vid ple pml ept_mode_based_exec tsc_scaling
bugs		: spectre_v1 spectre_v2 spec_store_bypass swapgs
bogomips	: 7200.00
clflush size	: 64
cache_alignment	: 64
address sizes	: 39 bits physical, 48 bits virtual
power management:

processor	: 8
vendor_id	: GenuineIntel
cpu family	: 6
model		: 167
model name	: 11th Gen Intel(R) Core(TM) i7-11700KF @ 3.60GHz
stepping	: 1
microcode	: 0x40
cpu MHz		: 3600.000
cache size	: 16384 KB
physical id	: 0
siblings	: 16
core id		: 0
cpu cores	: 8
apicid		: 1
initial apicid	: 1
fpu		: yes
fpu_exception	: yes
cpuid level	: 27
wp		: yes
flags		: fpu vme de pse tsc msr pae mce cx8 apic sep mtrr pge mca cmov pat pse36 clflush dts acpi mmx fxsr sse sse2 ss ht tm pbe syscall nx pdpe1gb rdtscp lm constant_tsc art arch_perfmon pebs bts rep_good nopl xtopology nonstop_tsc cpuid aperfmperf tsc_known_freq pni pclmulqdq dtes64 monitor ds_cpl vmx est tm2 ssse3 sdbg fma cx16 xtpr pdcm pcid sse4_1 sse4_2 x2apic movbe popcnt tsc_deadline_timer aes xsave avx f16c rdrand lahf_lm abm 3dnowprefetch cpuid_fault invpcid_single ssbd ibrs ibpb stibp ibrs_enhanced tpr_shadow vnmi flexpriority ept vpid ept_ad fsgsbase tsc_adjust bmi1 avx2 smep bmi2 erms invpcid mpx avx512f avx512dq rdseed adx smap avx512ifma clflushopt intel_pt avx512cd sha_ni avx512bw avx512vl xsaveopt xsavec xgetbv1 xsaves dtherm ida arat pln pts hwp hwp_notify hwp_act_window hwp_epp hwp_pkg_req avx512vbmi umip pku ospke avx512_vbmi2 gfni vaes vpclmulqdq avx512_vnni avx512_bitalg avx512_vpopcntdq rdpid fsrm md_clear flush_l1d arch_capabilities
vmx flags	: vnmi preemption_timer posted_intr invvpid ept_x_only ept_ad ept_1gb flexpriority apicv tsc_offset vtpr mtf vapic ept vpid unrestricted_guest vapic_reg vid ple pml ept_mode_based_exec tsc_scaling
bugs		: spectre_v1 spectre_v2 spec_store_bypass swapgs
bogomips	: 7200.00
clflush size	: 64
cache_alignment	: 64
address sizes	: 39 bits physical, 48 bits virtual
power management:

processor	: 9
vendor_id	: GenuineIntel
cpu family	: 6
model		: 167
model name	: 11th Gen Intel(R) Core(TM) i7-11700KF @ 3.60GHz
stepping	: 1
microcode	: 0x40
cpu MHz		: 3600.000
cache size	: 16384 KB
physical id	: 0
siblings	: 16
core id		: 1
cpu cores	: 8
apicid		: 3
initial apicid	: 3
fpu		: yes
fpu_exception	: yes
cpuid level	: 27
wp		: yes
flags		: fpu vme de pse tsc msr pae mce cx8 apic sep mtrr pge mca cmov pat pse36 clflush dts acpi mmx fxsr sse sse2 ss ht tm pbe syscall nx pdpe1gb rdtscp lm constant_tsc art arch_perfmon pebs bts rep_good nopl xtopology nonstop_tsc cpuid aperfmperf tsc_known_freq pni pclmulqdq dtes64 monitor ds_cpl vmx est tm2 ssse3 sdbg fma cx16 xtpr pdcm pcid sse4_1 sse4_2 x2apic movbe popcnt tsc_deadline_timer aes xsave avx f16c rdrand lahf_lm abm 3dnowprefetch cpuid_fault invpcid_single ssbd ibrs ibpb stibp ibrs_enhanced tpr_shadow vnmi flexpriority ept vpid ept_ad fsgsbase tsc_adjust bmi1 avx2 smep bmi2 erms invpcid mpx avx512f avx512dq rdseed adx smap avx512ifma clflushopt intel_pt avx512cd sha_ni avx512bw avx512vl xsaveopt xsavec xgetbv1 xsaves dtherm ida arat pln pts hwp hwp_notify hwp_act_window hwp_epp hwp_pkg_req avx512vbmi umip pku ospke avx512_vbmi2 gfni vaes vpclmulqdq avx512_vnni avx512_bitalg avx512_vpopcntdq rdpid fsrm md_clear flush_l1d arch_capabilities
vmx flags	: vnmi preemption_timer posted_intr invvpid ept_x_only ept_ad ept_1gb flexpriority apicv tsc_offset vtpr mtf vapic ept vpid unrestricted_guest vapic_reg vid ple pml ept_mode_based_exec tsc_scaling
bugs		: spectre_v1 spectre_v2 spec_store_bypass swapgs
bogomips	: 7200.00
clflush size	: 64
cache_alignment	: 64
address sizes	: 39 bits physical, 48 bits virtual
power management:

processor	: 10
vendor_id	: GenuineIntel
cpu family	: 6
model		: 167
model name	: 11th Gen Intel(R) Core(TM) i7-11700KF @ 3.60GHz
stepping	: 1
microcode	: 0x40
cpu MHz		: 3600.000
cache size	: 16384 KB
physical id	: 0
siblings	: 16
core id		: 2
cpu cores	: 8
apicid		: 5
initial apicid	: 5
fpu		: yes
fpu_exception	: yes
cpuid level	: 27
wp		: yes
flags		: fpu vme de pse tsc msr pae mce cx8 apic sep mtrr pge mca cmov pat pse36 clflush dts acpi mmx fxsr sse sse2 ss ht tm pbe syscall nx pdpe1gb rdtscp lm constant_tsc art arch_perfmon pebs bts rep_good nopl xtopology nonstop_tsc cpuid aperfmperf tsc_known_freq pni pclmulqdq dtes64 monitor ds_cpl vmx est tm2 ssse3 sdbg fma cx16 xtpr pdcm pcid sse4_1 sse4_2 x2apic movbe popcnt tsc_deadline_timer aes xsave avx f16c rdrand lahf_lm abm 3dnowprefetch cpuid_fault invpcid_single ssbd ibrs ibpb stibp ibrs_enhanced tpr_shadow vnmi flexpriority ept vpid ept_ad fsgsbase tsc_adjust bmi1 avx2 smep bmi2 erms invpcid mpx avx512f avx512dq rdseed adx smap avx512ifma clflushopt intel_pt avx512cd sha_ni avx512bw avx512vl xsaveopt xsavec xgetbv1 xsaves dtherm ida arat pln pts hwp hwp_notify hwp_act_window hwp_epp hwp_pkg_req avx512vbmi umip pku ospke avx512_vbmi2 gfni vaes vpclmulqdq avx512_vnni avx512_bitalg avx512_vpopcntdq rdpid fsrm md_clear flush_l1d arch_capabilities
vmx flags	: vnmi preemption_timer posted_intr invvpid ept_x_only ept_ad ept_1gb flexpriority apicv tsc_offset vtpr mtf vapic ept vpid unrestricted_guest vapic_reg vid ple pml ept_mode_based_exec tsc_scaling
bugs		: spectre_v1 spectre_v2 spec_store_bypass swapgs
bogomips	: 7200.00
clflush size	: 64
cache_alignment	: 64
address sizes	: 39 bits physical, 48 bits virtual
power management:

processor	: 11
vendor_id	: GenuineIntel
cpu family	: 6
model		: 167
model name	: 11th Gen Intel(R) Core(TM) i7-11700KF @ 3.60GHz
stepping	: 1
microcode	: 0x40
cpu MHz		: 3600.000
cache size	: 16384 KB
physical id	: 0
siblings	: 16
core id		: 3
cpu cores	: 8
apicid		: 7
initial apicid	: 7
fpu		: yes
fpu_exception	: yes
cpuid level	: 27
wp		: yes
flags		: fpu vme de pse tsc msr pae mce cx8 apic sep mtrr pge mca cmov pat pse36 clflush dts acpi mmx fxsr sse sse2 ss ht tm pbe syscall nx pdpe1gb rdtscp lm constant_tsc art arch_perfmon pebs bts rep_good nopl xtopology nonstop_tsc cpuid aperfmperf tsc_known_freq pni pclmulqdq dtes64 monitor ds_cpl vmx est tm2 ssse3 sdbg fma cx16 xtpr pdcm pcid sse4_1 sse4_2 x2apic movbe popcnt tsc_deadline_timer aes xsave avx f16c rdrand lahf_lm abm 3dnowprefetch cpuid_fault invpcid_single ssbd ibrs ibpb stibp ibrs_enhanced tpr_shadow vnmi flexpriority ept vpid ept_ad fsgsbase tsc_adjust bmi1 avx2 smep bmi2 erms invpcid mpx avx512f avx512dq rdseed adx smap avx512ifma clflushopt intel_pt avx512cd sha_ni avx512bw avx512vl xsaveopt xsavec xgetbv1 xsaves dtherm ida arat pln pts hwp hwp_notify hwp_act_window hwp_epp hwp_pkg_req avx512vbmi umip pku ospke avx512_vbmi2 gfni vaes vpclmulqdq avx512_vnni avx512_bitalg avx512_vpopcntdq rdpid fsrm md_clear flush_l1d arch_capabilities
vmx flags	: vnmi preemption_timer posted_intr invvpid ept_x_only ept_ad ept_1gb flexpriority apicv tsc_offset vtpr mtf vapic ept vpid unrestricted_guest vapic_reg vid ple pml ept_mode_based_exec tsc_scaling
bugs		: spectre_v1 spectre_v2 spec_store_bypass swapgs
bogomips	: 7200.00
clflush size	: 64
cache_alignment	: 64
address sizes	: 39 bits physical, 48 bits virtual
power management:

processor	: 12
vendor_id	: GenuineIntel
cpu family	: 6
model		: 167
model name	: 11th Gen Intel(R) Core(TM) i7-11700KF @ 3.60GHz
stepping	: 1
microcode	: 0x40
cpu MHz		: 3600.000
cache size	: 16384 KB
physical id	: 0
siblings	: 16
core id		: 4
cpu cores	: 8
apicid		: 9
initial apicid	: 9
fpu		: yes
fpu_exception	: yes
cpuid level	: 27
wp		: yes
flags		: fpu vme de pse tsc msr pae mce cx8 apic sep mtrr pge mca cmov pat pse36 clflush dts acpi mmx fxsr sse sse2 ss ht tm pbe syscall nx pdpe1gb rdtscp lm constant_tsc art arch_perfmon pebs bts rep_good nopl xtopology nonstop_tsc cpuid aperfmperf tsc_known_freq pni pclmulqdq dtes64 monitor ds_cpl vmx est tm2 ssse3 sdbg fma cx16 xtpr pdcm pcid sse4_1 sse4_2 x2apic movbe popcnt tsc_deadline_timer aes xsave avx f16c rdrand lahf_lm abm 3dnowprefetch cpuid_fault invpcid_single ssbd ibrs ibpb stibp ibrs_enhanced tpr_shadow vnmi flexpriority ept vpid ept_ad fsgsbase tsc_adjust bmi1 avx2 smep bmi2 erms invpcid mpx avx512f avx512dq rdseed adx smap avx512ifma clflushopt intel_pt avx512cd sha_ni avx512bw avx512vl xsaveopt xsavec xgetbv1 xsaves dtherm ida arat pln pts hwp hwp_notify hwp_act_window hwp_epp hwp_pkg_req avx512vbmi umip pku ospke avx512_vbmi2 gfni vaes vpclmulqdq avx512_vnni avx512_bitalg avx512_vpopcntdq rdpid fsrm md_clear flush_l1d arch_capabilities
vmx flags	: vnmi preemption_timer posted_intr invvpid ept_x_only ept_ad ept_1gb flexpriority apicv tsc_offset vtpr mtf vapic ept vpid unrestricted_guest vapic_reg vid ple pml ept_mode_based_exec tsc_scaling
bugs		: spectre_v1 spectre_v2 spec_store_bypass swapgs
bogomips	: 7200.00
clflush size	: 64
cache_alignment	: 64
address sizes	: 39 bits physical, 48 bits virtual
power management:

processor	: 13
vendor_id	: GenuineIntel
cpu family	: 6
model		: 167
model name	: 11th Gen Intel(R) Core(TM) i7-11700KF @ 3.60GHz
stepping	: 1
microcode	: 0x40
cpu MHz		: 3600.000
cache size	: 16384 KB
physical id	: 0
siblings	: 16
core id		: 5
cpu cores	: 8
apicid		: 11
initial apicid	: 11
fpu		: yes
fpu_exception	: yes
cpuid level	: 27
wp		: yes
flags		: fpu vme de pse tsc msr pae mce cx8 apic sep mtrr pge mca cmov pat pse36 clflush dts acpi mmx fxsr sse sse2 ss ht tm pbe syscall nx pdpe1gb rdtscp lm constant_tsc art arch_perfmon pebs bts rep_good nopl xtopology nonstop_tsc cpuid aperfmperf tsc_known_freq pni pclmulqdq dtes64 monitor ds_cpl vmx est tm2 ssse3 sdbg fma cx16 xtpr pdcm pcid sse4_1 sse4_2 x2apic movbe popcnt tsc_deadline_timer aes xsave avx f16c rdrand lahf_lm abm 3dnowprefetch cpuid_fault invpcid_single ssbd ibrs ibpb stibp ibrs_enhanced tpr_shadow vnmi flexpriority ept vpid ept_ad fsgsbase tsc_adjust bmi1 avx2 smep bmi2 erms invpcid mpx avx512f avx512dq rdseed adx smap avx512ifma clflushopt intel_pt avx512cd sha_ni avx512bw avx512vl xsaveopt xsavec xgetbv1 xsaves dtherm ida arat pln pts hwp hwp_notify hwp_act_window hwp_epp hwp_pkg_req avx512vbmi umip pku ospke avx512_vbmi2 gfni vaes vpclmulqdq avx512_vnni avx512_bitalg avx512_vpopcntdq rdpid fsrm md_clear flush_l1d arch_capabilities
vmx flags	: vnmi preemption_timer posted_intr invvpid ept_x_only ept_ad ept_1gb flexpriority apicv tsc_offset vtpr mtf vapic ept vpid unrestricted_guest vapic_reg vid ple pml ept_mode_based_exec tsc_scaling
bugs		: spectre_v1 spectre_v2 spec_store_bypass swapgs
bogomips	: 7200.00
clflush size	: 64
cache_alignment	: 64
address sizes	: 39 bits physical, 48 bits virtual
power management:

processor	: 14
vendor_id	: GenuineIntel
cpu family	: 6
model		: 167
model name	: 11th Gen Intel(R) Core(TM) i7-11700KF @ 3.60GHz
stepping	: 1
microcode	: 0x40
cpu MHz		: 3600.000
cache size	: 16384 KB
physical id	: 0
siblings	: 16
core id		: 6
cpu cores	: 8
apicid		: 13
initial apicid	: 13
fpu		: yes
fpu_exception	: yes
cpuid level	: 27
wp		: yes
flags		: fpu vme de pse tsc msr pae mce cx8 apic sep mtrr pge mca cmov pat pse36 clflush dts acpi mmx fxsr sse sse2 ss ht tm pbe syscall nx pdpe1gb rdtscp lm constant_tsc art arch_perfmon pebs bts rep_good nopl xtopology nonstop_tsc cpuid aperfmperf tsc_known_freq pni pclmulqdq dtes64 monitor ds_cpl vmx est tm2 ssse3 sdbg fma cx16 xtpr pdcm pcid sse4_1 sse4_2 x2apic movbe popcnt tsc_deadline_timer aes xsave avx f16c rdrand lahf_lm abm 3dnowprefetch cpuid_fault invpcid_single ssbd ibrs ibpb stibp ibrs_enhanced tpr_shadow vnmi flexpriority ept vpid ept_ad fsgsbase tsc_adjust bmi1 avx2 smep bmi2 erms invpcid mpx avx512f avx512dq rdseed adx smap avx512ifma clflushopt intel_pt avx512cd sha_ni avx512bw avx512vl xsaveopt xsavec xgetbv1 xsaves dtherm ida arat pln pts hwp hwp_notify hwp_act_window hwp_epp hwp_pkg_req avx512vbmi umip pku ospke avx512_vbmi2 gfni vaes vpclmulqdq avx512_vnni avx512_bitalg avx512_vpopcntdq rdpid fsrm md_clear flush_l1d arch_capabilities
vmx flags	: vnmi preemption_timer posted_intr invvpid ept_x_only ept_ad ept_1gb flexpriority apicv tsc_offset vtpr mtf vapic ept vpid unrestricted_guest vapic_reg vid ple pml ept_mode_based_exec tsc_scaling
bugs		: spectre_v1 spectre_v2 spec_store_bypass swapgs
bogomips	: 7200.00
clflush size	: 64
cache_alignment	: 64
address sizes	: 39 bits physical, 48 bits virtual
power management:

processor	: 15
vendor_id	: GenuineIntel
cpu family	: 6
model		: 167
model name	: 11th Gen Intel(R) Core(TM) i7-11700KF @ 3.60GHz
stepping	: 1
microcode	: 0x40
cpu MHz		: 3600.000
cache size	: 16384 KB
physical id	: 0
siblings	: 16
core id		: 7
cpu cores	: 8
apicid		: 15
initial apicid	: 15
fpu		: yes
fpu_exception	: yes
cpuid level	: 27
wp		: yes
flags		: fpu vme de pse tsc msr pae mce cx8 apic sep mtrr pge mca cmov pat pse36 clflush dts acpi mmx fxsr sse sse2 ss ht tm pbe syscall nx pdpe1gb rdtscp lm constant_tsc art arch_perfmon pebs bts rep_good nopl xtopology nonstop_tsc cpuid aperfmperf tsc_known_freq pni pclmulqdq dtes64 monitor ds_cpl vmx est tm2 ssse3 sdbg fma cx16 xtpr pdcm pcid sse4_1 sse4_2 x2apic movbe popcnt tsc_deadline_timer aes xsave avx f16c rdrand lahf_lm abm 3dnowprefetch cpuid_fault invpcid_single ssbd ibrs ibpb stibp ibrs_enhanced tpr_shadow vnmi flexpriority ept vpid ept_ad fsgsbase tsc_adjust bmi1 avx2 smep bmi2 erms invpcid mpx avx512f avx512dq rdseed adx smap avx512ifma clflushopt intel_pt avx512cd sha_ni avx512bw avx512vl xsaveopt xsavec xgetbv1 xsaves dtherm ida arat pln pts hwp hwp_notify hwp_act_window hwp_epp hwp_pkg_req avx512vbmi umip pku ospke avx512_vbmi2 gfni vaes vpclmulqdq avx512_vnni avx512_bitalg avx512_vpopcntdq rdpid fsrm md_clear flush_l1d arch_capabilities
vmx flags	: vnmi preemption_timer posted_intr invvpid ept_x_only ept_ad ept_1gb flexpriority apicv tsc_offset vtpr mtf vapic ept vpid unrestricted_guest vapic_reg vid ple pml ept_mode_based_exec tsc_scaling
bugs		: spectre_v1 spectre_v2 spec_store_bypass swapgs
bogomips	: 7200.00
clflush size	: 64
cache_alignment	: 64
address sizes	: 39 bits physical, 48 bits virtual
power management:



Memory: 4k page, physical 32744784k(17075716k free), swap 62914556k(62914556k free)

vm_info: Java HotSpot(TM) 64-Bit Server VM (25.152-b16) for linux-amd64 JRE (1.8.0_152-b16), built on Sep 14 2017 02:16:14 by "java_re" with gcc 4.3.0 20080428 (Red Hat 4.3.0-8)

time: Tue Oct 11 01:11:01 2022
elapsed time: 2 seconds (0d 0h 0m 2s)

