#
# A fatal error has been detected by the Java Runtime Environment:
#
#  SIGSEGV (0xb) at pc=0x00007fab0d069a7a, pid=227742, tid=0x00007faafb33f700
#
# JRE version: Java(TM) SE Runtime Environment (8.0_152-b16) (build 1.8.0_152-b16)
# Java VM: Java HotSpot(TM) 64-Bit Server VM (25.152-b16 mixed mode linux-amd64 compressed oops)
# Problematic frame:
# v  ~BufferBlob::jni_fast_GetLongField
#
# Failed to write core dump. Core dumps have been disabled. To enable core dumping, try "ulimit -c unlimited" before starting Java again
#
# If you would like to submit a bug report, please visit:
#   http://bugreport.java.com/bugreport/crash.jsp
# The crash happened outside the Java Virtual Machine in native code.
# See problematic frame for where to report the bug.
#

---------------  T H R E A D  ---------------

Current thread (0x00007fab1c358000):  JavaThread "AWT-XAWT" daemon [_thread_in_native, id=227791, stack(0x00007faafb23f000,0x00007faafb340000)]

siginfo: si_signo: 11 (SIGSEGV), si_code: 1 (SEGV_MAPERR), si_addr: 0x0000000000000000

Registers:
RAX=0x00007fab219fa400, RBX=0x00007fab1c3581f8, RCX=0x00007fab219d51a0, RDX=0x0000000000000042
RSP=0x00007faafb33e4b8, RBP=0x00007faafb33e4e0, RSI=0x0000000000000000, RDI=0x00007fab1c3581f8
R8 =0x00007fab1c358000, R9 =0x0000000000000000, R10=0x000000000000000a, R11=0x00007fab21435f50
R12=0x0000000000000000, R13=0x0000000000000000, R14=0x00007faafbfff820, R15=0x00007fab1c358000
RIP=0x00007fab0d069a7a, EFLAGS=0x0000000000010246, CSGSFS=0x002b000000000033, ERR=0x0000000000000004
  TRAPNO=0x000000000000000e

Top of Stack: (sp=0x00007faafb33e4b8)
0x00007faafb33e4b8:   00007faafbdde051 00007fab092ac9f8
0x00007faafb33e4c8:   0000000000000000 00007fab092ac9f8
0x00007faafb33e4d8:   00007faafb33e5c8 00007faa4c00b1b0
0x00007faafb33e4e8:   00007fab0007ef4d 00007fab092ac9f8
0x00007faafb33e4f8:   00007faafb33e520 0000000000000000
0x00007faafb33e508:   00007fab00076973 00007fab092ac9f8
0x00007faafb33e518:   00007faafbdd728f 00007faafb33e590
0x00007faafb33e528:   00007fab0d017a34 00007faafb33e610
0x00007faafb33e538:   00007fab0d472f94 00007faafb33e610
0x00007faafb33e548:   00007fab0d46fe6c 00007faafb33e550
0x00007faafb33e558:   0000000000000000 00007faafb33e5c8
0x00007faafb33e568:   00007fab092b1088 0000000000000000
0x00007faafb33e578:   00007fab092ac9f8 0000000000000000
0x00007faafb33e588:   00007faafb33e5b0 00007faafb33e610
0x00007faafb33e598:   00007fab0d007a90 000000071a398040
0x00007faafb33e5a8:   00007fab0d011520 0000000000000000
0x00007faafb33e5b8:   00007faafb33e610 00007faa4c003170
0x00007faafb33e5c8:   000000071a60f7c0 00007faafb33e5d0
0x00007faafb33e5d8:   00007fab0926fad4 00007faafb33e658
0x00007faafb33e5e8:   00007fab09289560 0000000000000000
0x00007faafb33e5f8:   00007fab0926fc10 00007faafb33e5b0
0x00007faafb33e608:   00007faafb33e650 00007faafb33e6a0
0x00007faafb33e618:   00007fab0d0082bd 0000000000000000
0x00007faafb33e628:   0000000000000000 0000000000000000
0x00007faafb33e638:   0000000000000000 0000000000000000
0x00007faafb33e648:   000000071a60f7c0 0000000000000000
0x00007faafb33e658:   000000071a3cfb20 00007faafb33e660
0x00007faafb33e668:   00007fab0926f915 00007faafb33e6b0
0x00007faafb33e678:   00007fab09289560 0000000000000000
0x00007faafb33e688:   00007fab0926f920 00007faafb33e650
0x00007faafb33e698:   00007faafb33e6b0 00007faafb33e6f8
0x00007faafb33e6a8:   00007fab0d008302 000000071a3cfb20 

Instructions: (pc=0x00007fab0d069a7a)
0x00007fab0d069a5a:   00 00 00 00 00 00 44 8b 15 a1 04 9d 14 4c 8b ce
0x00007fab0d069a6a:   41 f6 c2 01 0f 85 2e 00 00 00 4d 33 ca 4d 33 ca
0x00007fab0d069a7a:   4d 8b 09 4c 8b da 49 c1 eb 02 4b 8b 04 19 49 bb
0x00007fab0d069a8a:   08 9f a3 21 ab 7f 00 00 4c 33 d8 4c 33 d8 45 3b 

Register to memory mapping:

RAX=0x00007fab219fa400: <offset 0xf90400> in /usr/local/MATLAB/R2018b/sys/java/jre/glnxa64/jre/lib/amd64/server/libjvm.so at 0x00007fab20a6a000
RBX=0x00007fab1c3581f8 is an unknown value
RCX=0x00007fab219d51a0: <offset 0xf6b1a0> in /usr/local/MATLAB/R2018b/sys/java/jre/glnxa64/jre/lib/amd64/server/libjvm.so at 0x00007fab20a6a000
RDX=0x0000000000000042 is an unknown value
RSP=0x00007faafb33e4b8 is pointing into the stack for thread: 0x00007fab1c358000
RBP=0x00007faafb33e4e0 is pointing into the stack for thread: 0x00007fab1c358000
RSI=0x0000000000000000 is an unknown value
RDI=0x00007fab1c3581f8 is an unknown value
R8 =0x00007fab1c358000 is a thread
R9 =0x0000000000000000 is an unknown value
R10=0x000000000000000a is an unknown value
R11=0x00007fab21435f50: <offset 0x9cbf50> in /usr/local/MATLAB/R2018b/sys/java/jre/glnxa64/jre/lib/amd64/server/libjvm.so at 0x00007fab20a6a000
R12=0x0000000000000000 is an unknown value
R13=0x0000000000000000 is an unknown value
R14=0x00007faafbfff820: <offset 0x258820> in /usr/local/MATLAB/R2018b/sys/java/jre/glnxa64/jre/lib/amd64/libawt_xawt.so at 0x00007faafbda7000
R15=0x00007fab1c358000 is a thread


Stack: [0x00007faafb23f000,0x00007faafb340000],  sp=0x00007faafb33e4b8,  free space=1021k
Native frames: (J=compiled Java code, j=interpreted, Vv=VM code, C=native code)
v  ~BufferBlob::jni_fast_GetLongField
C  [libX11.so.6+0x65f4d]  _XimServerDestroy+0x4d

Java frames: (J=compiled Java code, j=interpreted, Vv=VM code)
j  sun.awt.X11.XlibWrapper.XFilterEvent(JJ)Z+0
j  sun.awt.X11.XToolkit.run(Z)V+300
j  sun.awt.X11.XToolkit.run()V+5
j  java.lang.Thread.run()V+11
v  ~StubRoutines::call_stub

---------------  P R O C E S S  ---------------

Java Threads: ( => current thread )
  0x00007faa4411c000 JavaThread "Timer-0" daemon [_thread_blocked, id=227817, stack(0x00007faafa292000,0x00007faafa393000)]
  0x00007faa44094000 JavaThread "TimerQueue" daemon [_thread_blocked, id=227813, stack(0x00007faafa593000,0x00007faafa694000)]
  0x00007faa4403c000 JavaThread "Image Fetcher 0" daemon [_thread_blocked, id=227798, stack(0x00007faafaf3c000,0x00007faafb03d000)]
  0x00007fab1c00b800 JavaThread "DestroyJavaVM" [_thread_blocked, id=227745, stack(0x00007fab2081b000,0x00007fab2091b000)]
  0x00007fab1c35c000 JavaThread "AWT-EventQueue-0" [_thread_blocked, id=227793, stack(0x00007faafb03d000,0x00007faafb13e000)]
  0x00007fab1c35a800 JavaThread "AWT-Shutdown" [_thread_blocked, id=227792, stack(0x00007faafb13e000,0x00007faafb23f000)]
=>0x00007fab1c358000 JavaThread "AWT-XAWT" daemon [_thread_in_native, id=227791, stack(0x00007faafb23f000,0x00007faafb340000)]
  0x00007fab1c33a800 JavaThread "Java2D Disposer" daemon [_thread_blocked, id=227790, stack(0x00007faafb369000,0x00007faafb46a000)]
  0x00007fab1c0ee800 JavaThread "Service Thread" daemon [_thread_blocked, id=227775, stack(0x00007fab005d3000,0x00007fab006d4000)]
  0x00007fab1c0ec000 JavaThread "C1 CompilerThread11" daemon [_thread_blocked, id=227774, stack(0x00007fab006d5000,0x00007fab007d5000)]
  0x00007fab1c0e9800 JavaThread "C1 CompilerThread10" daemon [_thread_blocked, id=227773, stack(0x00007fab007d6000,0x00007fab008d6000)]
  0x00007fab1c0e7800 JavaThread "C1 CompilerThread9" daemon [_thread_blocked, id=227772, stack(0x00007fab008d7000,0x00007fab009d7000)]
  0x00007fab1c0e6000 JavaThread "C1 CompilerThread8" daemon [_thread_blocked, id=227771, stack(0x00007fab009d8000,0x00007fab00ad8000)]
  0x00007fab1c0e3800 JavaThread "C2 CompilerThread7" daemon [_thread_blocked, id=227770, stack(0x00007fab00ad9000,0x00007fab00bd9000)]
  0x00007fab1c0e1800 JavaThread "C2 CompilerThread6" daemon [_thread_blocked, id=227769, stack(0x00007fab00bda000,0x00007fab00cda000)]
  0x00007fab1c0df800 JavaThread "C2 CompilerThread5" daemon [_thread_blocked, id=227768, stack(0x00007fab00cdb000,0x00007fab00ddb000)]
  0x00007fab1c0d5000 JavaThread "C2 CompilerThread4" daemon [_thread_blocked, id=227767, stack(0x00007fab00ddc000,0x00007fab00edc000)]
  0x00007fab1c0d3000 JavaThread "C2 CompilerThread3" daemon [_thread_blocked, id=227766, stack(0x00007fab00edd000,0x00007fab00fdd000)]
  0x00007fab1c0d1000 JavaThread "C2 CompilerThread2" daemon [_thread_blocked, id=227765, stack(0x00007fab00fde000,0x00007fab010de000)]
  0x00007fab1c0cf000 JavaThread "C2 CompilerThread1" daemon [_thread_blocked, id=227764, stack(0x00007fab010df000,0x00007fab011df000)]
  0x00007fab1c0cc000 JavaThread "C2 CompilerThread0" daemon [_thread_blocked, id=227763, stack(0x00007fab011e0000,0x00007fab012e0000)]
  0x00007fab1c0ca800 JavaThread "Signal Dispatcher" daemon [_thread_blocked, id=227762, stack(0x00007fab012e0000,0x00007fab013e1000)]
  0x00007fab1c097800 JavaThread "Finalizer" daemon [_thread_blocked, id=227761, stack(0x00007fab01c52000,0x00007fab01d53000)]
  0x00007fab1c093000 JavaThread "Reference Handler" daemon [_thread_blocked, id=227760, stack(0x00007fab01d53000,0x00007fab01e54000)]

Other Threads:
  0x00007fab1c08b000 VMThread [stack: 0x00007fab01e55000,0x00007fab01f55000] [id=227759]
  0x00007fab1c0f3800 WatcherThread [stack: 0x00007fab004d3000,0x00007fab005d3000] [id=227776]

VM state:not at safepoint (normal execution)

VM Mutex/Monitor currently owned by a thread: None

Heap:
 PSYoungGen      total 149504K, used 30843K [0x0000000719700000, 0x0000000723d80000, 0x00000007c0000000)
  eden space 128512K, 24% used [0x0000000719700000,0x000000071b51eec8,0x0000000721480000)
  from space 20992K, 0% used [0x0000000722900000,0x0000000722900000,0x0000000723d80000)
  to   space 20992K, 0% used [0x0000000721480000,0x0000000721480000,0x0000000722900000)
 ParOldGen       total 341504K, used 0K [0x00000005cc400000, 0x00000005e1180000, 0x0000000719700000)
  object space 341504K, 0% used [0x00000005cc400000,0x00000005cc400000,0x00000005e1180000)
 Metaspace       used 13262K, capacity 13416K, committed 13568K, reserved 1060864K
  class space    used 1620K, capacity 1696K, committed 1792K, reserved 1048576K

Card table byte_map: [0x00007fab0bca1000,0x00007fab0cc40000] byte_map_base: 0x00007fab08e3f000

Marking Bits: (ParMarkBitMap*) 0x00007fab21a391a0
 Begin Bits: [0x00007faa94620000, 0x00007faa9c310000)
 End Bits:   [0x00007faa9c310000, 0x00007faaa4000000)

Polling page: 0x00007fab21edb000

CodeCache: size=245760Kb used=4693Kb max_used=4707Kb free=241066Kb
 bounds [0x00007fab0d000000, 0x00007fab0d4a0000, 0x00007fab1c000000]
 total_blobs=1427 nmethods=854 adapters=484
 compilation: enabled

Compilation events (10 events):
Event: 0.217 Thread 0x00007fab1c0e9800 nmethod 850 0x00007fab0d490bd0 code [0x00007fab0d490d40, 0x00007fab0d490f30]
Event: 0.217 Thread 0x00007fab1c0ec000  851       1       java.util.LinkedList::size (5 bytes)
Event: 0.217 Thread 0x00007fab1c0ec000 nmethod 851 0x00007fab0d490f90 code [0x00007fab0d4910e0, 0x00007fab0d4911f0]
Event: 0.219 Thread 0x00007fab1c0e7800  852       3       java.awt.font.FontRenderContext::equals (127 bytes)
Event: 0.219 Thread 0x00007fab1c0e6000  853       3       java.awt.Component::getForeground (29 bytes)
Event: 0.219 Thread 0x00007fab1c0e6000 nmethod 853 0x00007fab0d491450 code [0x00007fab0d4915e0, 0x00007fab0d491a28]
Event: 0.219 Thread 0x00007fab1c0e7800 nmethod 852 0x00007fab0d491b50 code [0x00007fab0d491e00, 0x00007fab0d493158]
Event: 0.228 Thread 0x00007fab1c0d1000 nmethod 842 0x00007fab0d4975d0 code [0x00007fab0d497820, 0x00007fab0d498aa8]
Event: 1.008 Thread 0x00007fab1c0e9800  854       3       sun.awt.X11.XPropertyEvent::get_atom (20 bytes)
Event: 1.009 Thread 0x00007fab1c0e9800 nmethod 854 0x00007fab0d496e90 code [0x00007fab0d497020, 0x00007fab0d497408]

GC Heap History (0 events):
No events

Deoptimization events (4 events):
Event: 0.165 Thread 0x00007fab1c35c000 Uncommon trap: reason=class_check action=maybe_recompile pc=0x00007fab0d2c42c8 method=java.lang.String.equals(Ljava/lang/Object;)Z @ 8
Event: 0.165 Thread 0x00007fab1c35c000 Uncommon trap: reason=class_check action=maybe_recompile pc=0x00007fab0d2c42c8 method=java.lang.String.equals(Ljava/lang/Object;)Z @ 8
Event: 0.165 Thread 0x00007fab1c35c000 Uncommon trap: reason=class_check action=maybe_recompile pc=0x00007fab0d2c42c8 method=java.lang.String.equals(Ljava/lang/Object;)Z @ 8
Event: 0.165 Thread 0x00007fab1c35c000 Uncommon trap: reason=class_check action=maybe_recompile pc=0x00007fab0d2c42c8 method=java.lang.String.equals(Ljava/lang/Object;)Z @ 8

Classes redefined (0 events):
No events

Internal exceptions (10 events):
Event: 0.043 Thread 0x00007fab1c00b800 Exception <a 'java/security/PrivilegedActionException'> (0x00000007197d1a80) thrown at [/HUDSON/workspace/8-2-build-linux-amd64/jdk8u152/9742/hotspot/src/share/vm/prims/jvm.cpp, line 1390]
Event: 0.043 Thread 0x00007fab1c00b800 Exception <a 'java/security/PrivilegedActionException'> (0x00000007197d1c90) thrown at [/HUDSON/workspace/8-2-build-linux-amd64/jdk8u152/9742/hotspot/src/share/vm/prims/jvm.cpp, line 1390]
Event: 0.044 Thread 0x00007fab1c00b800 Exception <a 'java/security/PrivilegedActionException'> (0x00000007197d4858) thrown at [/HUDSON/workspace/8-2-build-linux-amd64/jdk8u152/9742/hotspot/src/share/vm/prims/jvm.cpp, line 1390]
Event: 0.044 Thread 0x00007fab1c00b800 Exception <a 'java/security/PrivilegedActionException'> (0x00000007197d4a68) thrown at [/HUDSON/workspace/8-2-build-linux-amd64/jdk8u152/9742/hotspot/src/share/vm/prims/jvm.cpp, line 1390]
Event: 0.062 Thread 0x00007fab1c00b800 Exception <a 'java/lang/NoSuchFieldError': method resolution failed> (0x00000007198a0d88) thrown at [/HUDSON/workspace/8-2-build-linux-amd64/jdk8u152/9742/hotspot/src/share/vm/prims/methodHandles.cpp, line 1167]
Event: 0.063 Thread 0x00007fab1c00b800 Exception <a 'java/lang/NoSuchFieldError': method resolution failed> (0x00000007198ae4a8) thrown at [/HUDSON/workspace/8-2-build-linux-amd64/jdk8u152/9742/hotspot/src/share/vm/prims/methodHandles.cpp, line 1167]
Event: 0.071 Thread 0x00007fab1c00b800 Exception <a 'java/io/FileNotFoundException'> (0x000000071992f7c8) thrown at [/HUDSON/workspace/8-2-build-linux-amd64/jdk8u152/9742/hotspot/src/share/vm/prims/jni.cpp, line 709]
Event: 0.071 Thread 0x00007fab1c00b800 Exception <a 'java/io/FileNotFoundException'> (0x0000000719930250) thrown at [/HUDSON/workspace/8-2-build-linux-amd64/jdk8u152/9742/hotspot/src/share/vm/prims/jni.cpp, line 709]
Event: 0.078 Thread 0x00007fab1c00b800 Exception <a 'java/security/PrivilegedActionException'> (0x000000071996d9f0) thrown at [/HUDSON/workspace/8-2-build-linux-amd64/jdk8u152/9742/hotspot/src/share/vm/prims/jvm.cpp, line 1390]
Event: 0.078 Thread 0x00007fab1c00b800 Exception <a 'java/security/PrivilegedActionException'> (0x000000071996dc00) thrown at [/HUDSON/workspace/8-2-build-linux-amd64/jdk8u152/9742/hotspot/src/share/vm/prims/jvm.cpp, line 1390]

Events (10 events):
Event: 0.218 loading class java/text/AttributedString
Event: 0.218 loading class java/text/AttributedString done
Event: 0.218 loading class java/text/AttributedString$AttributedStringIterator
Event: 0.218 loading class java/text/AttributedCharacterIterator
Event: 0.218 loading class java/text/AttributedCharacterIterator done
Event: 0.219 loading class java/text/AttributedString$AttributedStringIterator done
Event: 0.987 loading class sun/awt/X11/XkbEvent
Event: 0.987 loading class sun/awt/X11/XkbEvent done
Event: 0.987 loading class sun/awt/X11/XkbAnyEvent
Event: 0.987 loading class sun/awt/X11/XkbAnyEvent done


Dynamic libraries:
00400000-00401000 r-xp 00000000 103:02 70517589                          /usr/local/MATLAB/R2018b/sys/java/jre/glnxa64/jre/bin/java
00600000-00601000 rw-p 00000000 103:02 70517589                          /usr/local/MATLAB/R2018b/sys/java/jre/glnxa64/jre/bin/java
01962000-01983000 rw-p 00000000 00:00 0                                  [heap]
5cc400000-5e1180000 rw-p 00000000 00:00 0 
5e1180000-719700000 ---p 00000000 00:00 0 
719700000-723d80000 rw-p 00000000 00:00 0 
723d80000-7c0000000 ---p 00000000 00:00 0 
7c0000000-7c01c0000 rw-p 00000000 00:00 0 
7c01c0000-800000000 ---p 00000000 00:00 0 
7faa30000000-7faa30021000 rw-p 00000000 00:00 0 
7faa30021000-7faa34000000 ---p 00000000 00:00 0 
7faa38000000-7faa3802a000 rw-p 00000000 00:00 0 
7faa3802a000-7faa3c000000 ---p 00000000 00:00 0 
7faa3c000000-7faa3c021000 rw-p 00000000 00:00 0 
7faa3c021000-7faa40000000 ---p 00000000 00:00 0 
7faa40000000-7faa40021000 rw-p 00000000 00:00 0 
7faa40021000-7faa44000000 ---p 00000000 00:00 0 
7faa44000000-7faa443b0000 rw-p 00000000 00:00 0 
7faa443b0000-7faa48000000 ---p 00000000 00:00 0 
7faa48000000-7faa48021000 rw-p 00000000 00:00 0 
7faa48021000-7faa4c000000 ---p 00000000 00:00 0 
7faa4c000000-7faa4c021000 rw-p 00000000 00:00 0 
7faa4c021000-7faa50000000 ---p 00000000 00:00 0 
7faa50000000-7faa50021000 rw-p 00000000 00:00 0 
7faa50021000-7faa54000000 ---p 00000000 00:00 0 
7faa54000000-7faa54021000 rw-p 00000000 00:00 0 
7faa54021000-7faa58000000 ---p 00000000 00:00 0 
7faa58000000-7faa580e1000 rw-p 00000000 00:00 0 
7faa580e1000-7faa5c000000 ---p 00000000 00:00 0 
7faa5c000000-7faa5c0f7000 rw-p 00000000 00:00 0 
7faa5c0f7000-7faa60000000 ---p 00000000 00:00 0 
7faa60000000-7faa600b9000 rw-p 00000000 00:00 0 
7faa600b9000-7faa64000000 ---p 00000000 00:00 0 
7faa64000000-7faa640b9000 rw-p 00000000 00:00 0 
7faa640b9000-7faa68000000 ---p 00000000 00:00 0 
7faa68000000-7faa68021000 rw-p 00000000 00:00 0 
7faa68021000-7faa6c000000 ---p 00000000 00:00 0 
7faa6c000000-7faa6c021000 rw-p 00000000 00:00 0 
7faa6c021000-7faa70000000 ---p 00000000 00:00 0 
7faa70000000-7faa70021000 rw-p 00000000 00:00 0 
7faa70021000-7faa74000000 ---p 00000000 00:00 0 
7faa74000000-7faa74067000 rw-p 00000000 00:00 0 
7faa74067000-7faa78000000 ---p 00000000 00:00 0 
7faa78000000-7faa780d5000 rw-p 00000000 00:00 0 
7faa780d5000-7faa7c000000 ---p 00000000 00:00 0 
7faa7c000000-7faa7c021000 rw-p 00000000 00:00 0 
7faa7c021000-7faa80000000 ---p 00000000 00:00 0 
7faa80000000-7faa80085000 rw-p 00000000 00:00 0 
7faa80085000-7faa84000000 ---p 00000000 00:00 0 
7faa84000000-7faa84021000 rw-p 00000000 00:00 0 
7faa84021000-7faa88000000 ---p 00000000 00:00 0 
7faa88000000-7faa88021000 rw-p 00000000 00:00 0 
7faa88021000-7faa8c000000 ---p 00000000 00:00 0 
7faa8c000000-7faa8c021000 rw-p 00000000 00:00 0 
7faa8c021000-7faa90000000 ---p 00000000 00:00 0 
7faa90000000-7faa90021000 rw-p 00000000 00:00 0 
7faa90021000-7faa94000000 ---p 00000000 00:00 0 
7faa94620000-7faaa4000000 rw-p 00000000 00:00 0 
7faaa4000000-7faaa4021000 rw-p 00000000 00:00 0 
7faaa4021000-7faaa8000000 ---p 00000000 00:00 0 
7faaa8000000-7faaa8021000 rw-p 00000000 00:00 0 
7faaa8021000-7faaac000000 ---p 00000000 00:00 0 
7faaac000000-7faaac021000 rw-p 00000000 00:00 0 
7faaac021000-7faab0000000 ---p 00000000 00:00 0 
7faab4000000-7faab4021000 rw-p 00000000 00:00 0 
7faab4021000-7faab8000000 ---p 00000000 00:00 0 
7faabc000000-7faabc021000 rw-p 00000000 00:00 0 
7faabc021000-7faac0000000 ---p 00000000 00:00 0 
7faac4000000-7faac4021000 rw-p 00000000 00:00 0 
7faac4021000-7faac8000000 ---p 00000000 00:00 0 
7faacc000000-7faacc021000 rw-p 00000000 00:00 0 
7faacc021000-7faad0000000 ---p 00000000 00:00 0 
7faad4000000-7faad4021000 rw-p 00000000 00:00 0 
7faad4021000-7faad8000000 ---p 00000000 00:00 0 
7faadc000000-7faadc021000 rw-p 00000000 00:00 0 
7faadc021000-7faae0000000 ---p 00000000 00:00 0 
7faae4000000-7faae4021000 rw-p 00000000 00:00 0 
7faae4021000-7faae8000000 ---p 00000000 00:00 0 
7faaec000000-7faaec021000 rw-p 00000000 00:00 0 
7faaec021000-7faaf0000000 ---p 00000000 00:00 0 
7faaf0fff000-7faaf4000000 rw-p 00000000 00:00 0 
7faaf4000000-7faaf4021000 rw-p 00000000 00:00 0 
7faaf4021000-7faaf8000000 ---p 00000000 00:00 0 
7faafa28f000-7faafa292000 rw-s 00000000 00:01 262201                     /SYSV00000000 (deleted)
7faafa292000-7faafa295000 ---p 00000000 00:00 0 
7faafa295000-7faafa513000 rw-p 00000000 00:00 0 
7faafa513000-7faafa593000 ---p 00000000 00:00 0 
7faafa593000-7faafa596000 ---p 00000000 00:00 0 
7faafa596000-7faafa694000 rw-p 00000000 00:00 0 
7faafa694000-7faafa6fe000 r-xp 00000000 103:02 70517778                  /usr/local/MATLAB/R2018b/sys/java/jre/glnxa64/jre/lib/amd64/libt2k.so
7faafa6fe000-7faafa8fd000 ---p 0006a000 103:02 70517778                  /usr/local/MATLAB/R2018b/sys/java/jre/glnxa64/jre/lib/amd64/libt2k.so
7faafa8fd000-7faafa904000 rw-p 00069000 103:02 70517778                  /usr/local/MATLAB/R2018b/sys/java/jre/glnxa64/jre/lib/amd64/libt2k.so
7faafa904000-7faafa914000 rw-p 00000000 00:00 0 
7faafa914000-7faafa925000 r-xp 00000000 103:02 70517816                  /usr/local/MATLAB/R2018b/sys/java/jre/glnxa64/jre/lib/amd64/libnio.so
7faafa925000-7faafab24000 ---p 00011000 103:02 70517816                  /usr/local/MATLAB/R2018b/sys/java/jre/glnxa64/jre/lib/amd64/libnio.so
7faafab24000-7faafab25000 rw-p 00010000 103:02 70517816                  /usr/local/MATLAB/R2018b/sys/java/jre/glnxa64/jre/lib/amd64/libnio.so
7faafab25000-7faafab3b000 r-xp 00000000 103:02 70517829                  /usr/local/MATLAB/R2018b/sys/java/jre/glnxa64/jre/lib/amd64/libnet.so
7faafab3b000-7faafad3b000 ---p 00016000 103:02 70517829                  /usr/local/MATLAB/R2018b/sys/java/jre/glnxa64/jre/lib/amd64/libnet.so
7faafad3b000-7faafad3c000 rw-p 00016000 103:02 70517829                  /usr/local/MATLAB/R2018b/sys/java/jre/glnxa64/jre/lib/amd64/libnet.so
7faafad3c000-7faafaf3c000 rw-p 00000000 00:00 0 
7faafaf3c000-7faafaf3f000 ---p 00000000 00:00 0 
7faafaf3f000-7faafb03d000 rw-p 00000000 00:00 0 
7faafb03d000-7faafb040000 ---p 00000000 00:00 0 
7faafb040000-7faafb13e000 rw-p 00000000 00:00 0 
7faafb13e000-7faafb141000 ---p 00000000 00:00 0 
7faafb141000-7faafb23f000 rw-p 00000000 00:00 0 
7faafb23f000-7faafb242000 ---p 00000000 00:00 0 
7faafb242000-7faafb340000 rw-p 00000000 00:00 0 
7faafb340000-7faafb342000 r--p 00000000 103:02 70261845                  /usr/lib/x86_64-linux-gnu/libXfixes.so.3.1.0
7faafb342000-7faafb345000 r-xp 00002000 103:02 70261845                  /usr/lib/x86_64-linux-gnu/libXfixes.so.3.1.0
7faafb345000-7faafb346000 r--p 00005000 103:02 70261845                  /usr/lib/x86_64-linux-gnu/libXfixes.so.3.1.0
7faafb346000-7faafb347000 r--p 00005000 103:02 70261845                  /usr/lib/x86_64-linux-gnu/libXfixes.so.3.1.0
7faafb347000-7faafb348000 rw-p 00006000 103:02 70261845                  /usr/lib/x86_64-linux-gnu/libXfixes.so.3.1.0
7faafb348000-7faafb34b000 r--p 00000000 103:02 70261837                  /usr/lib/x86_64-linux-gnu/libXcursor.so.1.0.2
7faafb34b000-7faafb351000 r-xp 00003000 103:02 70261837                  /usr/lib/x86_64-linux-gnu/libXcursor.so.1.0.2
7faafb351000-7faafb353000 r--p 00009000 103:02 70261837                  /usr/lib/x86_64-linux-gnu/libXcursor.so.1.0.2
7faafb353000-7faafb354000 r--p 0000a000 103:02 70261837                  /usr/lib/x86_64-linux-gnu/libXcursor.so.1.0.2
7faafb354000-7faafb355000 rw-p 0000b000 103:02 70261837                  /usr/lib/x86_64-linux-gnu/libXcursor.so.1.0.2
7faafb356000-7faafb369000 r--s 00345000 103:02 70517604                  /usr/local/MATLAB/R2018b/sys/java/jre/glnxa64/jre/lib/resources.jar
7faafb369000-7faafb36c000 ---p 00000000 00:00 0 
7faafb36c000-7faafb46a000 rw-p 00000000 00:00 0 
7faafb46a000-7faafb480000 r-xp 00000000 103:02 70389790                  /usr/local/MATLAB/R2018b/sys/os/glnxa64/libgcc_s.so.1
7faafb480000-7faafb67f000 ---p 00016000 103:02 70389790                  /usr/local/MATLAB/R2018b/sys/os/glnxa64/libgcc_s.so.1
7faafb67f000-7faafb680000 r--p 00015000 103:02 70389790                  /usr/local/MATLAB/R2018b/sys/os/glnxa64/libgcc_s.so.1
7faafb680000-7faafb681000 rw-p 00016000 103:02 70389790                  /usr/local/MATLAB/R2018b/sys/os/glnxa64/libgcc_s.so.1
7faafb681000-7faafb6e6000 r-xp 00000000 103:02 70517802                  /usr/local/MATLAB/R2018b/sys/java/jre/glnxa64/jre/lib/amd64/libfontmanager.so
7faafb6e6000-7faafb8e5000 ---p 00065000 103:02 70517802                  /usr/local/MATLAB/R2018b/sys/java/jre/glnxa64/jre/lib/amd64/libfontmanager.so
7faafb8e5000-7faafb8ea000 rw-p 00064000 103:02 70517802                  /usr/local/MATLAB/R2018b/sys/java/jre/glnxa64/jre/lib/amd64/libfontmanager.so
7faafb8ea000-7faafb8fa000 rw-p 00000000 00:00 0 
7faafb8fa000-7faafb8fb000 r--s 00000000 103:02 70396179                  /usr/local/MATLAB/R2018b/java/jar/zh_CN/fatalexit_res.jar
7faafb8fb000-7faafb8fc000 r--s 00000000 103:02 70523336                  /usr/local/MATLAB/R2018b/java/jar/ja_JP/fatalexit_res.jar
7faafb8fc000-7faafb900000 r--s 0001f000 103:02 73142638                  /usr/local/MATLAB/R2018b/java/jarext/axis2/XmlSchema.jar
7faafb900000-7faafb906000 r--s 0007a000 103:02 73142637                  /usr/local/MATLAB/R2018b/java/jarext/axis2/wstx-asl.jar
7faafb906000-7faafb90b000 r--s 00020000 103:02 73142636                  /usr/local/MATLAB/R2018b/java/jarext/axis2/wsdl4j.jar
7faafb90b000-7faafb90d000 r--s 00007000 103:02 73142635                  /usr/local/MATLAB/R2018b/java/jarext/axis2/neethi.jar
7faafb90d000-7faafb913000 r--s 00059000 103:02 73142634                  /usr/local/MATLAB/R2018b/java/jarext/axis2/mail.jar
7faafb913000-7faafb918000 r--s 00026000 103:02 73142633                  /usr/local/MATLAB/R2018b/java/jarext/axis2/httpcore.jar
7faafb918000-7faafb91a000 r--s 00006000 103:02 73142632                  /usr/local/MATLAB/R2018b/java/jarext/axis2/geronimo-stax-api.jar
7faafb91a000-7faafb920000 r--s 00045000 103:02 73142631                  /usr/local/MATLAB/R2018b/java/jarext/axis2/commons-httpclient.jar
7faafb920000-7faafb923000 r--s 00023000 103:02 73142629                  /usr/local/MATLAB/R2018b/java/jarext/axis2/axis2-transport-http.jar
7faafb923000-7faafb930000 r--s 000e8000 103:02 73142628                  /usr/local/MATLAB/R2018b/java/jarext/axis2/axis2-kernel.jar
7faafb930000-7faafb93b000 r--s 000b4000 103:02 73142627                  /usr/local/MATLAB/R2018b/java/jarext/axis2/axis2-adb.jar
7faafb93b000-7faafb93e000 r--s 0001b000 103:02 73142626                  /usr/local/MATLAB/R2018b/java/jarext/axis2/axiom-impl.jar
7faafb93e000-7faafb947000 r--s 0005d000 103:02 73142625                  /usr/local/MATLAB/R2018b/java/jarext/axis2/axiom-api.jar
7faafb947000-7faafb94f000 r--s 00053000 103:02 70388435                  /usr/local/MATLAB/R2018b/java/jarext/jgoodies-looks.jar
7faafb94f000-7faafb953000 r--s 00038000 103:02 70389998                  /usr/local/MATLAB/R2018b/java/jarext/commons-lang.jar
7faafb953000-7faafb957000 r--p 00000000 103:02 70261997                  /usr/lib/x86_64-linux-gnu/libbsd.so.0.10.0
7faafb957000-7faafb966000 r-xp 00004000 103:02 70261997                  /usr/lib/x86_64-linux-gnu/libbsd.so.0.10.0
7faafb966000-7faafb969000 r--p 00013000 103:02 70261997                  /usr/lib/x86_64-linux-gnu/libbsd.so.0.10.0
7faafb969000-7faafb96a000 ---p 00016000 103:02 70261997                  /usr/lib/x86_64-linux-gnu/libbsd.so.0.10.0
7faafb96a000-7faafb96b000 r--p 00016000 103:02 70261997                  /usr/lib/x86_64-linux-gnu/libbsd.so.0.10.0
7faafb96b000-7faafb96c000 rw-p 00017000 103:02 70261997                  /usr/lib/x86_64-linux-gnu/libbsd.so.0.10.0
7faafb96c000-7faafb96d000 rw-p 00000000 00:00 0 
7faafb96d000-7faafb978000 r--p 00000000 103:02 70263314                  /usr/lib/x86_64-linux-gnu/libxcb.so.1.1.0
7faafb978000-7faafb98c000 r-xp 0000b000 103:02 70263314                  /usr/lib/x86_64-linux-gnu/libxcb.so.1.1.0
7faafb98c000-7faafb995000 r--p 0001f000 103:02 70263314                  /usr/lib/x86_64-linux-gnu/libxcb.so.1.1.0
7faafb995000-7faafb996000 r--p 00027000 103:02 70263314                  /usr/lib/x86_64-linux-gnu/libxcb.so.1.1.0
7faafb996000-7faafb997000 rw-p 00028000 103:02 70263314                  /usr/lib/x86_64-linux-gnu/libxcb.so.1.1.0
7faafb997000-7faafb99c000 r-xp 00000000 103:02 70261869                  /usr/lib/x86_64-linux-gnu/libXtst.so.6.1.0
7faafb99c000-7faafbb9b000 ---p 00005000 103:02 70261869                  /usr/lib/x86_64-linux-gnu/libXtst.so.6.1.0
7faafbb9b000-7faafbb9c000 r--p 00004000 103:02 70261869                  /usr/lib/x86_64-linux-gnu/libXtst.so.6.1.0
7faafbb9c000-7faafbb9d000 rw-p 00005000 103:02 70261869                  /usr/lib/x86_64-linux-gnu/libXtst.so.6.1.0
7faafbb9d000-7faafbba6000 r-xp 00000000 103:02 70261863                  /usr/lib/x86_64-linux-gnu/libXrender.so.1.3.0
7faafbba6000-7faafbda5000 ---p 00009000 103:02 70261863                  /usr/lib/x86_64-linux-gnu/libXrender.so.1.3.0
7faafbda5000-7faafbda6000 r--p 00008000 103:02 70261863                  /usr/lib/x86_64-linux-gnu/libXrender.so.1.3.0
7faafbda6000-7faafbda7000 rw-p 00009000 103:02 70261863                  /usr/lib/x86_64-linux-gnu/libXrender.so.1.3.0
7faafbda7000-7faafbdfb000 r-xp 00000000 103:02 70517770                  /usr/local/MATLAB/R2018b/sys/java/jre/glnxa64/jre/lib/amd64/libawt_xawt.so
7faafbdfb000-7faafbffb000 ---p 00054000 103:02 70517770                  /usr/local/MATLAB/R2018b/sys/java/jre/glnxa64/jre/lib/amd64/libawt_xawt.so
7faafbffb000-7faafbfff000 rw-p 00054000 103:02 70517770                  /usr/local/MATLAB/R2018b/sys/java/jre/glnxa64/jre/lib/amd64/libawt_xawt.so
7faafbfff000-7faafc000000 rw-p 00000000 00:00 0 
7faafc000000-7faafc021000 rw-p 00000000 00:00 0 
7faafc021000-7fab00000000 ---p 00000000 00:00 0 
7fab00000000-7fab00001000 r--s 00004000 103:02 73142630                  /usr/local/MATLAB/R2018b/java/jarext/axis2/axis2-transport-local.jar
7fab00001000-7fab00003000 r--s 0000e000 103:02 73142624                  /usr/local/MATLAB/R2018b/java/jarext/axis2/activation.jar
7fab00003000-7fab00007000 r--s 0002a000 103:02 70389080                  /usr/local/MATLAB/R2018b/java/jarext/commons-io.jar
7fab00007000-7fab00009000 r--p 00000000 103:02 70261851                  /usr/lib/x86_64-linux-gnu/libXi.so.6.1.0
7fab00009000-7fab00014000 r-xp 00002000 103:02 70261851                  /usr/lib/x86_64-linux-gnu/libXi.so.6.1.0
7fab00014000-7fab00017000 r--p 0000d000 103:02 70261851                  /usr/lib/x86_64-linux-gnu/libXi.so.6.1.0
7fab00017000-7fab00018000 r--p 0000f000 103:02 70261851                  /usr/lib/x86_64-linux-gnu/libXi.so.6.1.0
7fab00018000-7fab00019000 rw-p 00010000 103:02 70261851                  /usr/lib/x86_64-linux-gnu/libXi.so.6.1.0
7fab00019000-7fab00031000 r--p 00000000 103:02 70261826                  /usr/lib/x86_64-linux-gnu/libX11.so.6.3.0
7fab00031000-7fab000bc000 r-xp 00018000 103:02 70261826                  /usr/lib/x86_64-linux-gnu/libX11.so.6.3.0
7fab000bc000-7fab00150000 r--p 000a3000 103:02 70261826                  /usr/lib/x86_64-linux-gnu/libX11.so.6.3.0
7fab00150000-7fab00151000 ---p 00137000 103:02 70261826                  /usr/lib/x86_64-linux-gnu/libX11.so.6.3.0
7fab00151000-7fab00152000 r--p 00137000 103:02 70261826                  /usr/lib/x86_64-linux-gnu/libX11.so.6.3.0
7fab00152000-7fab00156000 rw-p 00138000 103:02 70261826                  /usr/lib/x86_64-linux-gnu/libX11.so.6.3.0
7fab00156000-7fab0015a000 r--p 00000000 103:02 70261843                  /usr/lib/x86_64-linux-gnu/libXext.so.6.4.0
7fab0015a000-7fab00165000 r-xp 00004000 103:02 70261843                  /usr/lib/x86_64-linux-gnu/libXext.so.6.4.0
7fab00165000-7fab00169000 r--p 0000f000 103:02 70261843                  /usr/lib/x86_64-linux-gnu/libXext.so.6.4.0
7fab00169000-7fab0016a000 r--p 00012000 103:02 70261843                  /usr/lib/x86_64-linux-gnu/libXext.so.6.4.0
7fab0016a000-7fab0016b000 rw-p 00013000 103:02 70261843                  /usr/lib/x86_64-linux-gnu/libXext.so.6.4.0
7fab0016b000-7fab0020d000 r-xp 00000000 103:02 70517800                  /usr/local/MATLAB/R2018b/sys/java/jre/glnxa64/jre/lib/amd64/libawt.so
7fab0020d000-7fab0040d000 ---p 000a2000 103:02 70517800                  /usr/local/MATLAB/R2018b/sys/java/jre/glnxa64/jre/lib/amd64/libawt.so
7fab0040d000-7fab00419000 rw-p 000a2000 103:02 70517800                  /usr/local/MATLAB/R2018b/sys/java/jre/glnxa64/jre/lib/amd64/libawt.so
7fab00419000-7fab0043d000 rw-p 00000000 00:00 0 
7fab0043d000-7fab004d2000 r--s 01113000 103:02 70517850                  /usr/local/MATLAB/R2018b/sys/java/jre/glnxa64/jre/lib/ext/jfxrt.jar
7fab004d2000-7fab004d3000 ---p 00000000 00:00 0 
7fab004d3000-7fab005d3000 rw-p 00000000 00:00 0 
7fab005d3000-7fab005d6000 ---p 00000000 00:00 0 
7fab005d6000-7fab006d4000 rw-p 00000000 00:00 0 
7fab006d4000-7fab006d5000 ---p 00000000 00:00 0 
7fab006d5000-7fab006d8000 ---p 00000000 00:00 0 
7fab006d8000-7fab007d5000 rw-p 00000000 00:00 0 
7fab007d5000-7fab007d6000 ---p 00000000 00:00 0 
7fab007d6000-7fab007d9000 ---p 00000000 00:00 0 
7fab007d9000-7fab008d6000 rw-p 00000000 00:00 0 
7fab008d6000-7fab008d7000 ---p 00000000 00:00 0 
7fab008d7000-7fab008da000 ---p 00000000 00:00 0 
7fab008da000-7fab009d7000 rw-p 00000000 00:00 0 
7fab009d7000-7fab009d8000 ---p 00000000 00:00 0 
7fab009d8000-7fab009db000 ---p 00000000 00:00 0 
7fab009db000-7fab00ad8000 rw-p 00000000 00:00 0 
7fab00ad8000-7fab00ad9000 ---p 00000000 00:00 0 
7fab00ad9000-7fab00adc000 ---p 00000000 00:00 0 
7fab00adc000-7fab00bd9000 rw-p 00000000 00:00 0 
7fab00bd9000-7fab00bda000 ---p 00000000 00:00 0 
7fab00bda000-7fab00bdd000 ---p 00000000 00:00 0 
7fab00bdd000-7fab00cda000 rw-p 00000000 00:00 0 
7fab00cda000-7fab00cdb000 ---p 00000000 00:00 0 
7fab00cdb000-7fab00cde000 ---p 00000000 00:00 0 
7fab00cde000-7fab00ddb000 rw-p 00000000 00:00 0 
7fab00ddb000-7fab00ddc000 ---p 00000000 00:00 0 
7fab00ddc000-7fab00ddf000 ---p 00000000 00:00 0 
7fab00ddf000-7fab00edc000 rw-p 00000000 00:00 0 
7fab00edc000-7fab00edd000 ---p 00000000 00:00 0 
7fab00edd000-7fab00ee0000 ---p 00000000 00:00 0 
7fab00ee0000-7fab00fdd000 rw-p 00000000 00:00 0 
7fab00fdd000-7fab00fde000 ---p 00000000 00:00 0 
7fab00fde000-7fab00fe1000 ---p 00000000 00:00 0 
7fab00fe1000-7fab010de000 rw-p 00000000 00:00 0 
7fab010de000-7fab010df000 ---p 00000000 00:00 0 
7fab010df000-7fab010e2000 ---p 00000000 00:00 0 
7fab010e2000-7fab011df000 rw-p 00000000 00:00 0 
7fab011df000-7fab011e0000 ---p 00000000 00:00 0 
7fab011e0000-7fab011e3000 ---p 00000000 00:00 0 
7fab011e3000-7fab012e0000 rw-p 00000000 00:00 0 
7fab012e0000-7fab012e3000 ---p 00000000 00:00 0 
7fab012e3000-7fab013e1000 rw-p 00000000 00:00 0 
7fab013e1000-7fab01c52000 r--p 00000000 103:02 70259143                  /usr/lib/locale/locale-archive
7fab01c52000-7fab01c55000 ---p 00000000 00:00 0 
7fab01c55000-7fab01d53000 rw-p 00000000 00:00 0 
7fab01d53000-7fab01d56000 ---p 00000000 00:00 0 
7fab01d56000-7fab01e54000 rw-p 00000000 00:00 0 
7fab01e54000-7fab01e55000 ---p 00000000 00:00 0 
7fab01e55000-7fab04000000 rw-p 00000000 00:00 0 
7fab04000000-7fab04021000 rw-p 00000000 00:00 0 
7fab04021000-7fab08000000 ---p 00000000 00:00 0 
7fab08000000-7fab08002000 r--s 0000d000 103:02 70390771                  /usr/local/MATLAB/R2018b/java/jarext/commons-logging.jar
7fab08002000-7fab08004000 r--s 0000a000 103:02 70390591                  /usr/local/MATLAB/R2018b/java/jarext/commons-codec.jar
7fab08004000-7fab08ba0000 rw-p 00000000 00:00 0 
7fab08ba0000-7fab08d7a000 r--s 03d5f000 103:02 70517624                  /usr/local/MATLAB/R2018b/sys/java/jre/glnxa64/jre/lib/rt.jar
7fab08d7a000-7fab0a62b000 rw-p 00000000 00:00 0 
7fab0a62b000-7fab0a62c000 ---p 00000000 00:00 0 
7fab0a62c000-7fab0a72c000 rw-p 00000000 00:00 0 
7fab0a72c000-7fab0a72d000 ---p 00000000 00:00 0 
7fab0a72d000-7fab0a82d000 rw-p 00000000 00:00 0 
7fab0a82d000-7fab0a82e000 ---p 00000000 00:00 0 
7fab0a82e000-7fab0a92e000 rw-p 00000000 00:00 0 
7fab0a92e000-7fab0a92f000 ---p 00000000 00:00 0 
7fab0a92f000-7fab0aa2f000 rw-p 00000000 00:00 0 
7fab0aa2f000-7fab0aa30000 ---p 00000000 00:00 0 
7fab0aa30000-7fab0ab30000 rw-p 00000000 00:00 0 
7fab0ab30000-7fab0ab31000 ---p 00000000 00:00 0 
7fab0ab31000-7fab0ac31000 rw-p 00000000 00:00 0 
7fab0ac31000-7fab0ac32000 ---p 00000000 00:00 0 
7fab0ac32000-7fab0ad32000 rw-p 00000000 00:00 0 
7fab0ad32000-7fab0ad33000 ---p 00000000 00:00 0 
7fab0ad33000-7fab0ae33000 rw-p 00000000 00:00 0 
7fab0ae33000-7fab0ae34000 ---p 00000000 00:00 0 
7fab0ae34000-7fab0af34000 rw-p 00000000 00:00 0 
7fab0af34000-7fab0af35000 ---p 00000000 00:00 0 
7fab0af35000-7fab0b035000 rw-p 00000000 00:00 0 
7fab0b035000-7fab0b036000 ---p 00000000 00:00 0 
7fab0b036000-7fab0b136000 rw-p 00000000 00:00 0 
7fab0b136000-7fab0b137000 ---p 00000000 00:00 0 
7fab0b137000-7fab0b2de000 rw-p 00000000 00:00 0 
7fab0b2de000-7fab0bca1000 ---p 00000000 00:00 0 
7fab0bca1000-7fab0bd48000 rw-p 00000000 00:00 0 
7fab0bd48000-7fab0c70a000 ---p 00000000 00:00 0 
7fab0c70a000-7fab0c75e000 rw-p 00000000 00:00 0 
7fab0c75e000-7fab0cc3f000 ---p 00000000 00:00 0 
7fab0cc3f000-7fab0cc53000 rw-p 00000000 00:00 0 
7fab0cc53000-7fab0d000000 ---p 00000000 00:00 0 
7fab0d000000-7fab0d4a0000 rwxp 00000000 00:00 0 
7fab0d4a0000-7fab1c000000 ---p 00000000 00:00 0 
7fab1c000000-7fab1c4fd000 rw-p 00000000 00:00 0 
7fab1c4fd000-7fab20000000 ---p 00000000 00:00 0 
7fab20000000-7fab20001000 r--s 00008000 103:02 70390589                  /usr/local/MATLAB/R2018b/java/jarext/commons-cli.jar
7fab20001000-7fab20004000 r--s 00008000 103:02 73141192                  /usr/local/MATLAB/R2018b/java/jarext/webservices/ws_client_core/mw-service-client-core.jar
7fab20004000-7fab20006000 r--p 00000000 103:02 70261841                  /usr/lib/x86_64-linux-gnu/libXdmcp.so.6.0.0
7fab20006000-7fab20008000 r-xp 00002000 103:02 70261841                  /usr/lib/x86_64-linux-gnu/libXdmcp.so.6.0.0
7fab20008000-7fab2000a000 r--p 00004000 103:02 70261841                  /usr/lib/x86_64-linux-gnu/libXdmcp.so.6.0.0
7fab2000a000-7fab2000b000 r--p 00005000 103:02 70261841                  /usr/lib/x86_64-linux-gnu/libXdmcp.so.6.0.0
7fab2000b000-7fab2000c000 rw-p 00006000 103:02 70261841                  /usr/lib/x86_64-linux-gnu/libXdmcp.so.6.0.0
7fab2000c000-7fab2008f000 rw-p 00000000 00:00 0 
7fab2008f000-7fab20090000 ---p 00000000 00:00 0 
7fab20090000-7fab20190000 rw-p 00000000 00:00 0 
7fab20190000-7fab201ab000 r-xp 00000000 103:02 70517797                  /usr/local/MATLAB/R2018b/sys/java/jre/glnxa64/jre/lib/amd64/libzip.so
7fab201ab000-7fab203ab000 ---p 0001b000 103:02 70517797                  /usr/local/MATLAB/R2018b/sys/java/jre/glnxa64/jre/lib/amd64/libzip.so
7fab203ab000-7fab203ac000 rw-p 0001b000 103:02 70517797                  /usr/local/MATLAB/R2018b/sys/java/jre/glnxa64/jre/lib/amd64/libzip.so
7fab203ac000-7fab203af000 r--p 00000000 103:02 70262776                  /usr/lib/x86_64-linux-gnu/libnss_files-2.31.so
7fab203af000-7fab203b6000 r-xp 00003000 103:02 70262776                  /usr/lib/x86_64-linux-gnu/libnss_files-2.31.so
7fab203b6000-7fab203b8000 r--p 0000a000 103:02 70262776                  /usr/lib/x86_64-linux-gnu/libnss_files-2.31.so
7fab203b8000-7fab203b9000 r--p 0000b000 103:02 70262776                  /usr/lib/x86_64-linux-gnu/libnss_files-2.31.so
7fab203b9000-7fab203ba000 rw-p 0000c000 103:02 70262776                  /usr/lib/x86_64-linux-gnu/libnss_files-2.31.so
7fab203ba000-7fab203c0000 rw-p 00000000 00:00 0 
7fab203c0000-7fab203cd000 r--s 000a7000 103:02 70388452                  /usr/local/MATLAB/R2018b/java/jarext/webservices/urlmanager/urlmanager.jar
7fab203cd000-7fab203cf000 r--s 00003000 103:02 70390960                  /usr/local/MATLAB/R2018b/java/jar/webproxy.jar
7fab203cf000-7fab203d4000 r--s 00037000 103:02 70390356                  /usr/local/MATLAB/R2018b/java/jar/mlwebservices.jar
7fab203d4000-7fab203ff000 r-xp 00000000 103:02 70517796                  /usr/local/MATLAB/R2018b/sys/java/jre/glnxa64/jre/lib/amd64/libjava.so
7fab203ff000-7fab205fe000 ---p 0002b000 103:02 70517796                  /usr/local/MATLAB/R2018b/sys/java/jre/glnxa64/jre/lib/amd64/libjava.so
7fab205fe000-7fab20600000 rw-p 0002a000 103:02 70517796                  /usr/local/MATLAB/R2018b/sys/java/jre/glnxa64/jre/lib/amd64/libjava.so
7fab20600000-7fab2060d000 r-xp 00000000 103:02 70517810                  /usr/local/MATLAB/R2018b/sys/java/jre/glnxa64/jre/lib/amd64/libverify.so
7fab2060d000-7fab2080d000 ---p 0000d000 103:02 70517810                  /usr/local/MATLAB/R2018b/sys/java/jre/glnxa64/jre/lib/amd64/libverify.so
7fab2080d000-7fab2080f000 rw-p 0000d000 103:02 70517810                  /usr/local/MATLAB/R2018b/sys/java/jre/glnxa64/jre/lib/amd64/libverify.so
7fab2080f000-7fab20812000 r--p 00000000 103:02 70262983                  /usr/lib/x86_64-linux-gnu/librt-2.31.so
7fab20812000-7fab20816000 r-xp 00003000 103:02 70262983                  /usr/lib/x86_64-linux-gnu/librt-2.31.so
7fab20816000-7fab20817000 r--p 00007000 103:02 70262983                  /usr/lib/x86_64-linux-gnu/librt-2.31.so
7fab20817000-7fab20818000 ---p 00008000 103:02 70262983                  /usr/lib/x86_64-linux-gnu/librt-2.31.so
7fab20818000-7fab20819000 r--p 00008000 103:02 70262983                  /usr/lib/x86_64-linux-gnu/librt-2.31.so
7fab20819000-7fab2081a000 rw-p 00009000 103:02 70262983                  /usr/lib/x86_64-linux-gnu/librt-2.31.so
7fab2081a000-7fab2081b000 ---p 00000000 00:00 0 
7fab2081b000-7fab2081e000 ---p 00000000 00:00 0 
7fab2081e000-7fab2091b000 rw-p 00000000 00:00 0 
7fab2091b000-7fab2092a000 r--p 00000000 103:02 70262653                  /usr/lib/x86_64-linux-gnu/libm-2.31.so
7fab2092a000-7fab209d1000 r-xp 0000f000 103:02 70262653                  /usr/lib/x86_64-linux-gnu/libm-2.31.so
7fab209d1000-7fab20a68000 r--p 000b6000 103:02 70262653                  /usr/lib/x86_64-linux-gnu/libm-2.31.so
7fab20a68000-7fab20a69000 r--p 0014c000 103:02 70262653                  /usr/lib/x86_64-linux-gnu/libm-2.31.so
7fab20a69000-7fab20a6a000 rw-p 0014d000 103:02 70262653                  /usr/lib/x86_64-linux-gnu/libm-2.31.so
7fab20a6a000-7fab21742000 r-xp 00000000 103:02 70517833                  /usr/local/MATLAB/R2018b/sys/java/jre/glnxa64/jre/lib/amd64/server/libjvm.so
7fab21742000-7fab21941000 ---p 00cd8000 103:02 70517833                  /usr/local/MATLAB/R2018b/sys/java/jre/glnxa64/jre/lib/amd64/server/libjvm.so
7fab21941000-7fab21a1b000 rw-p 00cd7000 103:02 70517833                  /usr/local/MATLAB/R2018b/sys/java/jre/glnxa64/jre/lib/amd64/server/libjvm.so
7fab21a1b000-7fab21a68000 rw-p 00000000 00:00 0 
7fab21a68000-7fab21a8d000 r--p 00000000 103:02 70262001                  /usr/lib/x86_64-linux-gnu/libc-2.31.so
7fab21a8d000-7fab21c05000 r-xp 00025000 103:02 70262001                  /usr/lib/x86_64-linux-gnu/libc-2.31.so
7fab21c05000-7fab21c4f000 r--p 0019d000 103:02 70262001                  /usr/lib/x86_64-linux-gnu/libc-2.31.so
7fab21c4f000-7fab21c50000 ---p 001e7000 103:02 70262001                  /usr/lib/x86_64-linux-gnu/libc-2.31.so
7fab21c50000-7fab21c53000 r--p 001e7000 103:02 70262001                  /usr/lib/x86_64-linux-gnu/libc-2.31.so
7fab21c53000-7fab21c56000 rw-p 001ea000 103:02 70262001                  /usr/lib/x86_64-linux-gnu/libc-2.31.so
7fab21c56000-7fab21c5a000 rw-p 00000000 00:00 0 
7fab21c5a000-7fab21c5b000 r--p 00000000 103:02 70262142                  /usr/lib/x86_64-linux-gnu/libdl-2.31.so
7fab21c5b000-7fab21c5d000 r-xp 00001000 103:02 70262142                  /usr/lib/x86_64-linux-gnu/libdl-2.31.so
7fab21c5d000-7fab21c5e000 r--p 00003000 103:02 70262142                  /usr/lib/x86_64-linux-gnu/libdl-2.31.so
7fab21c5e000-7fab21c5f000 r--p 00003000 103:02 70262142                  /usr/lib/x86_64-linux-gnu/libdl-2.31.so
7fab21c5f000-7fab21c60000 rw-p 00004000 103:02 70262142                  /usr/lib/x86_64-linux-gnu/libdl-2.31.so
7fab21c60000-7fab21c76000 r-xp 00000000 103:02 70517835                  /usr/local/MATLAB/R2018b/sys/java/jre/glnxa64/jre/lib/amd64/jli/libjli.so
7fab21c76000-7fab21e75000 ---p 00016000 103:02 70517835                  /usr/local/MATLAB/R2018b/sys/java/jre/glnxa64/jre/lib/amd64/jli/libjli.so
7fab21e75000-7fab21e76000 rw-p 00015000 103:02 70517835                  /usr/local/MATLAB/R2018b/sys/java/jre/glnxa64/jre/lib/amd64/jli/libjli.so
7fab21e76000-7fab21e7d000 r--p 00000000 103:02 70262920                  /usr/lib/x86_64-linux-gnu/libpthread-2.31.so
7fab21e7d000-7fab21e8e000 r-xp 00007000 103:02 70262920                  /usr/lib/x86_64-linux-gnu/libpthread-2.31.so
7fab21e8e000-7fab21e93000 r--p 00018000 103:02 70262920                  /usr/lib/x86_64-linux-gnu/libpthread-2.31.so
7fab21e93000-7fab21e94000 r--p 0001c000 103:02 70262920                  /usr/lib/x86_64-linux-gnu/libpthread-2.31.so
7fab21e94000-7fab21e95000 rw-p 0001d000 103:02 70262920                  /usr/lib/x86_64-linux-gnu/libpthread-2.31.so
7fab21e95000-7fab21e99000 rw-p 00000000 00:00 0 
7fab21e99000-7fab21e9a000 r--s 00002000 103:02 73534987                  /usr/local/MATLAB/R2018b/java/jarext/webservices/udc_client/udc_client.jar
7fab21e9a000-7fab21e9c000 r--s 00005000 103:02 70395645                  /usr/local/MATLAB/R2018b/java/jar/net.jar
7fab21e9c000-7fab21e9d000 r--p 00000000 103:02 70261830                  /usr/lib/x86_64-linux-gnu/libXau.so.6.0.0
7fab21e9d000-7fab21e9f000 r-xp 00001000 103:02 70261830                  /usr/lib/x86_64-linux-gnu/libXau.so.6.0.0
7fab21e9f000-7fab21ea0000 r--p 00003000 103:02 70261830                  /usr/lib/x86_64-linux-gnu/libXau.so.6.0.0
7fab21ea0000-7fab21ea1000 r--p 00003000 103:02 70261830                  /usr/lib/x86_64-linux-gnu/libXau.so.6.0.0
7fab21ea1000-7fab21ea2000 rw-p 00004000 103:02 70261830                  /usr/lib/x86_64-linux-gnu/libXau.so.6.0.0
7fab21ea2000-7fab21ea4000 r--s 00008000 103:02 70396177                  /usr/local/MATLAB/R2018b/java/jar/fatalexit.jar
7fab21ea4000-7fab21eac000 rw-s 00000000 103:02 17434126                  /tmp/hsperfdata_congchao/227742
7fab21eac000-7fab21eaf000 rw-p 00000000 00:00 0 
7fab21eaf000-7fab21eb0000 r--p 00000000 103:02 70261785                  /usr/lib/x86_64-linux-gnu/ld-2.31.so
7fab21eb0000-7fab21ed3000 r-xp 00001000 103:02 70261785                  /usr/lib/x86_64-linux-gnu/ld-2.31.so
7fab21ed3000-7fab21edb000 r--p 00024000 103:02 70261785                  /usr/lib/x86_64-linux-gnu/ld-2.31.so
7fab21edb000-7fab21edc000 r--p 00000000 00:00 0 
7fab21edc000-7fab21edd000 r--p 0002c000 103:02 70261785                  /usr/lib/x86_64-linux-gnu/ld-2.31.so
7fab21edd000-7fab21ede000 rw-p 0002d000 103:02 70261785                  /usr/lib/x86_64-linux-gnu/ld-2.31.so
7fab21ede000-7fab21edf000 rw-p 00000000 00:00 0 
7fff0b775000-7fff0b797000 rw-p 00000000 00:00 0                          [stack]
7fff0b7e7000-7fff0b7eb000 r--p 00000000 00:00 0                          [vvar]
7fff0b7eb000-7fff0b7ed000 r-xp 00000000 00:00 0                          [vdso]
ffffffffff600000-ffffffffff601000 --xp 00000000 00:00 0                  [vsyscall]

VM Arguments:
java_command: com.mathworks.fatalexit.FatalExitFrame /home/congchao/matlab_crash_dump.194178-1 -segvURL https://udc-service.mathworks.com/udc/service/v1
java_class_path (initial): /usr/local/MATLAB/R2018b/java/jar/fatalexit.jar:/usr/local/MATLAB/R2018b/java/jar/mlwebservices.jar:/usr/local/MATLAB/R2018b/java/jar/net.jar:/usr/local/MATLAB/R2018b/java/jar/webproxy.jar:/usr/local/MATLAB/R2018b/java/jarext/webservices/udc_client/udc_client.jar:/usr/local/MATLAB/R2018b/java/jarext/webservices/urlmanager/urlmanager.jar:/usr/local/MATLAB/R2018b/java/jarext/webservices/ws_client_core/mw-service-client-core.jar:/usr/local/MATLAB/R2018b/java/jarext/commons-cli.jar:/usr/local/MATLAB/R2018b/java/jarext/commons-codec.jar:/usr/local/MATLAB/R2018b/java/jarext/commons-io.jar:/usr/local/MATLAB/R2018b/java/jarext/commons-lang.jar:/usr/local/MATLAB/R2018b/java/jarext/commons-logging.jar:/usr/local/MATLAB/R2018b/java/jarext/jgoodies-looks.jar:/usr/local/MATLAB/R2018b/java/jarext/axis2/activation.jar:/usr/local/MATLAB/R2018b/java/jarext/axis2/axiom-api.jar:/usr/local/MATLAB/R2018b/java/jarext/axis2/axiom-impl.jar:/usr/local/MATLAB/R2018b/java/jarext/axis2/axis2-adb.jar:/usr/local/MATLAB/R2018b/java/jarext/axis2/axis2-kernel.jar:/usr/local/MATLAB/R2018b/java/jarext/axis2/axis2-transport-http.jar:/usr/local/MATLAB/R2018b/java/jarext/axis2/axis2-transport-local.jar:/usr/local/MATLAB/R2018b/java/jarext/axis2/commons-httpclient.jar:/usr/local/MATLAB/R2018b/java/jarext/axis2/geronimo-stax-api.jar:/usr/local/MATLAB/R2018b/java/jarext/axis2/httpcore.jar:/usr/local/MATLAB/R2018b/java/jarext/axis2/mail.jar:/usr/local/MATLAB/R2018b/java/jarext/axis2/neethi.jar:/usr/local/MATLAB/R2018b/java/jarext/axis2/wsdl4j.jar:/usr/local/MATLAB/R2018b/java/jarext/axis2/wstx-asl.jar:/usr/local/MATLAB/R2018b/java/jarext/axis2/XmlSchema.jar:/usr/local/MATLAB/R2018b/java/jar/ja_JP/fatalexit_res.jar:/usr/local/MATLAB/R2018b/java/jar/zh_CN/fatalexit_res.jar:/usr/local/MATLAB/R2018b/java/jar.ko_KR/fatalexit_res.jar
Launcher Type: SUN_STANDARD

Environment Variables:
PATH=/home/congchao/anaconda3/bin:/home/congchao/anaconda3/condabin:/home/congchao/.local/bin:/usr/local/sbin:/usr/local/bin:/usr/sbin:/usr/bin:/sbin:/bin:/usr/games:/usr/local/games:/snap/bin
USERNAME=congchao
LD_LIBRARY_PATH=/usr/local/MATLAB/R2018b/sys/java/jre/glnxa64/jre/lib/amd64/server:/usr/local/MATLAB/R2018b/sys/java/jre/glnxa64/jre/lib/amd64:/usr/local/MATLAB/R2018b/sys/java/jre/glnxa64/jre/../lib/amd64:/usr/local/MATLAB/R2018b/sys/os/glnxa64:/usr/local/MATLAB/R2018b/bin/glnxa64:/usr/local/MATLAB/R2018b/extern/lib/glnxa64:/usr/local/MATLAB/R2018b/runtime/glnxa64:/usr/local/MATLAB/R2018b/sys/java/jre/glnxa64/jre/lib/amd64/native_threads:/usr/local/MATLAB/R2018b/sys/java/jre/glnxa64/jre/lib/amd64/server
SHELL=/bin/bash
DISPLAY=:1
ARCH=glnxa64

Signal Handlers:
SIGSEGV: [libjvm.so+0xacfec0], sa_mask[0]=11111111011111111101111111111110, sa_flags=SA_RESTART|SA_SIGINFO
SIGBUS: [libjvm.so+0xacfec0], sa_mask[0]=11111111011111111101111111111110, sa_flags=SA_RESTART|SA_SIGINFO
SIGFPE: [libjvm.so+0x927e60], sa_mask[0]=11111111011111111101111111111110, sa_flags=SA_RESTART|SA_SIGINFO
SIGPIPE: [libjvm.so+0x927e60], sa_mask[0]=11111111011111111101111111111110, sa_flags=SA_RESTART|SA_SIGINFO
SIGXFSZ: [libjvm.so+0x927e60], sa_mask[0]=11111111011111111101111111111110, sa_flags=SA_RESTART|SA_SIGINFO
SIGILL: [libjvm.so+0x927e60], sa_mask[0]=11111111011111111101111111111110, sa_flags=SA_RESTART|SA_SIGINFO
SIGUSR1: SIG_DFL, sa_mask[0]=00000000000000000000000000000000, sa_flags=none
SIGUSR2: [libjvm.so+0x9296a0], sa_mask[0]=01000000001010000001000000010000, sa_flags=SA_RESTART|SA_SIGINFO
SIGHUP: [libjvm.so+0x92aaa0], sa_mask[0]=11111111011111111101111111111110, sa_flags=SA_RESTART|SA_SIGINFO
SIGINT: [libjvm.so+0x92aaa0], sa_mask[0]=11111111011111111101111111111110, sa_flags=SA_RESTART|SA_SIGINFO
SIGTERM: [libjvm.so+0x92aaa0], sa_mask[0]=11111111011111111101111111111110, sa_flags=SA_RESTART|SA_SIGINFO
SIGQUIT: [libjvm.so+0x92aaa0], sa_mask[0]=11111111011111111101111111111110, sa_flags=SA_RESTART|SA_SIGINFO


---------------  S Y S T E M  ---------------

OS:DISTRIB_ID=Ubuntu
DISTRIB_RELEASE=20.04
DISTRIB_CODENAME=focal
DISTRIB_DESCRIPTION="Ubuntu 20.04.3 LTS"

uname:Linux 5.11.0-41-generic #45~20.04.1-Ubuntu SMP Wed Nov 10 10:20:10 UTC 2021 x86_64
libc:glibc 2.31 NPTL 2.31 
rlimit: STACK 8192k, CORE 0k, NPROC 127652, NOFILE 1048576, AS infinity
load average:0.02 0.07 0.07

/proc/meminfo:
MemTotal:       32744436 kB
MemFree:         9747708 kB
MemAvailable:   20696060 kB
Buffers:         1381396 kB
Cached:          7510404 kB
SwapCached:        56484 kB
Active:          3656784 kB
Inactive:       15597172 kB
Active(anon):     211316 kB
Inactive(anon): 10273096 kB
Active(file):    3445468 kB
Inactive(file):  5324076 kB
Unevictable:          16 kB
Mlocked:              16 kB
SwapTotal:      62914556 kB
SwapFree:       62517244 kB
Dirty:              2016 kB
Writeback:             0 kB
AnonPages:      10317452 kB
Mapped:          1403908 kB
Shmem:            131568 kB
KReclaimable:    2652624 kB
Slab:            2937072 kB
SReclaimable:    2652624 kB
SUnreclaim:       284448 kB
KernelStack:       33184 kB
PageTables:        84264 kB
NFS_Unstable:          0 kB
Bounce:                0 kB
WritebackTmp:          0 kB
CommitLimit:    79286772 kB
Committed_AS:   26886104 kB
VmallocTotal:   34359738367 kB
VmallocUsed:      119268 kB
VmallocChunk:          0 kB
Percpu:            16192 kB
HardwareCorrupted:     0 kB
AnonHugePages:         0 kB
ShmemHugePages:        0 kB
ShmemPmdMapped:        0 kB
FileHugePages:         0 kB
FilePmdMapped:         0 kB
HugePages_Total:       0
HugePages_Free:        0
HugePages_Rsvd:        0
HugePages_Surp:        0
Hugepagesize:       2048 kB
Hugetlb:               0 kB
DirectMap4k:     1738412 kB
DirectMap2M:    28536832 kB
DirectMap1G:     5242880 kB


CPU:total 16 (initial active 16) (8 cores per cpu, 2 threads per core) family 6 model 167 stepping 1, cmov, cx8, fxsr, mmx, sse, sse2, sse3, ssse3, sse4.1, sse4.2, popcnt, avx, avx2, aes, clmul, erms, 3dnowpref, lzcnt, ht, tsc, tscinvbit, bmi1, bmi2, adx

/proc/cpuinfo:
processor	: 0
vendor_id	: GenuineIntel
cpu family	: 6
model		: 167
model name	: 11th Gen Intel(R) Core(TM) i7-11700KF @ 3.60GHz
stepping	: 1
microcode	: 0x40
cpu MHz		: 3600.000
cache size	: 16384 KB
physical id	: 0
siblings	: 16
core id		: 0
cpu cores	: 8
apicid		: 0
initial apicid	: 0
fpu		: yes
fpu_exception	: yes
cpuid level	: 27
wp		: yes
flags		: fpu vme de pse tsc msr pae mce cx8 apic sep mtrr pge mca cmov pat pse36 clflush dts acpi mmx fxsr sse sse2 ss ht tm pbe syscall nx pdpe1gb rdtscp lm constant_tsc art arch_perfmon pebs bts rep_good nopl xtopology nonstop_tsc cpuid aperfmperf tsc_known_freq pni pclmulqdq dtes64 monitor ds_cpl vmx est tm2 ssse3 sdbg fma cx16 xtpr pdcm pcid sse4_1 sse4_2 x2apic movbe popcnt tsc_deadline_timer aes xsave avx f16c rdrand lahf_lm abm 3dnowprefetch cpuid_fault invpcid_single ssbd ibrs ibpb stibp ibrs_enhanced tpr_shadow vnmi flexpriority ept vpid ept_ad fsgsbase tsc_adjust bmi1 avx2 smep bmi2 erms invpcid mpx avx512f avx512dq rdseed adx smap avx512ifma clflushopt intel_pt avx512cd sha_ni avx512bw avx512vl xsaveopt xsavec xgetbv1 xsaves dtherm ida arat pln pts hwp hwp_notify hwp_act_window hwp_epp hwp_pkg_req avx512vbmi umip pku ospke avx512_vbmi2 gfni vaes vpclmulqdq avx512_vnni avx512_bitalg avx512_vpopcntdq rdpid fsrm md_clear flush_l1d arch_capabilities
vmx flags	: vnmi preemption_timer posted_intr invvpid ept_x_only ept_ad ept_1gb flexpriority apicv tsc_offset vtpr mtf vapic ept vpid unrestricted_guest vapic_reg vid ple pml ept_mode_based_exec tsc_scaling
bugs		: spectre_v1 spectre_v2 spec_store_bypass swapgs
bogomips	: 7200.00
clflush size	: 64
cache_alignment	: 64
address sizes	: 39 bits physical, 48 bits virtual
power management:

processor	: 1
vendor_id	: GenuineIntel
cpu family	: 6
model		: 167
model name	: 11th Gen Intel(R) Core(TM) i7-11700KF @ 3.60GHz
stepping	: 1
microcode	: 0x40
cpu MHz		: 3600.000
cache size	: 16384 KB
physical id	: 0
siblings	: 16
core id		: 1
cpu cores	: 8
apicid		: 2
initial apicid	: 2
fpu		: yes
fpu_exception	: yes
cpuid level	: 27
wp		: yes
flags		: fpu vme de pse tsc msr pae mce cx8 apic sep mtrr pge mca cmov pat pse36 clflush dts acpi mmx fxsr sse sse2 ss ht tm pbe syscall nx pdpe1gb rdtscp lm constant_tsc art arch_perfmon pebs bts rep_good nopl xtopology nonstop_tsc cpuid aperfmperf tsc_known_freq pni pclmulqdq dtes64 monitor ds_cpl vmx est tm2 ssse3 sdbg fma cx16 xtpr pdcm pcid sse4_1 sse4_2 x2apic movbe popcnt tsc_deadline_timer aes xsave avx f16c rdrand lahf_lm abm 3dnowprefetch cpuid_fault invpcid_single ssbd ibrs ibpb stibp ibrs_enhanced tpr_shadow vnmi flexpriority ept vpid ept_ad fsgsbase tsc_adjust bmi1 avx2 smep bmi2 erms invpcid mpx avx512f avx512dq rdseed adx smap avx512ifma clflushopt intel_pt avx512cd sha_ni avx512bw avx512vl xsaveopt xsavec xgetbv1 xsaves dtherm ida arat pln pts hwp hwp_notify hwp_act_window hwp_epp hwp_pkg_req avx512vbmi umip pku ospke avx512_vbmi2 gfni vaes vpclmulqdq avx512_vnni avx512_bitalg avx512_vpopcntdq rdpid fsrm md_clear flush_l1d arch_capabilities
vmx flags	: vnmi preemption_timer posted_intr invvpid ept_x_only ept_ad ept_1gb flexpriority apicv tsc_offset vtpr mtf vapic ept vpid unrestricted_guest vapic_reg vid ple pml ept_mode_based_exec tsc_scaling
bugs		: spectre_v1 spectre_v2 spec_store_bypass swapgs
bogomips	: 7200.00
clflush size	: 64
cache_alignment	: 64
address sizes	: 39 bits physical, 48 bits virtual
power management:

processor	: 2
vendor_id	: GenuineIntel
cpu family	: 6
model		: 167
model name	: 11th Gen Intel(R) Core(TM) i7-11700KF @ 3.60GHz
stepping	: 1
microcode	: 0x40
cpu MHz		: 3600.000
cache size	: 16384 KB
physical id	: 0
siblings	: 16
core id		: 2
cpu cores	: 8
apicid		: 4
initial apicid	: 4
fpu		: yes
fpu_exception	: yes
cpuid level	: 27
wp		: yes
flags		: fpu vme de pse tsc msr pae mce cx8 apic sep mtrr pge mca cmov pat pse36 clflush dts acpi mmx fxsr sse sse2 ss ht tm pbe syscall nx pdpe1gb rdtscp lm constant_tsc art arch_perfmon pebs bts rep_good nopl xtopology nonstop_tsc cpuid aperfmperf tsc_known_freq pni pclmulqdq dtes64 monitor ds_cpl vmx est tm2 ssse3 sdbg fma cx16 xtpr pdcm pcid sse4_1 sse4_2 x2apic movbe popcnt tsc_deadline_timer aes xsave avx f16c rdrand lahf_lm abm 3dnowprefetch cpuid_fault invpcid_single ssbd ibrs ibpb stibp ibrs_enhanced tpr_shadow vnmi flexpriority ept vpid ept_ad fsgsbase tsc_adjust bmi1 avx2 smep bmi2 erms invpcid mpx avx512f avx512dq rdseed adx smap avx512ifma clflushopt intel_pt avx512cd sha_ni avx512bw avx512vl xsaveopt xsavec xgetbv1 xsaves dtherm ida arat pln pts hwp hwp_notify hwp_act_window hwp_epp hwp_pkg_req avx512vbmi umip pku ospke avx512_vbmi2 gfni vaes vpclmulqdq avx512_vnni avx512_bitalg avx512_vpopcntdq rdpid fsrm md_clear flush_l1d arch_capabilities
vmx flags	: vnmi preemption_timer posted_intr invvpid ept_x_only ept_ad ept_1gb flexpriority apicv tsc_offset vtpr mtf vapic ept vpid unrestricted_guest vapic_reg vid ple pml ept_mode_based_exec tsc_scaling
bugs		: spectre_v1 spectre_v2 spec_store_bypass swapgs
bogomips	: 7200.00
clflush size	: 64
cache_alignment	: 64
address sizes	: 39 bits physical, 48 bits virtual
power management:

processor	: 3
vendor_id	: GenuineIntel
cpu family	: 6
model		: 167
model name	: 11th Gen Intel(R) Core(TM) i7-11700KF @ 3.60GHz
stepping	: 1
microcode	: 0x40
cpu MHz		: 3600.000
cache size	: 16384 KB
physical id	: 0
siblings	: 16
core id		: 3
cpu cores	: 8
apicid		: 6
initial apicid	: 6
fpu		: yes
fpu_exception	: yes
cpuid level	: 27
wp		: yes
flags		: fpu vme de pse tsc msr pae mce cx8 apic sep mtrr pge mca cmov pat pse36 clflush dts acpi mmx fxsr sse sse2 ss ht tm pbe syscall nx pdpe1gb rdtscp lm constant_tsc art arch_perfmon pebs bts rep_good nopl xtopology nonstop_tsc cpuid aperfmperf tsc_known_freq pni pclmulqdq dtes64 monitor ds_cpl vmx est tm2 ssse3 sdbg fma cx16 xtpr pdcm pcid sse4_1 sse4_2 x2apic movbe popcnt tsc_deadline_timer aes xsave avx f16c rdrand lahf_lm abm 3dnowprefetch cpuid_fault invpcid_single ssbd ibrs ibpb stibp ibrs_enhanced tpr_shadow vnmi flexpriority ept vpid ept_ad fsgsbase tsc_adjust bmi1 avx2 smep bmi2 erms invpcid mpx avx512f avx512dq rdseed adx smap avx512ifma clflushopt intel_pt avx512cd sha_ni avx512bw avx512vl xsaveopt xsavec xgetbv1 xsaves dtherm ida arat pln pts hwp hwp_notify hwp_act_window hwp_epp hwp_pkg_req avx512vbmi umip pku ospke avx512_vbmi2 gfni vaes vpclmulqdq avx512_vnni avx512_bitalg avx512_vpopcntdq rdpid fsrm md_clear flush_l1d arch_capabilities
vmx flags	: vnmi preemption_timer posted_intr invvpid ept_x_only ept_ad ept_1gb flexpriority apicv tsc_offset vtpr mtf vapic ept vpid unrestricted_guest vapic_reg vid ple pml ept_mode_based_exec tsc_scaling
bugs		: spectre_v1 spectre_v2 spec_store_bypass swapgs
bogomips	: 7200.00
clflush size	: 64
cache_alignment	: 64
address sizes	: 39 bits physical, 48 bits virtual
power management:

processor	: 4
vendor_id	: GenuineIntel
cpu family	: 6
model		: 167
model name	: 11th Gen Intel(R) Core(TM) i7-11700KF @ 3.60GHz
stepping	: 1
microcode	: 0x40
cpu MHz		: 3600.000
cache size	: 16384 KB
physical id	: 0
siblings	: 16
core id		: 4
cpu cores	: 8
apicid		: 8
initial apicid	: 8
fpu		: yes
fpu_exception	: yes
cpuid level	: 27
wp		: yes
flags		: fpu vme de pse tsc msr pae mce cx8 apic sep mtrr pge mca cmov pat pse36 clflush dts acpi mmx fxsr sse sse2 ss ht tm pbe syscall nx pdpe1gb rdtscp lm constant_tsc art arch_perfmon pebs bts rep_good nopl xtopology nonstop_tsc cpuid aperfmperf tsc_known_freq pni pclmulqdq dtes64 monitor ds_cpl vmx est tm2 ssse3 sdbg fma cx16 xtpr pdcm pcid sse4_1 sse4_2 x2apic movbe popcnt tsc_deadline_timer aes xsave avx f16c rdrand lahf_lm abm 3dnowprefetch cpuid_fault invpcid_single ssbd ibrs ibpb stibp ibrs_enhanced tpr_shadow vnmi flexpriority ept vpid ept_ad fsgsbase tsc_adjust bmi1 avx2 smep bmi2 erms invpcid mpx avx512f avx512dq rdseed adx smap avx512ifma clflushopt intel_pt avx512cd sha_ni avx512bw avx512vl xsaveopt xsavec xgetbv1 xsaves dtherm ida arat pln pts hwp hwp_notify hwp_act_window hwp_epp hwp_pkg_req avx512vbmi umip pku ospke avx512_vbmi2 gfni vaes vpclmulqdq avx512_vnni avx512_bitalg avx512_vpopcntdq rdpid fsrm md_clear flush_l1d arch_capabilities
vmx flags	: vnmi preemption_timer posted_intr invvpid ept_x_only ept_ad ept_1gb flexpriority apicv tsc_offset vtpr mtf vapic ept vpid unrestricted_guest vapic_reg vid ple pml ept_mode_based_exec tsc_scaling
bugs		: spectre_v1 spectre_v2 spec_store_bypass swapgs
bogomips	: 7200.00
clflush size	: 64
cache_alignment	: 64
address sizes	: 39 bits physical, 48 bits virtual
power management:

processor	: 5
vendor_id	: GenuineIntel
cpu family	: 6
model		: 167
model name	: 11th Gen Intel(R) Core(TM) i7-11700KF @ 3.60GHz
stepping	: 1
microcode	: 0x40
cpu MHz		: 3600.000
cache size	: 16384 KB
physical id	: 0
siblings	: 16
core id		: 5
cpu cores	: 8
apicid		: 10
initial apicid	: 10
fpu		: yes
fpu_exception	: yes
cpuid level	: 27
wp		: yes
flags		: fpu vme de pse tsc msr pae mce cx8 apic sep mtrr pge mca cmov pat pse36 clflush dts acpi mmx fxsr sse sse2 ss ht tm pbe syscall nx pdpe1gb rdtscp lm constant_tsc art arch_perfmon pebs bts rep_good nopl xtopology nonstop_tsc cpuid aperfmperf tsc_known_freq pni pclmulqdq dtes64 monitor ds_cpl vmx est tm2 ssse3 sdbg fma cx16 xtpr pdcm pcid sse4_1 sse4_2 x2apic movbe popcnt tsc_deadline_timer aes xsave avx f16c rdrand lahf_lm abm 3dnowprefetch cpuid_fault invpcid_single ssbd ibrs ibpb stibp ibrs_enhanced tpr_shadow vnmi flexpriority ept vpid ept_ad fsgsbase tsc_adjust bmi1 avx2 smep bmi2 erms invpcid mpx avx512f avx512dq rdseed adx smap avx512ifma clflushopt intel_pt avx512cd sha_ni avx512bw avx512vl xsaveopt xsavec xgetbv1 xsaves dtherm ida arat pln pts hwp hwp_notify hwp_act_window hwp_epp hwp_pkg_req avx512vbmi umip pku ospke avx512_vbmi2 gfni vaes vpclmulqdq avx512_vnni avx512_bitalg avx512_vpopcntdq rdpid fsrm md_clear flush_l1d arch_capabilities
vmx flags	: vnmi preemption_timer posted_intr invvpid ept_x_only ept_ad ept_1gb flexpriority apicv tsc_offset vtpr mtf vapic ept vpid unrestricted_guest vapic_reg vid ple pml ept_mode_based_exec tsc_scaling
bugs		: spectre_v1 spectre_v2 spec_store_bypass swapgs
bogomips	: 7200.00
clflush size	: 64
cache_alignment	: 64
address sizes	: 39 bits physical, 48 bits virtual
power management:

processor	: 6
vendor_id	: GenuineIntel
cpu family	: 6
model		: 167
model name	: 11th Gen Intel(R) Core(TM) i7-11700KF @ 3.60GHz
stepping	: 1
microcode	: 0x40
cpu MHz		: 3600.000
cache size	: 16384 KB
physical id	: 0
siblings	: 16
core id		: 6
cpu cores	: 8
apicid		: 12
initial apicid	: 12
fpu		: yes
fpu_exception	: yes
cpuid level	: 27
wp		: yes
flags		: fpu vme de pse tsc msr pae mce cx8 apic sep mtrr pge mca cmov pat pse36 clflush dts acpi mmx fxsr sse sse2 ss ht tm pbe syscall nx pdpe1gb rdtscp lm constant_tsc art arch_perfmon pebs bts rep_good nopl xtopology nonstop_tsc cpuid aperfmperf tsc_known_freq pni pclmulqdq dtes64 monitor ds_cpl vmx est tm2 ssse3 sdbg fma cx16 xtpr pdcm pcid sse4_1 sse4_2 x2apic movbe popcnt tsc_deadline_timer aes xsave avx f16c rdrand lahf_lm abm 3dnowprefetch cpuid_fault invpcid_single ssbd ibrs ibpb stibp ibrs_enhanced tpr_shadow vnmi flexpriority ept vpid ept_ad fsgsbase tsc_adjust bmi1 avx2 smep bmi2 erms invpcid mpx avx512f avx512dq rdseed adx smap avx512ifma clflushopt intel_pt avx512cd sha_ni avx512bw avx512vl xsaveopt xsavec xgetbv1 xsaves dtherm ida arat pln pts hwp hwp_notify hwp_act_window hwp_epp hwp_pkg_req avx512vbmi umip pku ospke avx512_vbmi2 gfni vaes vpclmulqdq avx512_vnni avx512_bitalg avx512_vpopcntdq rdpid fsrm md_clear flush_l1d arch_capabilities
vmx flags	: vnmi preemption_timer posted_intr invvpid ept_x_only ept_ad ept_1gb flexpriority apicv tsc_offset vtpr mtf vapic ept vpid unrestricted_guest vapic_reg vid ple pml ept_mode_based_exec tsc_scaling
bugs		: spectre_v1 spectre_v2 spec_store_bypass swapgs
bogomips	: 7200.00
clflush size	: 64
cache_alignment	: 64
address sizes	: 39 bits physical, 48 bits virtual
power management:

processor	: 7
vendor_id	: GenuineIntel
cpu family	: 6
model		: 167
model name	: 11th Gen Intel(R) Core(TM) i7-11700KF @ 3.60GHz
stepping	: 1
microcode	: 0x40
cpu MHz		: 3600.000
cache size	: 16384 KB
physical id	: 0
siblings	: 16
core id		: 7
cpu cores	: 8
apicid		: 14
initial apicid	: 14
fpu		: yes
fpu_exception	: yes
cpuid level	: 27
wp		: yes
flags		: fpu vme de pse tsc msr pae mce cx8 apic sep mtrr pge mca cmov pat pse36 clflush dts acpi mmx fxsr sse sse2 ss ht tm pbe syscall nx pdpe1gb rdtscp lm constant_tsc art arch_perfmon pebs bts rep_good nopl xtopology nonstop_tsc cpuid aperfmperf tsc_known_freq pni pclmulqdq dtes64 monitor ds_cpl vmx est tm2 ssse3 sdbg fma cx16 xtpr pdcm pcid sse4_1 sse4_2 x2apic movbe popcnt tsc_deadline_timer aes xsave avx f16c rdrand lahf_lm abm 3dnowprefetch cpuid_fault invpcid_single ssbd ibrs ibpb stibp ibrs_enhanced tpr_shadow vnmi flexpriority ept vpid ept_ad fsgsbase tsc_adjust bmi1 avx2 smep bmi2 erms invpcid mpx avx512f avx512dq rdseed adx smap avx512ifma clflushopt intel_pt avx512cd sha_ni avx512bw avx512vl xsaveopt xsavec xgetbv1 xsaves dtherm ida arat pln pts hwp hwp_notify hwp_act_window hwp_epp hwp_pkg_req avx512vbmi umip pku ospke avx512_vbmi2 gfni vaes vpclmulqdq avx512_vnni avx512_bitalg avx512_vpopcntdq rdpid fsrm md_clear flush_l1d arch_capabilities
vmx flags	: vnmi preemption_timer posted_intr invvpid ept_x_only ept_ad ept_1gb flexpriority apicv tsc_offset vtpr mtf vapic ept vpid unrestricted_guest vapic_reg vid ple pml ept_mode_based_exec tsc_scaling
bugs		: spectre_v1 spectre_v2 spec_store_bypass swapgs
bogomips	: 7200.00
clflush size	: 64
cache_alignment	: 64
address sizes	: 39 bits physical, 48 bits virtual
power management:

processor	: 8
vendor_id	: GenuineIntel
cpu family	: 6
model		: 167
model name	: 11th Gen Intel(R) Core(TM) i7-11700KF @ 3.60GHz
stepping	: 1
microcode	: 0x40
cpu MHz		: 3600.000
cache size	: 16384 KB
physical id	: 0
siblings	: 16
core id		: 0
cpu cores	: 8
apicid		: 1
initial apicid	: 1
fpu		: yes
fpu_exception	: yes
cpuid level	: 27
wp		: yes
flags		: fpu vme de pse tsc msr pae mce cx8 apic sep mtrr pge mca cmov pat pse36 clflush dts acpi mmx fxsr sse sse2 ss ht tm pbe syscall nx pdpe1gb rdtscp lm constant_tsc art arch_perfmon pebs bts rep_good nopl xtopology nonstop_tsc cpuid aperfmperf tsc_known_freq pni pclmulqdq dtes64 monitor ds_cpl vmx est tm2 ssse3 sdbg fma cx16 xtpr pdcm pcid sse4_1 sse4_2 x2apic movbe popcnt tsc_deadline_timer aes xsave avx f16c rdrand lahf_lm abm 3dnowprefetch cpuid_fault invpcid_single ssbd ibrs ibpb stibp ibrs_enhanced tpr_shadow vnmi flexpriority ept vpid ept_ad fsgsbase tsc_adjust bmi1 avx2 smep bmi2 erms invpcid mpx avx512f avx512dq rdseed adx smap avx512ifma clflushopt intel_pt avx512cd sha_ni avx512bw avx512vl xsaveopt xsavec xgetbv1 xsaves dtherm ida arat pln pts hwp hwp_notify hwp_act_window hwp_epp hwp_pkg_req avx512vbmi umip pku ospke avx512_vbmi2 gfni vaes vpclmulqdq avx512_vnni avx512_bitalg avx512_vpopcntdq rdpid fsrm md_clear flush_l1d arch_capabilities
vmx flags	: vnmi preemption_timer posted_intr invvpid ept_x_only ept_ad ept_1gb flexpriority apicv tsc_offset vtpr mtf vapic ept vpid unrestricted_guest vapic_reg vid ple pml ept_mode_based_exec tsc_scaling
bugs		: spectre_v1 spectre_v2 spec_store_bypass swapgs
bogomips	: 7200.00
clflush size	: 64
cache_alignment	: 64
address sizes	: 39 bits physical, 48 bits virtual
power management:

processor	: 9
vendor_id	: GenuineIntel
cpu family	: 6
model		: 167
model name	: 11th Gen Intel(R) Core(TM) i7-11700KF @ 3.60GHz
stepping	: 1
microcode	: 0x40
cpu MHz		: 3600.000
cache size	: 16384 KB
physical id	: 0
siblings	: 16
core id		: 1
cpu cores	: 8
apicid		: 3
initial apicid	: 3
fpu		: yes
fpu_exception	: yes
cpuid level	: 27
wp		: yes
flags		: fpu vme de pse tsc msr pae mce cx8 apic sep mtrr pge mca cmov pat pse36 clflush dts acpi mmx fxsr sse sse2 ss ht tm pbe syscall nx pdpe1gb rdtscp lm constant_tsc art arch_perfmon pebs bts rep_good nopl xtopology nonstop_tsc cpuid aperfmperf tsc_known_freq pni pclmulqdq dtes64 monitor ds_cpl vmx est tm2 ssse3 sdbg fma cx16 xtpr pdcm pcid sse4_1 sse4_2 x2apic movbe popcnt tsc_deadline_timer aes xsave avx f16c rdrand lahf_lm abm 3dnowprefetch cpuid_fault invpcid_single ssbd ibrs ibpb stibp ibrs_enhanced tpr_shadow vnmi flexpriority ept vpid ept_ad fsgsbase tsc_adjust bmi1 avx2 smep bmi2 erms invpcid mpx avx512f avx512dq rdseed adx smap avx512ifma clflushopt intel_pt avx512cd sha_ni avx512bw avx512vl xsaveopt xsavec xgetbv1 xsaves dtherm ida arat pln pts hwp hwp_notify hwp_act_window hwp_epp hwp_pkg_req avx512vbmi umip pku ospke avx512_vbmi2 gfni vaes vpclmulqdq avx512_vnni avx512_bitalg avx512_vpopcntdq rdpid fsrm md_clear flush_l1d arch_capabilities
vmx flags	: vnmi preemption_timer posted_intr invvpid ept_x_only ept_ad ept_1gb flexpriority apicv tsc_offset vtpr mtf vapic ept vpid unrestricted_guest vapic_reg vid ple pml ept_mode_based_exec tsc_scaling
bugs		: spectre_v1 spectre_v2 spec_store_bypass swapgs
bogomips	: 7200.00
clflush size	: 64
cache_alignment	: 64
address sizes	: 39 bits physical, 48 bits virtual
power management:

processor	: 10
vendor_id	: GenuineIntel
cpu family	: 6
model		: 167
model name	: 11th Gen Intel(R) Core(TM) i7-11700KF @ 3.60GHz
stepping	: 1
microcode	: 0x40
cpu MHz		: 3600.000
cache size	: 16384 KB
physical id	: 0
siblings	: 16
core id		: 2
cpu cores	: 8
apicid		: 5
initial apicid	: 5
fpu		: yes
fpu_exception	: yes
cpuid level	: 27
wp		: yes
flags		: fpu vme de pse tsc msr pae mce cx8 apic sep mtrr pge mca cmov pat pse36 clflush dts acpi mmx fxsr sse sse2 ss ht tm pbe syscall nx pdpe1gb rdtscp lm constant_tsc art arch_perfmon pebs bts rep_good nopl xtopology nonstop_tsc cpuid aperfmperf tsc_known_freq pni pclmulqdq dtes64 monitor ds_cpl vmx est tm2 ssse3 sdbg fma cx16 xtpr pdcm pcid sse4_1 sse4_2 x2apic movbe popcnt tsc_deadline_timer aes xsave avx f16c rdrand lahf_lm abm 3dnowprefetch cpuid_fault invpcid_single ssbd ibrs ibpb stibp ibrs_enhanced tpr_shadow vnmi flexpriority ept vpid ept_ad fsgsbase tsc_adjust bmi1 avx2 smep bmi2 erms invpcid mpx avx512f avx512dq rdseed adx smap avx512ifma clflushopt intel_pt avx512cd sha_ni avx512bw avx512vl xsaveopt xsavec xgetbv1 xsaves dtherm ida arat pln pts hwp hwp_notify hwp_act_window hwp_epp hwp_pkg_req avx512vbmi umip pku ospke avx512_vbmi2 gfni vaes vpclmulqdq avx512_vnni avx512_bitalg avx512_vpopcntdq rdpid fsrm md_clear flush_l1d arch_capabilities
vmx flags	: vnmi preemption_timer posted_intr invvpid ept_x_only ept_ad ept_1gb flexpriority apicv tsc_offset vtpr mtf vapic ept vpid unrestricted_guest vapic_reg vid ple pml ept_mode_based_exec tsc_scaling
bugs		: spectre_v1 spectre_v2 spec_store_bypass swapgs
bogomips	: 7200.00
clflush size	: 64
cache_alignment	: 64
address sizes	: 39 bits physical, 48 bits virtual
power management:

processor	: 11
vendor_id	: GenuineIntel
cpu family	: 6
model		: 167
model name	: 11th Gen Intel(R) Core(TM) i7-11700KF @ 3.60GHz
stepping	: 1
microcode	: 0x40
cpu MHz		: 3600.000
cache size	: 16384 KB
physical id	: 0
siblings	: 16
core id		: 3
cpu cores	: 8
apicid		: 7
initial apicid	: 7
fpu		: yes
fpu_exception	: yes
cpuid level	: 27
wp		: yes
flags		: fpu vme de pse tsc msr pae mce cx8 apic sep mtrr pge mca cmov pat pse36 clflush dts acpi mmx fxsr sse sse2 ss ht tm pbe syscall nx pdpe1gb rdtscp lm constant_tsc art arch_perfmon pebs bts rep_good nopl xtopology nonstop_tsc cpuid aperfmperf tsc_known_freq pni pclmulqdq dtes64 monitor ds_cpl vmx est tm2 ssse3 sdbg fma cx16 xtpr pdcm pcid sse4_1 sse4_2 x2apic movbe popcnt tsc_deadline_timer aes xsave avx f16c rdrand lahf_lm abm 3dnowprefetch cpuid_fault invpcid_single ssbd ibrs ibpb stibp ibrs_enhanced tpr_shadow vnmi flexpriority ept vpid ept_ad fsgsbase tsc_adjust bmi1 avx2 smep bmi2 erms invpcid mpx avx512f avx512dq rdseed adx smap avx512ifma clflushopt intel_pt avx512cd sha_ni avx512bw avx512vl xsaveopt xsavec xgetbv1 xsaves dtherm ida arat pln pts hwp hwp_notify hwp_act_window hwp_epp hwp_pkg_req avx512vbmi umip pku ospke avx512_vbmi2 gfni vaes vpclmulqdq avx512_vnni avx512_bitalg avx512_vpopcntdq rdpid fsrm md_clear flush_l1d arch_capabilities
vmx flags	: vnmi preemption_timer posted_intr invvpid ept_x_only ept_ad ept_1gb flexpriority apicv tsc_offset vtpr mtf vapic ept vpid unrestricted_guest vapic_reg vid ple pml ept_mode_based_exec tsc_scaling
bugs		: spectre_v1 spectre_v2 spec_store_bypass swapgs
bogomips	: 7200.00
clflush size	: 64
cache_alignment	: 64
address sizes	: 39 bits physical, 48 bits virtual
power management:

processor	: 12
vendor_id	: GenuineIntel
cpu family	: 6
model		: 167
model name	: 11th Gen Intel(R) Core(TM) i7-11700KF @ 3.60GHz
stepping	: 1
microcode	: 0x40
cpu MHz		: 4300.445
cache size	: 16384 KB
physical id	: 0
siblings	: 16
core id		: 4
cpu cores	: 8
apicid		: 9
initial apicid	: 9
fpu		: yes
fpu_exception	: yes
cpuid level	: 27
wp		: yes
flags		: fpu vme de pse tsc msr pae mce cx8 apic sep mtrr pge mca cmov pat pse36 clflush dts acpi mmx fxsr sse sse2 ss ht tm pbe syscall nx pdpe1gb rdtscp lm constant_tsc art arch_perfmon pebs bts rep_good nopl xtopology nonstop_tsc cpuid aperfmperf tsc_known_freq pni pclmulqdq dtes64 monitor ds_cpl vmx est tm2 ssse3 sdbg fma cx16 xtpr pdcm pcid sse4_1 sse4_2 x2apic movbe popcnt tsc_deadline_timer aes xsave avx f16c rdrand lahf_lm abm 3dnowprefetch cpuid_fault invpcid_single ssbd ibrs ibpb stibp ibrs_enhanced tpr_shadow vnmi flexpriority ept vpid ept_ad fsgsbase tsc_adjust bmi1 avx2 smep bmi2 erms invpcid mpx avx512f avx512dq rdseed adx smap avx512ifma clflushopt intel_pt avx512cd sha_ni avx512bw avx512vl xsaveopt xsavec xgetbv1 xsaves dtherm ida arat pln pts hwp hwp_notify hwp_act_window hwp_epp hwp_pkg_req avx512vbmi umip pku ospke avx512_vbmi2 gfni vaes vpclmulqdq avx512_vnni avx512_bitalg avx512_vpopcntdq rdpid fsrm md_clear flush_l1d arch_capabilities
vmx flags	: vnmi preemption_timer posted_intr invvpid ept_x_only ept_ad ept_1gb flexpriority apicv tsc_offset vtpr mtf vapic ept vpid unrestricted_guest vapic_reg vid ple pml ept_mode_based_exec tsc_scaling
bugs		: spectre_v1 spectre_v2 spec_store_bypass swapgs
bogomips	: 7200.00
clflush size	: 64
cache_alignment	: 64
address sizes	: 39 bits physical, 48 bits virtual
power management:

processor	: 13
vendor_id	: GenuineIntel
cpu family	: 6
model		: 167
model name	: 11th Gen Intel(R) Core(TM) i7-11700KF @ 3.60GHz
stepping	: 1
microcode	: 0x40
cpu MHz		: 3037.353
cache size	: 16384 KB
physical id	: 0
siblings	: 16
core id		: 5
cpu cores	: 8
apicid		: 11
initial apicid	: 11
fpu		: yes
fpu_exception	: yes
cpuid level	: 27
wp		: yes
flags		: fpu vme de pse tsc msr pae mce cx8 apic sep mtrr pge mca cmov pat pse36 clflush dts acpi mmx fxsr sse sse2 ss ht tm pbe syscall nx pdpe1gb rdtscp lm constant_tsc art arch_perfmon pebs bts rep_good nopl xtopology nonstop_tsc cpuid aperfmperf tsc_known_freq pni pclmulqdq dtes64 monitor ds_cpl vmx est tm2 ssse3 sdbg fma cx16 xtpr pdcm pcid sse4_1 sse4_2 x2apic movbe popcnt tsc_deadline_timer aes xsave avx f16c rdrand lahf_lm abm 3dnowprefetch cpuid_fault invpcid_single ssbd ibrs ibpb stibp ibrs_enhanced tpr_shadow vnmi flexpriority ept vpid ept_ad fsgsbase tsc_adjust bmi1 avx2 smep bmi2 erms invpcid mpx avx512f avx512dq rdseed adx smap avx512ifma clflushopt intel_pt avx512cd sha_ni avx512bw avx512vl xsaveopt xsavec xgetbv1 xsaves dtherm ida arat pln pts hwp hwp_notify hwp_act_window hwp_epp hwp_pkg_req avx512vbmi umip pku ospke avx512_vbmi2 gfni vaes vpclmulqdq avx512_vnni avx512_bitalg avx512_vpopcntdq rdpid fsrm md_clear flush_l1d arch_capabilities
vmx flags	: vnmi preemption_timer posted_intr invvpid ept_x_only ept_ad ept_1gb flexpriority apicv tsc_offset vtpr mtf vapic ept vpid unrestricted_guest vapic_reg vid ple pml ept_mode_based_exec tsc_scaling
bugs		: spectre_v1 spectre_v2 spec_store_bypass swapgs
bogomips	: 7200.00
clflush size	: 64
cache_alignment	: 64
address sizes	: 39 bits physical, 48 bits virtual
power management:

processor	: 14
vendor_id	: GenuineIntel
cpu family	: 6
model		: 167
model name	: 11th Gen Intel(R) Core(TM) i7-11700KF @ 3.60GHz
stepping	: 1
microcode	: 0x40
cpu MHz		: 3600.000
cache size	: 16384 KB
physical id	: 0
siblings	: 16
core id		: 6
cpu cores	: 8
apicid		: 13
initial apicid	: 13
fpu		: yes
fpu_exception	: yes
cpuid level	: 27
wp		: yes
flags		: fpu vme de pse tsc msr pae mce cx8 apic sep mtrr pge mca cmov pat pse36 clflush dts acpi mmx fxsr sse sse2 ss ht tm pbe syscall nx pdpe1gb rdtscp lm constant_tsc art arch_perfmon pebs bts rep_good nopl xtopology nonstop_tsc cpuid aperfmperf tsc_known_freq pni pclmulqdq dtes64 monitor ds_cpl vmx est tm2 ssse3 sdbg fma cx16 xtpr pdcm pcid sse4_1 sse4_2 x2apic movbe popcnt tsc_deadline_timer aes xsave avx f16c rdrand lahf_lm abm 3dnowprefetch cpuid_fault invpcid_single ssbd ibrs ibpb stibp ibrs_enhanced tpr_shadow vnmi flexpriority ept vpid ept_ad fsgsbase tsc_adjust bmi1 avx2 smep bmi2 erms invpcid mpx avx512f avx512dq rdseed adx smap avx512ifma clflushopt intel_pt avx512cd sha_ni avx512bw avx512vl xsaveopt xsavec xgetbv1 xsaves dtherm ida arat pln pts hwp hwp_notify hwp_act_window hwp_epp hwp_pkg_req avx512vbmi umip pku ospke avx512_vbmi2 gfni vaes vpclmulqdq avx512_vnni avx512_bitalg avx512_vpopcntdq rdpid fsrm md_clear flush_l1d arch_capabilities
vmx flags	: vnmi preemption_timer posted_intr invvpid ept_x_only ept_ad ept_1gb flexpriority apicv tsc_offset vtpr mtf vapic ept vpid unrestricted_guest vapic_reg vid ple pml ept_mode_based_exec tsc_scaling
bugs		: spectre_v1 spectre_v2 spec_store_bypass swapgs
bogomips	: 7200.00
clflush size	: 64
cache_alignment	: 64
address sizes	: 39 bits physical, 48 bits virtual
power management:

processor	: 15
vendor_id	: GenuineIntel
cpu family	: 6
model		: 167
model name	: 11th Gen Intel(R) Core(TM) i7-11700KF @ 3.60GHz
stepping	: 1
microcode	: 0x40
cpu MHz		: 1171.847
cache size	: 16384 KB
physical id	: 0
siblings	: 16
core id		: 7
cpu cores	: 8
apicid		: 15
initial apicid	: 15
fpu		: yes
fpu_exception	: yes
cpuid level	: 27
wp		: yes
flags		: fpu vme de pse tsc msr pae mce cx8 apic sep mtrr pge mca cmov pat pse36 clflush dts acpi mmx fxsr sse sse2 ss ht tm pbe syscall nx pdpe1gb rdtscp lm constant_tsc art arch_perfmon pebs bts rep_good nopl xtopology nonstop_tsc cpuid aperfmperf tsc_known_freq pni pclmulqdq dtes64 monitor ds_cpl vmx est tm2 ssse3 sdbg fma cx16 xtpr pdcm pcid sse4_1 sse4_2 x2apic movbe popcnt tsc_deadline_timer aes xsave avx f16c rdrand lahf_lm abm 3dnowprefetch cpuid_fault invpcid_single ssbd ibrs ibpb stibp ibrs_enhanced tpr_shadow vnmi flexpriority ept vpid ept_ad fsgsbase tsc_adjust bmi1 avx2 smep bmi2 erms invpcid mpx avx512f avx512dq rdseed adx smap avx512ifma clflushopt intel_pt avx512cd sha_ni avx512bw avx512vl xsaveopt xsavec xgetbv1 xsaves dtherm ida arat pln pts hwp hwp_notify hwp_act_window hwp_epp hwp_pkg_req avx512vbmi umip pku ospke avx512_vbmi2 gfni vaes vpclmulqdq avx512_vnni avx512_bitalg avx512_vpopcntdq rdpid fsrm md_clear flush_l1d arch_capabilities
vmx flags	: vnmi preemption_timer posted_intr invvpid ept_x_only ept_ad ept_1gb flexpriority apicv tsc_offset vtpr mtf vapic ept vpid unrestricted_guest vapic_reg vid ple pml ept_mode_based_exec tsc_scaling
bugs		: spectre_v1 spectre_v2 spec_store_bypass swapgs
bogomips	: 7200.00
clflush size	: 64
cache_alignment	: 64
address sizes	: 39 bits physical, 48 bits virtual
power management:



Memory: 4k page, physical 32744436k(9763200k free), swap 62914556k(62517244k free)

vm_info: Java HotSpot(TM) 64-Bit Server VM (25.152-b16) for linux-amd64 JRE (1.8.0_152-b16), built on Sep 14 2017 02:16:14 by "java_re" with gcc 4.3.0 20080428 (Red Hat 4.3.0-8)

time: Mon Sep 12 03:11:33 2022
elapsed time: 2 seconds (0d 0h 0m 2s)

